[01m[K/home/juchunyu/dog_ws/src/dog_control/src/dog_driver_node.cpp:[m[K In constructor â€˜[01m[KDogDriverNode::[01;32m[KDogDriverNode[m[K()[m[Kâ€™:
[01m[K/home/juchunyu/dog_ws/src/dog_control/src/dog_driver_node.cpp:37:41:[m[K [01;31m[Kerror: [m[Kâ€˜[01m[KrobotStateCallback[m[Kâ€™ is not a member of â€˜[01m[KDogDriverNode[m[Kâ€™
   37 |         50ms, std::bind(&DogDriverNode::[01;31m[KrobotStateCallback[m[K, this));
      |                                         [01;31m[K^~~~~~~~~~~~~~~~~~[m[K
[01m[K/home/juchunyu/dog_ws/src/dog_control/src/dog_driver_node.cpp:[m[K At global scope:
[01m[K/home/juchunyu/dog_ws/src/dog_control/src/dog_driver_node.cpp:81:6:[m[K [01;31m[Kerror: [m[Kno declaration matches â€˜[01m[Kvoid DogDriverNode::[01;32m[KrobotStateCallback[m[K()[m[Kâ€™
   81 | void [01;31m[KDogDriverNode[m[K::robotStateCallback()
      |      [01;31m[K^~~~~~~~~~~~~[m[K
[01m[K/home/juchunyu/dog_ws/src/dog_control/src/dog_driver_node.cpp:81:6:[m[K [01;36m[Knote: [m[Kno functions named â€˜[01m[Kvoid DogDriverNode::[01;32m[KrobotStateCallback[m[K()[m[Kâ€™
In file included from [01m[K/home/juchunyu/dog_ws/src/dog_control/src/dog_driver_node.cpp:2[m[K:
[01m[K/home/juchunyu/dog_ws/src/dog_control/include/dog_driver.h:42:7:[m[K [01;36m[Knote: [m[Kâ€˜[01m[Kclass DogDriverNode[m[Kâ€™ defined here
   42 | class [01;36m[KDogDriverNode[m[K : public rclcpp::Node
      |       [01;36m[K^~~~~~~~~~~~~[m[K
gmake[2]: *** [CMakeFiles/dog_driver_node.dir/build.make:76ï¼šCMakeFiles/dog_driver_node.dir/src/dog_driver_node.cpp.o] é”™è¯¯ 1
gmake[1]: *** [CMakeFiles/Makefile2:139ï¼šCMakeFiles/dog_driver_node.dir/all] é”™è¯¯ 2
gmake: *** [Makefile:146ï¼šall] é”™è¯¯ 2
