In file included from [01m[K/home/juchunyu/dog_ws/src/dog_control/src/dog_driver_node.cpp:1[m[K:
[01m[K/home/juchunyu/dog_ws/src/dog_control/include/dog_driver.h:97:38:[m[K [01;31m[Kerror: [m[Kâ€˜[01m[KUInt32[m[Kâ€™ is not a member of â€˜[01m[Kstd_msgs::msg[m[Kâ€™
   97 |     rclcpp::Publisher<std_msgs::msg::[01;31m[KUInt32[m[K>::SharedPtr pub_mode_;
      |                                      [01;31m[K^~~~~~[m[K
[01m[K/home/juchunyu/dog_ws/src/dog_control/include/dog_driver.h:97:44:[m[K [01;31m[Kerror: [m[Ktemplate argument 1 is invalid
   97 |     rclcpp::Publisher<std_msgs::msg::UInt32[01;31m[K>[m[K::SharedPtr pub_mode_;
      |                                            [01;31m[K^[m[K
[01m[K/home/juchunyu/dog_ws/src/dog_control/include/dog_driver.h:97:47:[m[K [01;31m[Kerror: [m[Kexpected â€˜[01m[K;[m[Kâ€™ at end of member declaration
   97 |     rclcpp::Publisher<std_msgs::msg::UInt32>::[01;31m[KSharedPtr[m[K pub_mode_;
      |                                               [01;31m[K^~~~~~~~~[m[K
      |                                                        [32m[K;[m[K
[01m[K/home/juchunyu/dog_ws/src/dog_control/include/dog_driver.h:97:57:[m[K [01;31m[Kerror: [m[Kâ€˜[01m[Kpub_mode_[m[Kâ€™ does not name a type
   97 |     rclcpp::Publisher<std_msgs::msg::UInt32>::SharedPtr [01;31m[Kpub_mode_[m[K;
      |                                                         [01;31m[K^~~~~~~~~[m[K
[01m[K/home/juchunyu/dog_ws/src/dog_control/src/dog_driver_node.cpp:[m[K In member function â€˜[01m[Kvoid DogDriverNode::[01;32m[KinitROS2Node[m[K()[m[Kâ€™:
[01m[K/home/juchunyu/dog_ws/src/dog_control/src/dog_driver_node.cpp:30:5:[m[K [01;31m[Kerror: [m[Kâ€˜[01m[Kpub_mode_[m[Kâ€™ was not declared in this scope; did you mean â€˜[01m[Kpub_odom_[m[Kâ€™?
   30 |     [01;31m[Kpub_mode_[m[K = this->create_publisher<std_msgs::msg::UInt32>("robot_mode", 10);
      |     [01;31m[K^~~~~~~~~[m[K
      |     [32m[Kpub_odom_[m[K
[01m[K/home/juchunyu/dog_ws/src/dog_control/src/dog_driver_node.cpp:30:55:[m[K [01;31m[Kerror: [m[Kâ€˜[01m[KUInt32[m[Kâ€™ is not a member of â€˜[01m[Kstd_msgs::msg[m[Kâ€™
   30 |     pub_mode_ = this->create_publisher<std_msgs::msg::[01;31m[KUInt32[m[K>("robot_mode", 10);
      |                                                       [01;31m[K^~~~~~[m[K
[01m[K/home/juchunyu/dog_ws/src/dog_control/src/dog_driver_node.cpp:30:62:[m[K [01;31m[Kerror: [m[Kno matching function for call to â€˜[01m[KDogDriverNode::create_publisher<<expression error> >(const char [11], int)[m[Kâ€™
   30 |     pub_mode_ = [01;31m[Kthis->create_publisher<std_msgs::msg::UInt32>("robot_mode", 10)[m[K;
      |                 [01;31m[K~~~~~~~~~~~~~~~~~~~~~~~~~~~~~~~~~~~~~~~~~~~~~^~~~~~~~~~~~~~~~~~[m[K
In file included from [01m[K/opt/ros/jazzy/include/rclcpp/rclcpp/node.hpp:1663[m[K,
                 from [01m[K/opt/ros/jazzy/include/rclcpp/rclcpp/executors/single_threaded_executor.hpp:28[m[K,
                 from [01m[K/opt/ros/jazzy/include/rclcpp/rclcpp/executors.hpp:22[m[K,
                 from [01m[K/opt/ros/jazzy/include/rclcpp/rclcpp/rclcpp.hpp:172[m[K,
                 from [01m[K/home/juchunyu/dog_ws/src/dog_control/include/dog_driver.h:10[m[K:
[01m[K/opt/ros/jazzy/include/rclcpp/rclcpp/node_impl.hpp:73:1:[m[K [01;36m[Knote: [m[Kcandidate: â€˜[01m[Ktemplate<class MessageT, class AllocatorT, class PublisherT> std::shared_ptr<PublisherT> rclcpp::Node::[01;32m[Kcreate_publisher[m[K(const std::string&, const rclcpp::QoS&, const rclcpp::PublisherOptionsWithAllocator<AllocatorT>&)[m[Kâ€™
   73 | [01;36m[KNode[m[K::create_publisher(
      | [01;36m[K^~~~[m[K
[01m[K/opt/ros/jazzy/include/rclcpp/rclcpp/node_impl.hpp:73:1:[m[K [01;36m[Knote: [m[K  template argument deduction/substitution failed:
[01m[K/home/juchunyu/dog_ws/src/dog_control/src/dog_driver_node.cpp:30:62:[m[K [01;31m[Kerror: [m[Ktemplate argument 1 is invalid
   30 |     pub_mode_ = [01;31m[Kthis->create_publisher<std_msgs::msg::UInt32>("robot_mode", 10)[m[K;
      |                 [01;31m[K~~~~~~~~~~~~~~~~~~~~~~~~~~~~~~~~~~~~~~~~~~~~~^~~~~~~~~~~~~~~~~~[m[K
[01m[K/home/juchunyu/dog_ws/src/dog_control/src/dog_driver_node.cpp:[m[K In member function â€˜[01m[Kvoid DogDriverNode::[01;32m[KudpControlLoop[m[K()[m[Kâ€™:
[01m[K/home/juchunyu/dog_ws/src/dog_control/src/dog_driver_node.cpp:116:39:[m[K [01;31m[Kerror: [m[Kâ€˜[01m[Kstart_time[m[Kâ€™ was not declared in this scope; did you mean â€˜[01m[Kstrptime[m[Kâ€™?
  116 |         std::this_thread::sleep_until([01;31m[Kstart_time[m[K + std::chrono::milliseconds(2));
      |                                       [01;31m[K^~~~~~~~~~[m[K
      |                                       [32m[Kstrptime[m[K
[01m[K/home/juchunyu/dog_ws/src/dog_control/src/dog_driver_node.cpp:[m[K In member function â€˜[01m[Kvoid DogDriverNode::[01;32m[KgetRobotStateCallback[m[K()[m[Kâ€™:
[01m[K/home/juchunyu/dog_ws/src/dog_control/src/dog_driver_node.cpp:280:40:[m[K [01;31m[Kerror: [m[Kâ€˜[01m[KUInt32[m[Kâ€™ is not a member of â€˜[01m[Kstd_msgs::msg[m[Kâ€™
  280 |         auto mode_msg = std_msgs::msg::[01;31m[KUInt32[m[K();
      |                                        [01;31m[K^~~~~~[m[K
[01m[K/home/juchunyu/dog_ws/src/dog_control/src/dog_driver_node.cpp:285:9:[m[K [01;31m[Kerror: [m[Kâ€˜[01m[Kpub_mode_[m[Kâ€™ was not declared in this scope; did you mean â€˜[01m[Kpub_odom_[m[Kâ€™?
  285 |         [01;31m[Kpub_mode_[m[K->publish(mode_msg);
      |         [01;31m[K^~~~~~~~~[m[K
      |         [32m[Kpub_odom_[m[K
[01m[K/home/juchunyu/dog_ws/src/dog_control/src/dog_driver_node.cpp:192:18:[m[K [01;35m[Kwarning: [m[Kunused variable â€˜[01m[Kret[m[Kâ€™ [[01;35m[K]8;;https://gcc.gnu.org/onlinedocs/gcc/Warning-Options.html#index-Wunused-variable-Wunused-variable]8;;[m[K]
  192 |         uint32_t [01;35m[Kret[m[K = highlevel_->getBatteryPower();
      |                  [01;35m[K^~~[m[K
gmake[2]: *** [CMakeFiles/dog_driver_node.dir/build.make:76ï¼šCMakeFiles/dog_driver_node.dir/src/dog_driver_node.cpp.o] é”™è¯¯ 1
gmake[1]: *** [CMakeFiles/Makefile2:139ï¼šCMakeFiles/dog_driver_node.dir/all] é”™è¯¯ 2
gmake: *** [Makefile:146ï¼šall] é”™è¯¯ 2
