[ 50%] Built target dog_keyboard_node
[ 75%] [32mBuilding CXX object CMakeFiles/dog_driver_node.dir/src/dog_driver_node.cpp.o[0m
[01m[K/home/juchunyu/dog_ws/src/dog_control/src/dog_driver_node.cpp:[m[K In constructor â€˜[01m[KDogDriverNode::[01;32m[KDogDriverNode[m[K()[m[Kâ€™:
[01m[K/home/juchunyu/dog_ws/src/dog_control/src/dog_driver_node.cpp:42:38:[m[K [01;31m[Kerror: [m[Kexpected primary-expression before â€˜[01m[K,[m[Kâ€™ token
   42 |         std::chrono::milliseconds(2),[01;31m[K,[m[K std::bind(&DogDriverNode::robotStateCallback, this));
      |                                      [01;31m[K^[m[K
[01m[K/home/juchunyu/dog_ws/src/dog_control/src/dog_driver_node.cpp:[m[K In member function â€˜[01m[Kvoid DogDriverNode::[01;32m[KrobotStateCallback[m[K()[m[Kâ€™:
[01m[K/home/juchunyu/dog_ws/src/dog_control/src/dog_driver_node.cpp:88:14:[m[K [01;35m[Kwarning: [m[Kunused variable â€˜[01m[Kret[m[Kâ€™ [[01;35m[K]8;;https://gcc.gnu.org/onlinedocs/gcc/Warning-Options.html#index-Wunused-variable-Wunused-variable]8;;[m[K]
   88 |     uint32_t [01;35m[Kret[m[K = highlevel_.getBatteryPower();
      |              [01;35m[K^~~[m[K
gmake[2]: *** [CMakeFiles/dog_driver_node.dir/build.make:76ï¼šCMakeFiles/dog_driver_node.dir/src/dog_driver_node.cpp.o] é”™è¯¯ 1
gmake[1]: *** [CMakeFiles/Makefile2:139ï¼šCMakeFiles/dog_driver_node.dir/all] é”™è¯¯ 2
gmake: *** [Makefile:146ï¼šall] é”™è¯¯ 2
