[0.009s] Invoking command in '/home/juchunyu/dog_ws/build/dog_control': CMAKE_PREFIX_PATH=${CMAKE_PREFIX_PATH}:/opt/ros/jazzy DEBUGINFOD_URLS=https://debuginfod.ubuntu.com /usr/bin/cmake --build /home/juchunyu/dog_ws/build/dog_control -- -j16 -l16
[0.086s] [ 50%] Built target dog_keyboard_node
[0.098s] [ 75%] [32mBuilding CXX object CMakeFiles/dog_driver_node.dir/src/dog_driver_node.cpp.o[0m
[1.714s] [01m[K/home/juchunyu/dog_ws/src/dog_control/src/dog_driver_node.cpp:88:6:[m[K [01;31m[Kerror: [m[Kno declaration matches â€˜[01m[Kvoid DogDriverNode::[01;32m[KrobotStateCallback[m[K()[m[Kâ€™
[1.714s]    88 | void [01;31m[KDogDriverNode[m[K::robotStateCallback()
[1.714s]       |      [01;31m[K^~~~~~~~~~~~~[m[K
[1.714s] [01m[K/home/juchunyu/dog_ws/src/dog_control/src/dog_driver_node.cpp:88:6:[m[K [01;36m[Knote: [m[Kno functions named â€˜[01m[Kvoid DogDriverNode::[01;32m[KrobotStateCallback[m[K()[m[Kâ€™
[1.714s] In file included from [01m[K/home/juchunyu/dog_ws/src/dog_control/src/dog_driver_node.cpp:1[m[K:
[1.715s] [01m[K/home/juchunyu/dog_ws/src/dog_control/include/dog_driver.h:43:7:[m[K [01;36m[Knote: [m[Kâ€˜[01m[Kclass DogDriverNode[m[Kâ€™ defined here
[1.715s]    43 | class [01;36m[KDogDriverNode[m[K : public rclcpp::Node
[1.715s]       |       [01;36m[K^~~~~~~~~~~~~[m[K
[3.859s] gmake[2]: *** [CMakeFiles/dog_driver_node.dir/build.make:76ï¼šCMakeFiles/dog_driver_node.dir/src/dog_driver_node.cpp.o] é”™è¯¯ 1
[3.859s] gmake[1]: *** [CMakeFiles/Makefile2:139ï¼šCMakeFiles/dog_driver_node.dir/all] é”™è¯¯ 2
[3.859s] gmake: *** [Makefile:146ï¼šall] é”™è¯¯ 2
[3.861s] Invoked command in '/home/juchunyu/dog_ws/build/dog_control' returned '2': CMAKE_PREFIX_PATH=${CMAKE_PREFIX_PATH}:/opt/ros/jazzy DEBUGINFOD_URLS=https://debuginfod.ubuntu.com /usr/bin/cmake --build /home/juchunyu/dog_ws/build/dog_control -- -j16 -l16
