[0.006s] Invoking command in '/home/juchunyu/dog_ws/build/ego_planner': CMAKE_PREFIX_PATH=${CMAKE_PREFIX_PATH}:/opt/ros/jazzy DEBUGINFOD_URLS=https://debuginfod.ubuntu.com /usr/bin/cmake --build /home/juchunyu/dog_ws/build/ego_planner -- -j16 -l16
[0.045s] [  2%] Built target ego_planner__rosidl_generator_type_description
[0.049s] [ 10%] Built target bspline_opt
[0.050s] [ 15%] Built target local_map
[0.056s] [ 19%] Built target path_searching
[0.058s] [ 19%] Built target ament_cmake_python_copy_ego_planner
[0.060s] [ 21%] Built target ego_planner__cpp
[0.060s] [ 32%] Built target ego_planner__rosidl_generator_c
[0.077s] [ 39%] Built target ego_planner__rosidl_typesupport_fastrtps_cpp
[0.078s] [ 45%] Built target ego_planner__rosidl_typesupport_fastrtps_c
[0.078s] [ 50%] Built target ego_planner_lib
[0.078s] [ 56%] Built target ego_planner__rosidl_typesupport_introspection_cpp
[0.079s] [ 63%] Built target ego_planner__rosidl_typesupport_introspection_c
[0.080s] [ 69%] Built target ego_planner__rosidl_typesupport_cpp
[0.083s] [ 76%] Built target ego_planner__rosidl_typesupport_c
[0.098s] [ 76%] Built target ego_planner
[0.112s] [ 78%] Built target ego_planner__py
[0.122s] [ 80%] [32mBuilding CXX object CMakeFiles/motion_plan.dir/src/trajectory_publisher.cpp.o[0m
[0.135s] [ 84%] Built target ego_planner__rosidl_generator_py
[0.152s] [ 89%] Built target ego_planner_s__rosidl_typesupport_fastrtps_c
[0.154s] [ 97%] Built target ego_planner_s__rosidl_typesupport_c
[0.154s] [ 97%] Built target ego_planner_s__rosidl_typesupport_introspection_c
[0.201s] running egg_info
[0.211s] writing ego_planner.egg-info/PKG-INFO
[0.211s] writing dependency_links to ego_planner.egg-info/dependency_links.txt
[0.212s] writing top-level names to ego_planner.egg-info/top_level.txt
[0.242s] reading manifest file 'ego_planner.egg-info/SOURCES.txt'
[0.242s] writing manifest file 'ego_planner.egg-info/SOURCES.txt'
[0.263s] [ 97%] Built target ament_cmake_python_build_ego_planner_egg
[2.317s] In file included from [01m[K/home/juchunyu/dog_ws/src/EgoPlanner-ROS2/./planner/plan_manage/include/plan_manage/planner_interface.h:16[m[K,
[2.317s]                  from [01m[K/home/juchunyu/dog_ws/src/EgoPlanner-ROS2/include/trajectory_obstacles_publisher.h:48[m[K,
[2.317s]                  from [01m[K/home/juchunyu/dog_ws/src/EgoPlanner-ROS2/src/trajectory_publisher.cpp:6[m[K:
[2.317s] [01m[K/home/juchunyu/dog_ws/src/EgoPlanner-ROS2/./planner/include/Bspline.h:[m[K In function â€˜[01m[Kstd::ostream& ego_planner::[01;32m[Koperator<<[m[K(std::ostream&, const Bspline_<ContainerAllocator>&)[m[Kâ€™:
[2.317s] [01m[K/home/juchunyu/dog_ws/src/EgoPlanner-ROS2/./planner/include/Bspline.h:88:1:[m[K [01;35m[Kwarning: [m[Kno return statement in function returning non-void [[01;35m[K]8;;https://gcc.gnu.org/onlinedocs/gcc/Warning-Options.html#index-Wreturn-type-Wreturn-type]8;;[m[K]
[2.317s]    88 | [01;35m[K}[m[K
[2.317s]       | [01;35m[K^[m[K
[2.418s] [01m[K/home/juchunyu/dog_ws/src/EgoPlanner-ROS2/src/trajectory_publisher.cpp:[m[K In constructor â€˜[01m[KTrajectoryAndObstaclesPublisher::[01;32m[KTrajectoryAndObstaclesPublisher[m[K()[m[Kâ€™:
[2.418s] [01m[K/home/juchunyu/dog_ws/src/EgoPlanner-ROS2/src/trajectory_publisher.cpp:28:90:[m[K [01;31m[Kerror: [m[Kâ€˜[01m[K_1[m[Kâ€™ was not declared in this scope; did you mean â€˜[01m[Kstd::placeholders::_1[m[Kâ€™?
[2.418s]    28 | "odom", 10, std::bind(&TrajectoryAndObstaclesPublisher::odom_callback, this, [01;31m[K_1[m[K));
[2.418s]       |                                                                              [01;31m[K^~[m[K
[2.419s]       |                                                                              [32m[Kstd::placeholders::_1[m[K
[2.419s] In file included from [01m[K/opt/ros/jazzy/include/rclcpp/rclcpp/utilities.hpp:19[m[K,
[2.419s]                  from [01m[K/opt/ros/jazzy/include/rclcpp/rclcpp/logging.hpp:25[m[K,
[2.419s]                  from [01m[K/opt/ros/jazzy/include/rclcpp/rclcpp/copy_all_parameter_values.hpp:27[m[K,
[2.419s]                  from [01m[K/opt/ros/jazzy/include/rclcpp/rclcpp/rclcpp.hpp:171[m[K,
[2.419s]                  from [01m[K/home/juchunyu/dog_ws/src/EgoPlanner-ROS2/include/trajectory_obstacles_publisher.h:30[m[K:
[2.419s] [01m[K/usr/include/c++/13/functional:294:48:[m[K [01;36m[Knote: [m[Kâ€˜[01m[Kstd::placeholders::_1[m[Kâ€™ declared here
[2.419s]   294 |     _GLIBCXX_PLACEHOLDER const _Placeholder<1> [01;36m[K_1[m[K;
[2.419s]       |                                                [01;36m[K^~[m[K
[2.431s] [01m[K/home/juchunyu/dog_ws/src/EgoPlanner-ROS2/src/trajectory_publisher.cpp:[m[K In member function â€˜[01m[Kvoid TrajectoryAndObstaclesPublisher::[01;32m[Kodom_callback[m[K(nav_msgs::msg::Odometry_<std::allocator<void> >::SharedPtr)[m[Kâ€™:
[2.431s] [01m[K/home/juchunyu/dog_ws/src/EgoPlanner-ROS2/src/trajectory_publisher.cpp:75:29:[m[K [01;31m[Kerror: [m[Kâ€˜[01m[Kusing nav_msgs::msg::Odometry_<std::allocator<void> >::_pose_type = struct geometry_msgs::msg::PoseWithCovariance_<std::allocator<void> >[m[Kâ€™ {aka â€˜[01m[Kstruct geometry_msgs::msg::PoseWithCovariance_<std::allocator<void> >[m[Kâ€™} has no member named â€˜[01m[Kposition[m[Kâ€™
[2.431s]    75 |     cur_pose_.x = msg->pose.[01;31m[Kposition[m[K.x;
[2.431s]       |                             [01;31m[K^~~~~~~~[m[K
[2.431s] [01m[K/home/juchunyu/dog_ws/src/EgoPlanner-ROS2/src/trajectory_publisher.cpp:76:29:[m[K [01;31m[Kerror: [m[Kâ€˜[01m[Kusing nav_msgs::msg::Odometry_<std::allocator<void> >::_pose_type = struct geometry_msgs::msg::PoseWithCovariance_<std::allocator<void> >[m[Kâ€™ {aka â€˜[01m[Kstruct geometry_msgs::msg::PoseWithCovariance_<std::allocator<void> >[m[Kâ€™} has no member named â€˜[01m[Kposition[m[Kâ€™
[2.431s]    76 |     cur_pose_.y = msg->pose.[01;31m[Kposition[m[K.y;
[2.431s]       |                             [01;31m[K^~~~~~~~[m[K
[2.431s] [01m[K/home/juchunyu/dog_ws/src/EgoPlanner-ROS2/src/trajectory_publisher.cpp:80:19:[m[K [01;31m[Kerror: [m[Kâ€˜[01m[Kusing nav_msgs::msg::Odometry_<std::allocator<void> >::_pose_type = struct geometry_msgs::msg::PoseWithCovariance_<std::allocator<void> >[m[Kâ€™ {aka â€˜[01m[Kstruct geometry_msgs::msg::PoseWithCovariance_<std::allocator<void> >[m[Kâ€™} has no member named â€˜[01m[Korientation[m[Kâ€™
[2.431s]    80 |         msg->pose.[01;31m[Korientation[m[K.x,
[2.431s]       |                   [01;31m[K^~~~~~~~~~~[m[K
[2.431s] [01m[K/home/juchunyu/dog_ws/src/EgoPlanner-ROS2/src/trajectory_publisher.cpp:81:19:[m[K [01;31m[Kerror: [m[Kâ€˜[01m[Kusing nav_msgs::msg::Odometry_<std::allocator<void> >::_pose_type = struct geometry_msgs::msg::PoseWithCovariance_<std::allocator<void> >[m[Kâ€™ {aka â€˜[01m[Kstruct geometry_msgs::msg::PoseWithCovariance_<std::allocator<void> >[m[Kâ€™} has no member named â€˜[01m[Korientation[m[Kâ€™
[2.432s]    81 |         msg->pose.[01;31m[Korientation[m[K.y,
[2.432s]       |                   [01;31m[K^~~~~~~~~~~[m[K
[2.432s] [01m[K/home/juchunyu/dog_ws/src/EgoPlanner-ROS2/src/trajectory_publisher.cpp:82:19:[m[K [01;31m[Kerror: [m[Kâ€˜[01m[Kusing nav_msgs::msg::Odometry_<std::allocator<void> >::_pose_type = struct geometry_msgs::msg::PoseWithCovariance_<std::allocator<void> >[m[Kâ€™ {aka â€˜[01m[Kstruct geometry_msgs::msg::PoseWithCovariance_<std::allocator<void> >[m[Kâ€™} has no member named â€˜[01m[Korientation[m[Kâ€™
[2.432s]    82 |         msg->pose.[01;31m[Korientation[m[K.z,
[2.432s]       |                   [01;31m[K^~~~~~~~~~~[m[K
[2.432s] [01m[K/home/juchunyu/dog_ws/src/EgoPlanner-ROS2/src/trajectory_publisher.cpp:83:19:[m[K [01;31m[Kerror: [m[Kâ€˜[01m[Kusing nav_msgs::msg::Odometry_<std::allocator<void> >::_pose_type = struct geometry_msgs::msg::PoseWithCovariance_<std::allocator<void> >[m[Kâ€™ {aka â€˜[01m[Kstruct geometry_msgs::msg::PoseWithCovariance_<std::allocator<void> >[m[Kâ€™} has no member named â€˜[01m[Korientation[m[Kâ€™
[2.432s]    83 |         msg->pose.[01;31m[Korientation[m[K.w);
[2.432s]       |                   [01;31m[K^~~~~~~~~~~[m[K
[2.432s] [01m[K/home/juchunyu/dog_ws/src/EgoPlanner-ROS2/src/trajectory_publisher.cpp:92:21:[m[K [01;31m[Kerror: [m[Kredeclaration of â€˜[01m[Ktf2::Quaternion q[m[Kâ€™
[2.432s]    92 |     tf2::Quaternion [01;31m[Kq[m[K(
[2.432s]       |                     [01;31m[K^[m[K
[2.432s] [01m[K/home/juchunyu/dog_ws/src/EgoPlanner-ROS2/src/trajectory_publisher.cpp:79:21:[m[K [01;36m[Knote: [m[Kâ€˜[01m[Ktf2::Quaternion q[m[Kâ€™ previously declared here
[2.432s]    79 |     tf2::Quaternion [01;36m[Kq[m[K(
[2.432s]       |                     [01;36m[K^[m[K
[5.302s] gmake[2]: *** [CMakeFiles/motion_plan.dir/build.make:76ï¼šCMakeFiles/motion_plan.dir/src/trajectory_publisher.cpp.o] é”™è¯¯ 1
[5.302s] gmake[1]: *** [CMakeFiles/Makefile2:701ï¼šCMakeFiles/motion_plan.dir/all] é”™è¯¯ 2
[5.302s] gmake: *** [Makefile:146ï¼šall] é”™è¯¯ 2
[5.304s] Invoked command in '/home/juchunyu/dog_ws/build/ego_planner' returned '2': CMAKE_PREFIX_PATH=${CMAKE_PREFIX_PATH}:/opt/ros/jazzy DEBUGINFOD_URLS=https://debuginfod.ubuntu.com /usr/bin/cmake --build /home/juchunyu/dog_ws/build/ego_planner -- -j16 -l16
