[0.011s] Invoking command in '/home/juchunyu/dog_ws/build/dog_control': CMAKE_PREFIX_PATH=${CMAKE_PREFIX_PATH}:/opt/ros/jazzy DEBUGINFOD_URLS=https://debuginfod.ubuntu.com /usr/bin/cmake --build /home/juchunyu/dog_ws/build/dog_control -- -j16 -l16
[0.050s] -- Found ament_cmake: 2.5.4 (/opt/ros/jazzy/share/ament_cmake/cmake)
[0.230s] -- Found rclcpp: 28.1.12 (/opt/ros/jazzy/share/rclcpp/cmake)
[0.254s] -- Found rosidl_generator_c: 4.6.6 (/opt/ros/jazzy/share/rosidl_generator_c/cmake)
[0.261s] -- Found rosidl_generator_cpp: 4.6.6 (/opt/ros/jazzy/share/rosidl_generator_cpp/cmake)
[0.271s] -- Using all available rosidl_typesupport_c: rosidl_typesupport_fastrtps_c;rosidl_typesupport_introspection_c
[0.282s] -- Using all available rosidl_typesupport_cpp: rosidl_typesupport_fastrtps_cpp;rosidl_typesupport_introspection_cpp
[0.338s] -- Found rmw_implementation_cmake: 7.3.2 (/opt/ros/jazzy/share/rmw_implementation_cmake/cmake)
[0.339s] -- Found rmw_fastrtps_cpp: 8.4.3 (/opt/ros/jazzy/share/rmw_fastrtps_cpp/cmake)
[0.395s] -- Using RMW implementation 'rmw_fastrtps_cpp' as default
[0.444s] -- Found geometry_msgs: 5.3.6 (/opt/ros/jazzy/share/geometry_msgs/cmake)
[0.467s] -- Found nav_msgs: 5.3.6 (/opt/ros/jazzy/share/nav_msgs/cmake)
[0.486s] -- Found tf2: 0.36.14 (/opt/ros/jazzy/share/tf2/cmake)
[0.489s] -- Found tf2_geometry_msgs: 0.36.14 (/opt/ros/jazzy/share/tf2_geometry_msgs/cmake)
[0.492s] -- Found eigen3_cmake_module: 0.3.0 (/opt/ros/jazzy/share/eigen3_cmake_module/cmake)
[0.493s] -- Ensuring Eigen3 include directory is part of orocos-kdl CMake target
[0.585s] -- Found visualization_msgs: 5.3.6 (/opt/ros/jazzy/share/visualization_msgs/cmake)
[0.625s] -- æ£€æµ‹åˆ°ç³»ç»Ÿæž¶æž„: x86_64
[0.625s] -- å°†é“¾æŽ¥çš„åº“è·¯å¾„: /home/juchunyu/dog_ws/src/dog_control/lib/x86_64
[0.682s] -- Configuring done (0.6s)
[0.696s] -- Generating done (0.0s)
[0.700s] -- Build files have been written to: /home/juchunyu/dog_ws/build/dog_control
[0.742s] [ 50%] [32mBuilding CXX object CMakeFiles/dog_driver_node.dir/src/dog_driver_node.cpp.o[0m
[0.742s] [ 75%] Built target dog_keyboard_node
[2.253s] [01m[K/home/juchunyu/dog_ws/src/dog_control/src/dog_driver_node.cpp:[m[K In member function â€˜[01m[Kvoid DogDriverNode::[01;32m[KgetRobotStateCallback[m[K()[m[Kâ€™:
[2.253s] [01m[K/home/juchunyu/dog_ws/src/dog_control/src/dog_driver_node.cpp:186:18:[m[K [01;35m[Kwarning: [m[Kunused variable â€˜[01m[Kret[m[Kâ€™ [[01;35m[K]8;;https://gcc.gnu.org/onlinedocs/gcc/Warning-Options.html#index-Wunused-variable-Wunused-variable]8;;[m[K]
[2.253s]   186 |         uint32_t [01;35m[Kret[m[K = highlevel_->getBatteryPower();
[2.253s]       |                  [01;35m[K^~~[m[K
[2.268s] [01m[K/home/juchunyu/dog_ws/src/dog_control/src/dog_driver_node.cpp:[m[K In member function â€˜[01m[Kvoid DogDriverNode::[01;32m[Kpublish_robot_marker[m[K()[m[Kâ€™:
[2.269s] [01m[K/home/juchunyu/dog_ws/src/dog_control/src/dog_driver_node.cpp:306:5:[m[K [01;31m[Kerror: [m[Kâ€˜[01m[Ktf_broadcaster_[m[Kâ€™ was not declared in this scope
[2.269s]   306 |     [01;31m[Ktf_broadcaster_[m[K->sendTransform(t);
[2.269s]       |     [01;31m[K^~~~~~~~~~~~~~~[m[K
[4.325s] gmake[2]: *** [CMakeFiles/dog_driver_node.dir/build.make:76ï¼šCMakeFiles/dog_driver_node.dir/src/dog_driver_node.cpp.o] é”™è¯¯ 1
[4.326s] gmake[1]: *** [CMakeFiles/Makefile2:139ï¼šCMakeFiles/dog_driver_node.dir/all] é”™è¯¯ 2
[4.326s] gmake: *** [Makefile:146ï¼šall] é”™è¯¯ 2
[4.327s] Invoked command in '/home/juchunyu/dog_ws/build/dog_control' returned '2': CMAKE_PREFIX_PATH=${CMAKE_PREFIX_PATH}:/opt/ros/jazzy DEBUGINFOD_URLS=https://debuginfod.ubuntu.com /usr/bin/cmake --build /home/juchunyu/dog_ws/build/dog_control -- -j16 -l16
