[0.009s] Invoking command in '/home/juchunyu/dog_ws/build/teb_planner': CMAKE_PREFIX_PATH=${CMAKE_PREFIX_PATH}:/opt/ros/jazzy DEBUGINFOD_URLS=https://debuginfod.ubuntu.com /usr/bin/cmake --build /home/juchunyu/dog_ws/build/teb_planner -- -j16 -l16
[0.048s] [ 11%] [32mBuilding CXX object Teb/CMakeFiles/teb.dir/src/visualization.cpp.o[0m
[0.048s] [ 22%] [32mBuilding CXX object Teb/CMakeFiles/teb.dir/src/teb_local_Planner_interface.cpp.o[0m
[0.049s] [ 44%] [32mBuilding CXX object Teb/CMakeFiles/teb.dir/src/obstacles.cpp.o[0m
[0.049s] [ 44%] [32mBuilding CXX object Teb/CMakeFiles/teb.dir/src/timed_elastic_band.cpp.o[0m
[0.050s] [ 66%] [32mBuilding CXX object Teb/CMakeFiles/teb.dir/src/teb_config.cpp.o[0m
[0.050s] [ 66%] [32mBuilding CXX object Teb/CMakeFiles/teb.dir/src/optimal_planner.cpp.o[0m
[0.056s] [01m[K/home/juchunyu/dog_ws/src/Teb_planner_standard/Teb_planner/Teb/src/visualization.cpp:1:10:[m[K [01;31m[Kfatal error: [m[K../inc/visualization.h: æ²¡æœ‰é‚£ä¸ªæ–‡ä»¶æˆ–ç›®å½•
[0.056s]     1 | #include [01;31m[K"../inc/visualization.h"[m[K
[0.056s]       |          [01;31m[K^~~~~~~~~~~~~~~~~~~~~~~~[m[K
[0.057s] compilation terminated.
[0.060s] gmake[2]: *** [Teb/CMakeFiles/teb.dir/build.make:146ï¼šTeb/CMakeFiles/teb.dir/src/visualization.cpp.o] é”™è¯¯ 1
[0.060s] gmake[2]: *** æ­£åœ¨ç­‰å¾…æœªå®Œæˆçš„ä»»åŠ¡....
[0.060s] [01m[K/home/juchunyu/dog_ws/src/Teb_planner_standard/Teb_planner/Teb/src/obstacles.cpp:1:10:[m[K [01;31m[Kfatal error: [m[K../inc/obstacles.h: æ²¡æœ‰é‚£ä¸ªæ–‡ä»¶æˆ–ç›®å½•
[0.060s]     1 | #include [01;31m[K"../inc/obstacles.h"[m[K
[0.060s]       |          [01;31m[K^~~~~~~~~~~~~~~~~~~~[m[K
[0.061s] compilation terminated.
[0.061s] gmake[2]: *** [Teb/CMakeFiles/teb.dir/build.make:76ï¼šTeb/CMakeFiles/teb.dir/src/obstacles.cpp.o] é”™è¯¯ 1
[0.061s] [01m[K/home/juchunyu/dog_ws/src/Teb_planner_standard/Teb_planner/Teb/src/optimal_planner.cpp:1:10:[m[K [01;31m[Kfatal error: [m[K../inc/optimal_planner.h: æ²¡æœ‰é‚£ä¸ªæ–‡ä»¶æˆ–ç›®å½•
[0.061s]     1 | #include [01;31m[K"../inc/optimal_planner.h"[m[K
[0.061s]       |          [01;31m[K^~~~~~~~~~~~~~~~~~~~~~~~~~[m[K
[0.061s] compilation terminated.
[0.061s] gmake[2]: *** [Teb/CMakeFiles/teb.dir/build.make:90ï¼šTeb/CMakeFiles/teb.dir/src/optimal_planner.cpp.o] é”™è¯¯ 1
[0.063s] [01m[K/home/juchunyu/dog_ws/src/Teb_planner_standard/Teb_planner/Teb/src/teb_config.cpp:1:10:[m[K [01;31m[Kfatal error: [m[K../inc/teb_config.h: æ²¡æœ‰é‚£ä¸ªæ–‡ä»¶æˆ–ç›®å½•
[0.063s]     1 | #include [01;31m[K"../inc/teb_config.h"[m[K
[0.063s]       |          [01;31m[K^~~~~~~~~~~~~~~~~~~~~[m[K
[0.063s] compilation terminated.
[0.064s] gmake[2]: *** [Teb/CMakeFiles/teb.dir/build.make:104ï¼šTeb/CMakeFiles/teb.dir/src/teb_config.cpp.o] é”™è¯¯ 1
[0.672s] In file included from [01m[K/home/juchunyu/dog_ws/src/Teb_planner_standard/Teb_planner/./Teb/include/teb_local_planner_interface.h:15[m[K,
[0.672s]                  from [01m[K/home/juchunyu/dog_ws/src/Teb_planner_standard/Teb_planner/Teb/src/teb_local_Planner_interface.cpp:1[m[K:
[0.673s] [01m[K/home/juchunyu/dog_ws/src/Teb_planner_standard/Teb_planner/./Teb/include/optimal_planner.h:23:10:[m[K [01;31m[Kfatal error: [m[Kg2o/solvers/cholmod/linear_solver_cholmod.h: æ²¡æœ‰é‚£ä¸ªæ–‡ä»¶æˆ–ç›®å½•
[0.673s]    23 | #include [01;31m[K<g2o/solvers/cholmod/linear_solver_cholmod.h>[m[K
[0.673s]       |          [01;31m[K^~~~~~~~~~~~~~~~~~~~~~~~~~~~~~~~~~~~~~~~~~~~~[m[K
[0.673s] compilation terminated.
[0.681s] gmake[2]: *** [Teb/CMakeFiles/teb.dir/build.make:118ï¼šTeb/CMakeFiles/teb.dir/src/teb_local_Planner_interface.cpp.o] é”™è¯¯ 1
[5.121s] gmake[1]: *** [CMakeFiles/Makefile2:180ï¼šTeb/CMakeFiles/teb.dir/all] é”™è¯¯ 2
[5.121s] gmake: *** [Makefile:146ï¼šall] é”™è¯¯ 2
[5.123s] Invoked command in '/home/juchunyu/dog_ws/build/teb_planner' returned '2': CMAKE_PREFIX_PATH=${CMAKE_PREFIX_PATH}:/opt/ros/jazzy DEBUGINFOD_URLS=https://debuginfod.ubuntu.com /usr/bin/cmake --build /home/juchunyu/dog_ws/build/teb_planner -- -j16 -l16
