[0.012s] Invoking command in '/home/juchunyu/dog_ws/build/teb_planner': CMAKE_PREFIX_PATH=${CMAKE_PREFIX_PATH}:/opt/ros/jazzy DEBUGINFOD_URLS=https://debuginfod.ubuntu.com /usr/bin/cmake --build /home/juchunyu/dog_ws/build/teb_planner -- -j16 -l16
[0.056s] [ 22%] [32mBuilding CXX object Teb/CMakeFiles/teb.dir/src/optimal_planner.cpp.o[0m
[0.056s] [ 22%] [32mBuilding CXX object Teb/CMakeFiles/teb.dir/src/obstacles.cpp.o[0m
[0.056s] [ 33%] [32mBuilding CXX object Teb/CMakeFiles/teb.dir/src/teb_config.cpp.o[0m
[0.056s] [ 44%] [32mBuilding CXX object Teb/CMakeFiles/teb.dir/src/timed_elastic_band.cpp.o[0m
[0.056s] [ 55%] [32mBuilding CXX object Teb/CMakeFiles/teb.dir/src/visualization.cpp.o[0m
[0.060s] [ 66%] [32mBuilding CXX object Teb/CMakeFiles/teb.dir/src/teb_local_Planner_interface.cpp.o[0m
[0.064s] [01m[K/home/juchunyu/dog_ws/src/Teb_planner_standard/Teb_planner/Teb/src/visualization.cpp:1:10:[m[K [01;31m[Kfatal error: [m[K../inc/visualization.h: æ²¡æœ‰é‚£ä¸ªæ–‡ä»¶æˆ–ç›®å½•
[0.064s]     1 | #include [01;31m[K"../inc/visualization.h"[m[K
[0.064s]       |          [01;31m[K^~~~~~~~~~~~~~~~~~~~~~~~[m[K
[0.065s] [01m[K/home/juchunyu/dog_ws/src/Teb_planner_standard/Teb_planner/Teb/src/teb_config.cpp:1:10:[m[K [01;31m[Kfatal error: [m[K../inc/teb_config.h: æ²¡æœ‰é‚£ä¸ªæ–‡ä»¶æˆ–ç›®å½•
[0.065s]     1 | #include [01;31m[K"../inc/teb_config.h"[m[K
[0.065s]       |          [01;31m[K^~~~~~~~~~~~~~~~~~~~~[m[K
[0.065s] compilation terminated.
[0.065s] compilation terminated.
[0.065s] [01m[K/home/juchunyu/dog_ws/src/Teb_planner_standard/Teb_planner/Teb/src/obstacles.cpp:1:10:[m[K [01;31m[Kfatal error: [m[K../inc/obstacles.h: æ²¡æœ‰é‚£ä¸ªæ–‡ä»¶æˆ–ç›®å½•
[0.065s]     1 | #include [01;31m[K"../inc/obstacles.h"[m[K
[0.065s]       |          [01;31m[K^~~~~~~~~~~~~~~~~~~~[m[K
[0.065s] [01m[K/home/juchunyu/dog_ws/src/Teb_planner_standard/Teb_planner/Teb/src/optimal_planner.cpp:1:10:[m[K [01;31m[Kfatal error: [m[K../inc/optimal_planner.h: æ²¡æœ‰é‚£ä¸ªæ–‡ä»¶æˆ–ç›®å½•
[0.066s]     1 | #include [01;31m[K"../inc/optimal_planner.h"[m[K
[0.066s]       |          [01;31m[K^~~~~~~~~~~~~~~~~~~~~~~~~~[m[K
[0.066s] compilation terminated.
[0.066s] compilation terminated.
[0.066s] gmake[2]: *** [Teb/CMakeFiles/teb.dir/build.make:146ï¼šTeb/CMakeFiles/teb.dir/src/visualization.cpp.o] é”™è¯¯ 1
[0.066s] gmake[2]: *** æ­£åœ¨ç­‰å¾…æœªå®Œæˆçš„ä»»åŠ¡....
[0.066s] gmake[2]: *** [Teb/CMakeFiles/teb.dir/build.make:104ï¼šTeb/CMakeFiles/teb.dir/src/teb_config.cpp.o] é”™è¯¯ 1
[0.066s] [01m[K/home/juchunyu/dog_ws/src/Teb_planner_standard/Teb_planner/Teb/src/timed_elastic_band.cpp:1:10:[m[K [01;31m[Kfatal error: [m[K../inc/timed_elastic_band.h: æ²¡æœ‰é‚£ä¸ªæ–‡ä»¶æˆ–ç›®å½•
[0.066s]     1 | #include [01;31m[K"../inc/timed_elastic_band.h"[m[K
[0.066s]       |          [01;31m[K^~~~~~~~~~~~~~~~~~~~~~~~~~~~~[m[K
[0.066s] compilation terminated.
[0.066s] gmake[2]: *** [Teb/CMakeFiles/teb.dir/build.make:90ï¼šTeb/CMakeFiles/teb.dir/src/optimal_planner.cpp.o] é”™è¯¯ 1
[0.066s] gmake[2]: *** [Teb/CMakeFiles/teb.dir/build.make:76ï¼šTeb/CMakeFiles/teb.dir/src/obstacles.cpp.o] é”™è¯¯ 1
[0.066s] gmake[2]: *** [Teb/CMakeFiles/teb.dir/build.make:132ï¼šTeb/CMakeFiles/teb.dir/src/timed_elastic_band.cpp.o] é”™è¯¯ 1
[0.223s] In file included from [01m[K/home/juchunyu/dog_ws/src/Teb_planner_standard/Teb_planner/./Teb/include/optimal_planner.h:12[m[K,
[0.223s]                  from [01m[K/home/juchunyu/dog_ws/src/Teb_planner_standard/Teb_planner/./Teb/include/teb_local_planner_interface.h:15[m[K,
[0.223s]                  from [01m[K/home/juchunyu/dog_ws/src/Teb_planner_standard/Teb_planner/Teb/src/teb_local_Planner_interface.cpp:1[m[K:
[0.223s] [01m[K/home/juchunyu/dog_ws/src/Teb_planner_standard/Teb_planner/./Teb/include/visualization.h:5:10:[m[K [01;31m[Kfatal error: [m[K../inc/teb_config.h: æ²¡æœ‰é‚£ä¸ªæ–‡ä»¶æˆ–ç›®å½•
[0.223s]     5 | #include [01;31m[K"../inc/teb_config.h"[m[K
[0.223s]       |          [01;31m[K^~~~~~~~~~~~~~~~~~~~~[m[K
[0.223s] compilation terminated.
[0.225s] gmake[2]: *** [Teb/CMakeFiles/teb.dir/build.make:118ï¼šTeb/CMakeFiles/teb.dir/src/teb_local_Planner_interface.cpp.o] é”™è¯¯ 1
[0.225s] gmake[1]: *** [CMakeFiles/Makefile2:180ï¼šTeb/CMakeFiles/teb.dir/all] é”™è¯¯ 2
[0.226s] gmake: *** [Makefile:146ï¼šall] é”™è¯¯ 2
[0.228s] Invoked command in '/home/juchunyu/dog_ws/build/teb_planner' returned '2': CMAKE_PREFIX_PATH=${CMAKE_PREFIX_PATH}:/opt/ros/jazzy DEBUGINFOD_URLS=https://debuginfod.ubuntu.com /usr/bin/cmake --build /home/juchunyu/dog_ws/build/teb_planner -- -j16 -l16
