[0.011s] Invoking command in '/home/juchunyu/dog_ws/build/dog_control': CMAKE_PREFIX_PATH=${CMAKE_PREFIX_PATH}:/opt/ros/jazzy DEBUGINFOD_URLS=https://debuginfod.ubuntu.com /usr/bin/cmake --build /home/juchunyu/dog_ws/build/dog_control -- -j16 -l16
[0.050s] [ 50%] Built target dog_keyboard_node
[0.062s] [ 75%] [32mBuilding CXX object CMakeFiles/dog_driver_node.dir/src/dog_driver_node.cpp.o[0m
[1.438s] [01m[K/home/juchunyu/dog_ws/src/dog_control/src/dog_driver_node.cpp:[m[K In member function â€˜[01m[Kvoid DogDriverNode::[01;32m[KudpControlLoop[m[K()[m[Kâ€™:
[1.438s] [01m[K/home/juchunyu/dog_ws/src/dog_control/src/dog_driver_node.cpp:105:24:[m[K [01;31m[Kerror: [m[Kâ€˜[01m[Kclass std::shared_ptr<mc_sdk::zsl_1::HighLevel>[m[Kâ€™ has no member named â€˜[01m[Kmove[m[Kâ€™
[1.438s]   105 |             highlevel_.[01;31m[Kmove[m[K(vx, vy, w);
[1.438s]       |                        [01;31m[K^~~~[m[K
[1.439s] [01m[K/home/juchunyu/dog_ws/src/dog_control/src/dog_driver_node.cpp:[m[K In member function â€˜[01m[Kvoid DogDriverNode::[01;32m[KactionCallback[m[K(std_msgs::msg::String_<std::allocator<void> >::SharedPtr)[m[Kâ€™:
[1.439s] [01m[K/home/juchunyu/dog_ws/src/dog_control/src/dog_driver_node.cpp:130:5:[m[K [01;31m[Kerror: [m[Kâ€˜[01m[Ktd[m[Kâ€™ has not been declared
[1.439s]   130 |     [01;31m[Ktd[m[K::lock_guard<std::mutex> lock(data_mode_mutex_);
[1.439s]       |     [01;31m[K^~[m[K
[1.439s] [01m[K/home/juchunyu/dog_ws/src/dog_control/src/dog_driver_node.cpp:130:30:[m[K [01;31m[Kerror: [m[Kexpected primary-expression before â€˜[01m[K>[m[Kâ€™ token
[1.439s]   130 |     td::lock_guard<std::mutex[01;31m[K>[m[K lock(data_mode_mutex_);
[1.439s]       |                              [01;31m[K^[m[K
[1.439s] [01m[K/home/juchunyu/dog_ws/src/dog_control/src/dog_driver_node.cpp:130:36:[m[K [01;31m[Kerror: [m[Kno matching function for call to â€˜[01m[Klock(std::mutex&)[m[Kâ€™
[1.439s]   130 |     td::lock_guard<std::mutex> [01;31m[Klock(data_mode_mutex_)[m[K;
[1.439s]       |                                [01;31m[K~~~~^~~~~~~~~~~~~~~~~~[m[K
[1.439s] In file included from [01m[K/opt/ros/jazzy/include/rclcpp/rclcpp/context.hpp:21[m[K,
[1.439s]                  from [01m[K/opt/ros/jazzy/include/rclcpp/rclcpp/utilities.hpp:24[m[K,
[1.439s]                  from [01m[K/opt/ros/jazzy/include/rclcpp/rclcpp/logging.hpp:25[m[K,
[1.440s]                  from [01m[K/opt/ros/jazzy/include/rclcpp/rclcpp/copy_all_parameter_values.hpp:27[m[K,
[1.440s]                  from [01m[K/opt/ros/jazzy/include/rclcpp/rclcpp/rclcpp.hpp:171[m[K,
[1.440s]                  from [01m[K/home/juchunyu/dog_ws/src/dog_control/include/dog_driver.h:10[m[K,
[1.440s]                  from [01m[K/home/juchunyu/dog_ws/src/dog_control/src/dog_driver_node.cpp:1[m[K:
[1.440s] [01m[K/usr/include/c++/13/mutex:693:5:[m[K [01;36m[Knote: [m[Kcandidate: â€˜[01m[Ktemplate<class _L1, class _L2, class ... _L3> void std::[01;32m[Klock[m[K(_L1&, _L2&, _L3& ...)[m[Kâ€™
[1.440s]   693 |     [01;36m[Klock[m[K(_L1& __l1, _L2& __l2, _L3&... __l3)
[1.440s]       |     [01;36m[K^~~~[m[K
[1.440s] [01m[K/usr/include/c++/13/mutex:693:5:[m[K [01;36m[Knote: [m[K  template argument deduction/substitution failed:
[1.440s] [01m[K/home/juchunyu/dog_ws/src/dog_control/src/dog_driver_node.cpp:130:36:[m[K [01;36m[Knote: [m[K  candidate expects at least 2 arguments, 1 provided
[1.440s]   130 |     td::lock_guard<std::mutex> [01;36m[Klock(data_mode_mutex_)[m[K;
[1.440s]       |                                [01;36m[K~~~~^~~~~~~~~~~~~~~~~~[m[K
[1.440s] [01m[K/home/juchunyu/dog_ws/src/dog_control/src/dog_driver_node.cpp:[m[K In member function â€˜[01m[Kvoid DogDriverNode::[01;32m[KgetRobotStateCallback[m[K()[m[Kâ€™:
[1.440s] [01m[K/home/juchunyu/dog_ws/src/dog_control/src/dog_driver_node.cpp:195:18:[m[K [01;35m[Kwarning: [m[Kunused variable â€˜[01m[Kret[m[Kâ€™ [[01;35m[K]8;;https://gcc.gnu.org/onlinedocs/gcc/Warning-Options.html#index-Wunused-variable-Wunused-variable]8;;[m[K]
[1.440s]   195 |         uint32_t [01;35m[Kret[m[K = highlevel_->getBatteryPower();
[1.440s]       |                  [01;35m[K^~~[m[K
[3.185s] gmake[2]: *** [CMakeFiles/dog_driver_node.dir/build.make:76ï¼šCMakeFiles/dog_driver_node.dir/src/dog_driver_node.cpp.o] é”™è¯¯ 1
[3.185s] gmake[1]: *** [CMakeFiles/Makefile2:139ï¼šCMakeFiles/dog_driver_node.dir/all] é”™è¯¯ 2
[3.185s] gmake: *** [Makefile:146ï¼šall] é”™è¯¯ 2
[3.187s] Invoked command in '/home/juchunyu/dog_ws/build/dog_control' returned '2': CMAKE_PREFIX_PATH=${CMAKE_PREFIX_PATH}:/opt/ros/jazzy DEBUGINFOD_URLS=https://debuginfod.ubuntu.com /usr/bin/cmake --build /home/juchunyu/dog_ws/build/dog_control -- -j16 -l16
