[0.012s] Invoking command in '/home/juchunyu/dog_ws/build/teb_planner': CMAKE_PREFIX_PATH=${CMAKE_PREFIX_PATH}:/opt/ros/jazzy DEBUGINFOD_URLS=https://debuginfod.ubuntu.com /usr/bin/cmake --build /home/juchunyu/dog_ws/build/teb_planner -- -j16 -l16
[0.097s] [ 11%] [32mBuilding CXX object Teb/CMakeFiles/teb.dir/src/teb_local_Planner_interface.cpp.o[0m
[2.055s] [01m[K/home/juchunyu/dog_ws/src/Teb_planner_standard/Teb_planner/Teb/src/teb_local_Planner_interface.cpp:[m[K In member function â€˜[01m[Kvoid irpc::planning::TebPlannerInterface::[01;32m[Kinitialize[m[K()[m[Kâ€™:
[2.055s] [01m[K/home/juchunyu/dog_ws/src/Teb_planner_standard/Teb_planner/Teb/src/teb_local_Planner_interface.cpp:26:72:[m[K [01;31m[Kerror: [m[Kno match for â€˜[01m[Koperator=[m[Kâ€™ (operand types are â€˜[01m[Kstd::shared_ptr<teb_local_planner::TebConfig>[m[Kâ€™ and â€˜[01m[Kboost::detail::sp_if_not_array<teb_local_planner::TebConfig>::type[m[Kâ€™ {aka â€˜[01m[Kboost::shared_ptr<teb_local_planner::TebConfig>[m[Kâ€™})
[2.055s]    26 |             config_ = boost::make_shared<teb_local_planner::TebConfig>([01;31m[K)[m[K;
[2.055s]       |                                                                        [01;31m[K^[m[K
[2.055s] In file included from [01m[K/usr/include/c++/13/memory:80[m[K,
[2.055s]                  from [01m[K/home/juchunyu/dog_ws/src/Teb_planner_standard/Teb_planner/./Teb/include/g2o/stuff/misc.h:34[m[K,
[2.055s]                  from [01m[K/home/juchunyu/dog_ws/src/Teb_planner_standard/Teb_planner/./Teb/include/pose_se2.h:4[m[K,
[2.055s]                  from [01m[K/home/juchunyu/dog_ws/src/Teb_planner_standard/Teb_planner/./Teb/include/teb_local_planner_interface.h:12[m[K,
[2.055s]                  from [01m[K/home/juchunyu/dog_ws/src/Teb_planner_standard/Teb_planner/Teb/src/teb_local_Planner_interface.cpp:1[m[K:
[2.055s] [01m[K/usr/include/c++/13/bits/shared_ptr.h:418:9:[m[K [01;36m[Knote: [m[Kcandidate: â€˜[01m[Ktemplate<class _Yp> std::shared_ptr<_Tp>::_Assignable<const std::shared_ptr<_Yp>&> std::shared_ptr<_Tp>::[01;32m[Koperator=[m[K(const std::shared_ptr<_Yp>&) [35m[K[with _Tp = teb_local_planner::TebConfig][m[K[m[Kâ€™
[2.055s]   418 |         [01;36m[Koperator[m[K=(const shared_ptr<_Yp>& __r) noexcept
[2.055s]       |         [01;36m[K^~~~~~~~[m[K
[2.055s] [01m[K/usr/include/c++/13/bits/shared_ptr.h:418:9:[m[K [01;36m[Knote: [m[K  template argument deduction/substitution failed:
[2.055s] [01m[K/home/juchunyu/dog_ws/src/Teb_planner_standard/Teb_planner/Teb/src/teb_local_Planner_interface.cpp:26:72:[m[K [01;36m[Knote: [m[K  â€˜[01m[Kboost::detail::sp_if_not_array<teb_local_planner::TebConfig>::type[m[Kâ€™ {aka â€˜[01m[Kboost::shared_ptr<teb_local_planner::TebConfig>[m[Kâ€™} is not derived from â€˜[01m[Kconst std::shared_ptr<_Tp>[m[Kâ€™
[2.055s]    26 |             config_ = boost::make_shared<teb_local_planner::TebConfig>([01;36m[K)[m[K;
[2.055s]       |                                                                        [01;36m[K^[m[K
[2.055s] [01m[K/usr/include/c++/13/bits/shared_ptr.h:429:9:[m[K [01;36m[Knote: [m[Kcandidate: â€˜[01m[Ktemplate<class _Yp> std::shared_ptr<_Tp>::_Assignable<std::auto_ptr<_Up> > std::shared_ptr<_Tp>::[01;32m[Koperator=[m[K(std::auto_ptr<_Up>&&) [35m[K[with _Tp = teb_local_planner::TebConfig][m[K[m[Kâ€™
[2.055s]   429 |         [01;36m[Koperator[m[K=(auto_ptr<_Yp>&& __r)
[2.055s]       |         [01;36m[K^~~~~~~~[m[K
[2.055s] [01m[K/usr/include/c++/13/bits/shared_ptr.h:429:9:[m[K [01;36m[Knote: [m[K  template argument deduction/substitution failed:
[2.055s] [01m[K/home/juchunyu/dog_ws/src/Teb_planner_standard/Teb_planner/Teb/src/teb_local_Planner_interface.cpp:26:72:[m[K [01;36m[Knote: [m[K  â€˜[01m[Kboost::detail::sp_if_not_array<teb_local_planner::TebConfig>::type[m[Kâ€™ {aka â€˜[01m[Kboost::shared_ptr<teb_local_planner::TebConfig>[m[Kâ€™} is not derived from â€˜[01m[Kstd::auto_ptr<Y>[m[Kâ€™
[2.055s]    26 |             config_ = boost::make_shared<teb_local_planner::TebConfig>([01;36m[K)[m[K;
[2.056s]       |                                                                        [01;36m[K^[m[K
[2.056s] [01m[K/usr/include/c++/13/bits/shared_ptr.h:446:9:[m[K [01;36m[Knote: [m[Kcandidate: â€˜[01m[Ktemplate<class _Yp> std::shared_ptr<_Tp>::_Assignable<std::shared_ptr<_Yp> > std::shared_ptr<_Tp>::[01;32m[Koperator=[m[K(std::shared_ptr<_Yp>&&) [35m[K[with _Tp = teb_local_planner::TebConfig][m[K[m[Kâ€™
[2.056s]   446 |         [01;36m[Koperator[m[K=(shared_ptr<_Yp>&& __r) noexcept
[2.056s]       |         [01;36m[K^~~~~~~~[m[K
[2.056s] [01m[K/usr/include/c++/13/bits/shared_ptr.h:446:9:[m[K [01;36m[Knote: [m[K  template argument deduction/substitution failed:
[2.056s] [01m[K/home/juchunyu/dog_ws/src/Teb_planner_standard/Teb_planner/Teb/src/teb_local_Planner_interface.cpp:26:72:[m[K [01;36m[Knote: [m[K  â€˜[01m[Kboost::detail::sp_if_not_array<teb_local_planner::TebConfig>::type[m[Kâ€™ {aka â€˜[01m[Kboost::shared_ptr<teb_local_planner::TebConfig>[m[Kâ€™} is not derived from â€˜[01m[Kstd::shared_ptr<_Tp>[m[Kâ€™
[2.056s]    26 |             config_ = boost::make_shared<teb_local_planner::TebConfig>([01;36m[K)[m[K;
[2.056s]       |                                                                        [01;36m[K^[m[K
[2.056s] [01m[K/usr/include/c++/13/bits/shared_ptr.h:454:9:[m[K [01;36m[Knote: [m[Kcandidate: â€˜[01m[Ktemplate<class _Yp, class _Del> std::shared_ptr<_Tp>::_Assignable<std::unique_ptr<_Up, _Ep> > std::shared_ptr<_Tp>::[01;32m[Koperator=[m[K(std::unique_ptr<_Up, _Ep>&&) [35m[K[with _Del = _Yp; _Tp = teb_local_planner::TebConfig][m[K[m[Kâ€™
[2.056s]   454 |         [01;36m[Koperator[m[K=(unique_ptr<_Yp, _Del>&& __r)
[2.056s]       |         [01;36m[K^~~~~~~~[m[K
[2.056s] [01m[K/usr/include/c++/13/bits/shared_ptr.h:454:9:[m[K [01;36m[Knote: [m[K  template argument deduction/substitution failed:
[2.056s] [01m[K/home/juchunyu/dog_ws/src/Teb_planner_standard/Teb_planner/Teb/src/teb_local_Planner_interface.cpp:26:72:[m[K [01;36m[Knote: [m[K  â€˜[01m[Kboost::detail::sp_if_not_array<teb_local_planner::TebConfig>::type[m[Kâ€™ {aka â€˜[01m[Kboost::shared_ptr<teb_local_planner::TebConfig>[m[Kâ€™} is not derived from â€˜[01m[Kstd::unique_ptr<_Tp, _Dp>[m[Kâ€™
[2.056s]    26 |             config_ = boost::make_shared<teb_local_planner::TebConfig>([01;36m[K)[m[K;
[2.056s]       |                                                                        [01;36m[K^[m[K
[2.056s] [01m[K/usr/include/c++/13/bits/shared_ptr.h:414:19:[m[K [01;36m[Knote: [m[Kcandidate: â€˜[01m[Kstd::shared_ptr<_Tp>& std::shared_ptr<_Tp>::[01;32m[Koperator=[m[K(const std::shared_ptr<_Tp>&) [35m[K[with _Tp = teb_local_planner::TebConfig][m[K[m[Kâ€™
[2.056s]   414 |       shared_ptr& [01;36m[Koperator[m[K=(const shared_ptr&) noexcept = default;
[2.056s]       |                   [01;36m[K^~~~~~~~[m[K
[2.056s] [01m[K/usr/include/c++/13/bits/shared_ptr.h:414:29:[m[K [01;36m[Knote: [m[K  no known conversion for argument 1 from â€˜[01m[Kboost::detail::sp_if_not_array<teb_local_planner::TebConfig>::type[m[Kâ€™ {aka â€˜[01m[Kboost::shared_ptr<teb_local_planner::TebConfig>[m[Kâ€™} to â€˜[01m[Kconst std::shared_ptr<teb_local_planner::TebConfig>&[m[Kâ€™
[2.056s]   414 |       shared_ptr& operator=([01;36m[Kconst shared_ptr&[m[K) noexcept = default;
[2.056s]       |                             [01;36m[K^~~~~~~~~~~~~~~~~[m[K
[2.056s] [01m[K/usr/include/c++/13/bits/shared_ptr.h:438:7:[m[K [01;36m[Knote: [m[Kcandidate: â€˜[01m[Kstd::shared_ptr<_Tp>& std::shared_ptr<_Tp>::[01;32m[Koperator=[m[K(std::shared_ptr<_Tp>&&) [35m[K[with _Tp = teb_local_planner::TebConfig][m[K[m[Kâ€™
[2.056s]   438 |       [01;36m[Koperator[m[K=(shared_ptr&& __r) noexcept
[2.056s]       |       [01;36m[K^~~~~~~~[m[K
[2.056s] [01m[K/usr/include/c++/13/bits/shared_ptr.h:438:30:[m[K [01;36m[Knote: [m[K  no known conversion for argument 1 from â€˜[01m[Kboost::detail::sp_if_not_array<teb_local_planner::TebConfig>::type[m[Kâ€™ {aka â€˜[01m[Kboost::shared_ptr<teb_local_planner::TebConfig>[m[Kâ€™} to â€˜[01m[Kstd::shared_ptr<teb_local_planner::TebConfig>&&[m[Kâ€™
[2.057s]   438 |       operator=([01;36m[Kshared_ptr&& __r[m[K) noexcept
[2.057s]       |                 [01;36m[K~~~~~~~~~~~~~^~~[m[K
[2.057s] [01m[K/home/juchunyu/dog_ws/src/Teb_planner_standard/Teb_planner/Teb/src/teb_local_Planner_interface.cpp:28:109:[m[K [01;31m[Kerror: [m[Kno matching function for call to â€˜[01m[Kteb_local_planner::TebVisualization::TebVisualization(std::shared_ptr<teb_local_planner::TebConfig>&)[m[Kâ€™
[2.057s]    28 |             visual_ = teb_local_planner::TebVisualizationPtr(new teb_local_planner::TebVisualization(config_[01;31m[K)[m[K);
[2.057s]       |                                                                                                             [01;31m[K^[m[K
[2.057s] In file included from [01m[K/home/juchunyu/dog_ws/src/Teb_planner_standard/Teb_planner/./Teb/include/optimal_planner.h:12[m[K,
[2.057s]                  from [01m[K/home/juchunyu/dog_ws/src/Teb_planner_standard/Teb_planner/./Teb/include/teb_local_planner_interface.h:15[m[K:
[2.057s] [01m[K/home/juchunyu/dog_ws/src/Teb_planner_standard/Teb_planner/./Teb/include/visualization.h:40:9:[m[K [01;36m[Knote: [m[Kcandidate: â€˜[01m[Kteb_local_planner::TebVisualization::[01;32m[KTebVisualization[m[K(const teb_local_planner::TebConfig&)[m[Kâ€™
[2.057s]    40 |         [01;36m[KTebVisualization[m[K(const TebConfig& cfg);
[2.057s]       |         [01;36m[K^~~~~~~~~~~~~~~~[m[K
[2.057s] [01m[K/home/juchunyu/dog_ws/src/Teb_planner_standard/Teb_planner/./Teb/include/visualization.h:40:43:[m[K [01;36m[Knote: [m[K  no known conversion for argument 1 from â€˜[01m[Kstd::shared_ptr<teb_local_planner::TebConfig>[m[Kâ€™ to â€˜[01m[Kconst teb_local_planner::TebConfig&[m[Kâ€™
[2.057s]    40 |         TebVisualization([01;36m[Kconst TebConfig& cfg[m[K);
[2.057s]       |                          [01;36m[K~~~~~~~~~~~~~~~~~^~~[m[K
[2.057s] [01m[K/home/juchunyu/dog_ws/src/Teb_planner_standard/Teb_planner/./Teb/include/visualization.h:33:9:[m[K [01;36m[Knote: [m[Kcandidate: â€˜[01m[Kteb_local_planner::TebVisualization::[01;32m[KTebVisualization[m[K()[m[Kâ€™
[2.057s]    33 |         [01;36m[KTebVisualization[m[K();
[2.057s]       |         [01;36m[K^~~~~~~~~~~~~~~~[m[K
[2.057s] [01m[K/home/juchunyu/dog_ws/src/Teb_planner_standard/Teb_planner/./Teb/include/visualization.h:33:9:[m[K [01;36m[Knote: [m[K  candidate expects 0 arguments, 1 provided
[2.057s] [01m[K/home/juchunyu/dog_ws/src/Teb_planner_standard/Teb_planner/./Teb/include/visualization.h:25:11:[m[K [01;36m[Knote: [m[Kcandidate: â€˜[01m[Kconstexpr teb_local_planner::TebVisualization::[01;32m[KTebVisualization[m[K(const teb_local_planner::TebVisualization&)[m[Kâ€™
[2.057s]    25 |     class [01;36m[KTebVisualization[m[K
[2.057s]       |           [01;36m[K^~~~~~~~~~~~~~~~[m[K
[2.057s] [01m[K/home/juchunyu/dog_ws/src/Teb_planner_standard/Teb_planner/./Teb/include/visualization.h:25:11:[m[K [01;36m[Knote: [m[K  no known conversion for argument 1 from â€˜[01m[Kstd::shared_ptr<teb_local_planner::TebConfig>[m[Kâ€™ to â€˜[01m[Kconst teb_local_planner::TebVisualization&[m[Kâ€™
[2.057s] [01m[K/home/juchunyu/dog_ws/src/Teb_planner_standard/Teb_planner/./Teb/include/visualization.h:25:11:[m[K [01;36m[Knote: [m[Kcandidate: â€˜[01m[Kconstexpr teb_local_planner::TebVisualization::[01;32m[KTebVisualization[m[K(teb_local_planner::TebVisualization&&)[m[Kâ€™
[2.057s] [01m[K/home/juchunyu/dog_ws/src/Teb_planner_standard/Teb_planner/./Teb/include/visualization.h:25:11:[m[K [01;36m[Knote: [m[K  no known conversion for argument 1 from â€˜[01m[Kstd::shared_ptr<teb_local_planner::TebConfig>[m[Kâ€™ to â€˜[01m[Kteb_local_planner::TebVisualization&&[m[Kâ€™
[2.057s] [01m[K/home/juchunyu/dog_ws/src/Teb_planner_standard/Teb_planner/Teb/src/teb_local_Planner_interface.cpp:31:128:[m[K [01;31m[Kerror: [m[Kno match for â€˜[01m[Koperator=[m[Kâ€™ (operand types are â€˜[01m[Kstd::shared_ptr<teb_local_planner::TebOptimalPlanner>[m[Kâ€™ and â€˜[01m[Kboost::detail::sp_if_not_array<teb_local_planner::TebOptimalPlanner>::type[m[Kâ€™ {aka â€˜[01m[Kboost::shared_ptr<teb_local_planner::TebOptimalPlanner>[m[Kâ€™})
[2.057s]    31 |             planner_ = boost::make_shared<teb_local_planner::TebOptimalPlanner>(config_, &obstacles_, robot_model_, &viaPoints_[01;31m[K)[m[K;
[2.057s]       |                                                                                                                                [01;31m[K^[m[K
[2.057s] [01m[K/usr/include/c++/13/bits/shared_ptr.h:418:9:[m[K [01;36m[Knote: [m[Kcandidate: â€˜[01m[Ktemplate<class _Yp> std::shared_ptr<_Tp>::_Assignable<const std::shared_ptr<_Yp>&> std::shared_ptr<_Tp>::[01;32m[Koperator=[m[K(const std::shared_ptr<_Yp>&) [35m[K[with _Tp = teb_local_planner::TebOptimalPlanner][m[K[m[Kâ€™
[2.058s]   418 |         [01;36m[Koperator[m[K=(const shared_ptr<_Yp>& __r) noexcept
[2.058s]       |         [01;36m[K^~~~~~~~[m[K
[2.058s] [01m[K/usr/include/c++/13/bits/shared_ptr.h:418:9:[m[K [01;36m[Knote: [m[K  template argument deduction/substitution failed:
[2.058s] [01m[K/home/juchunyu/dog_ws/src/Teb_planner_standard/Teb_planner/Teb/src/teb_local_Planner_interface.cpp:31:128:[m[K [01;36m[Knote: [m[K  â€˜[01m[Kboost::detail::sp_if_not_array<teb_local_planner::TebOptimalPlanner>::type[m[Kâ€™ {aka â€˜[01m[Kboost::shared_ptr<teb_local_planner::TebOptimalPlanner>[m[Kâ€™} is not derived from â€˜[01m[Kconst std::shared_ptr<_Tp>[m[Kâ€™
[2.058s]    31 |             planner_ = boost::make_shared<teb_local_planner::TebOptimalPlanner>(config_, &obstacles_, robot_model_, &viaPoints_[01;36m[K)[m[K;
[2.058s]       |                                                                                                                                [01;36m[K^[m[K
[2.058s] [01m[K/usr/include/c++/13/bits/shared_ptr.h:429:9:[m[K [01;36m[Knote: [m[Kcandidate: â€˜[01m[Ktemplate<class _Yp> std::shared_ptr<_Tp>::_Assignable<std::auto_ptr<_Up> > std::shared_ptr<_Tp>::[01;32m[Koperator=[m[K(std::auto_ptr<_Up>&&) [35m[K[with _Tp = teb_local_planner::TebOptimalPlanner][m[K[m[Kâ€™
[2.058s]   429 |         [01;36m[Koperator[m[K=(auto_ptr<_Yp>&& __r)
[2.058s]       |         [01;36m[K^~~~~~~~[m[K
[2.058s] [01m[K/usr/include/c++/13/bits/shared_ptr.h:429:9:[m[K [01;36m[Knote: [m[K  template argument deduction/substitution failed:
[2.058s] [01m[K/home/juchunyu/dog_ws/src/Teb_planner_standard/Teb_planner/Teb/src/teb_local_Planner_interface.cpp:31:128:[m[K [01;36m[Knote: [m[K  â€˜[01m[Kboost::detail::sp_if_not_array<teb_local_planner::TebOptimalPlanner>::type[m[Kâ€™ {aka â€˜[01m[Kboost::shared_ptr<teb_local_planner::TebOptimalPlanner>[m[Kâ€™} is not derived from â€˜[01m[Kstd::auto_ptr<Y>[m[Kâ€™
[2.058s]    31 |             planner_ = boost::make_shared<teb_local_planner::TebOptimalPlanner>(config_, &obstacles_, robot_model_, &viaPoints_[01;36m[K)[m[K;
[2.058s]       |                                                                                                                                [01;36m[K^[m[K
[2.058s] [01m[K/usr/include/c++/13/bits/shared_ptr.h:446:9:[m[K [01;36m[Knote: [m[Kcandidate: â€˜[01m[Ktemplate<class _Yp> std::shared_ptr<_Tp>::_Assignable<std::shared_ptr<_Yp> > std::shared_ptr<_Tp>::[01;32m[Koperator=[m[K(std::shared_ptr<_Yp>&&) [35m[K[with _Tp = teb_local_planner::TebOptimalPlanner][m[K[m[Kâ€™
[2.058s]   446 |         [01;36m[Koperator[m[K=(shared_ptr<_Yp>&& __r) noexcept
[2.058s]       |         [01;36m[K^~~~~~~~[m[K
[2.058s] [01m[K/usr/include/c++/13/bits/shared_ptr.h:446:9:[m[K [01;36m[Knote: [m[K  template argument deduction/substitution failed:
[2.058s] [01m[K/home/juchunyu/dog_ws/src/Teb_planner_standard/Teb_planner/Teb/src/teb_local_Planner_interface.cpp:31:128:[m[K [01;36m[Knote: [m[K  â€˜[01m[Kboost::detail::sp_if_not_array<teb_local_planner::TebOptimalPlanner>::type[m[Kâ€™ {aka â€˜[01m[Kboost::shared_ptr<teb_local_planner::TebOptimalPlanner>[m[Kâ€™} is not derived from â€˜[01m[Kstd::shared_ptr<_Tp>[m[Kâ€™
[2.058s]    31 |             planner_ = boost::make_shared<teb_local_planner::TebOptimalPlanner>(config_, &obstacles_, robot_model_, &viaPoints_[01;36m[K)[m[K;
[2.058s]       |                                                                                                                                [01;36m[K^[m[K
[2.058s] [01m[K/usr/include/c++/13/bits/shared_ptr.h:454:9:[m[K [01;36m[Knote: [m[Kcandidate: â€˜[01m[Ktemplate<class _Yp, class _Del> std::shared_ptr<_Tp>::_Assignable<std::unique_ptr<_Up, _Ep> > std::shared_ptr<_Tp>::[01;32m[Koperator=[m[K(std::unique_ptr<_Up, _Ep>&&) [35m[K[with _Del = _Yp; _Tp = teb_local_planner::TebOptimalPlanner][m[K[m[Kâ€™
[2.058s]   454 |         [01;36m[Koperator[m[K=(unique_ptr<_Yp, _Del>&& __r)
[2.058s]       |         [01;36m[K^~~~~~~~[m[K
[2.058s] [01m[K/usr/include/c++/13/bits/shared_ptr.h:454:9:[m[K [01;36m[Knote: [m[K  template argument deduction/substitution failed:
[2.058s] [01m[K/home/juchunyu/dog_ws/src/Teb_planner_standard/Teb_planner/Teb/src/teb_local_Planner_interface.cpp:31:128:[m[K [01;36m[Knote: [m[K  â€˜[01m[Kboost::detail::sp_if_not_array<teb_local_planner::TebOptimalPlanner>::type[m[Kâ€™ {aka â€˜[01m[Kboost::shared_ptr<teb_local_planner::TebOptimalPlanner>[m[Kâ€™} is not derived from â€˜[01m[Kstd::unique_ptr<_Tp, _Dp>[m[Kâ€™
[2.058s]    31 |             planner_ = boost::make_shared<teb_local_planner::TebOptimalPlanner>(config_, &obstacles_, robot_model_, &viaPoints_[01;36m[K)[m[K;
[2.058s]       |                                                                                                                                [01;36m[K^[m[K
[2.058s] [01m[K/usr/include/c++/13/bits/shared_ptr.h:414:19:[m[K [01;36m[Knote: [m[Kcandidate: â€˜[01m[Kstd::shared_ptr<_Tp>& std::shared_ptr<_Tp>::[01;32m[Koperator=[m[K(const std::shared_ptr<_Tp>&) [35m[K[with _Tp = teb_local_planner::TebOptimalPlanner][m[K[m[Kâ€™
[2.058s]   414 |       shared_ptr& [01;36m[Koperator[m[K=(const shared_ptr&) noexcept = default;
[2.059s]       |                   [01;36m[K^~~~~~~~[m[K
[2.059s] [01m[K/usr/include/c++/13/bits/shared_ptr.h:414:29:[m[K [01;36m[Knote: [m[K  no known conversion for argument 1 from â€˜[01m[Kboost::detail::sp_if_not_array<teb_local_planner::TebOptimalPlanner>::type[m[Kâ€™ {aka â€˜[01m[Kboost::shared_ptr<teb_local_planner::TebOptimalPlanner>[m[Kâ€™} to â€˜[01m[Kconst std::shared_ptr<teb_local_planner::TebOptimalPlanner>&[m[Kâ€™
[2.059s]   414 |       shared_ptr& operator=([01;36m[Kconst shared_ptr&[m[K) noexcept = default;
[2.059s]       |                             [01;36m[K^~~~~~~~~~~~~~~~~[m[K
[2.059s] [01m[K/usr/include/c++/13/bits/shared_ptr.h:438:7:[m[K [01;36m[Knote: [m[Kcandidate: â€˜[01m[Kstd::shared_ptr<_Tp>& std::shared_ptr<_Tp>::[01;32m[Koperator=[m[K(std::shared_ptr<_Tp>&&) [35m[K[with _Tp = teb_local_planner::TebOptimalPlanner][m[K[m[Kâ€™
[2.059s]   438 |       [01;36m[Koperator[m[K=(shared_ptr&& __r) noexcept
[2.059s]       |       [01;36m[K^~~~~~~~[m[K
[2.059s] [01m[K/usr/include/c++/13/bits/shared_ptr.h:438:30:[m[K [01;36m[Knote: [m[K  no known conversion for argument 1 from â€˜[01m[Kboost::detail::sp_if_not_array<teb_local_planner::TebOptimalPlanner>::type[m[Kâ€™ {aka â€˜[01m[Kboost::shared_ptr<teb_local_planner::TebOptimalPlanner>[m[Kâ€™} to â€˜[01m[Kstd::shared_ptr<teb_local_planner::TebOptimalPlanner>&&[m[Kâ€™
[2.059s]   438 |       operator=([01;36m[Kshared_ptr&& __r[m[K) noexcept
[2.059s]       |                 [01;36m[K~~~~~~~~~~~~~^~~[m[K
[2.059s] [01m[K/home/juchunyu/dog_ws/src/Teb_planner_standard/Teb_planner/Teb/src/teb_local_Planner_interface.cpp:[m[K In member function â€˜[01m[Kvoid irpc::planning::TebPlannerInterface::[01;32m[KsetObstacleInfo[m[K(std::vector<irpc::planning::obstacleInfo>&)[m[Kâ€™:
[2.059s] [01m[K/home/juchunyu/dog_ws/src/Teb_planner_standard/Teb_planner/Teb/src/teb_local_Planner_interface.cpp:54:59:[m[K [01;35m[Kwarning: [m[Kformat â€˜[01m[K%d[m[Kâ€™ expects argument of type â€˜[01m[Kint[m[Kâ€™, but argument 2 has type â€˜[01m[Kstd::vector<boost::shared_ptr<teb_local_planner::Obstacle> >::size_type[m[Kâ€™ {aka â€˜[01m[Klong unsigned int[m[Kâ€™} [[01;35m[K]8;;https://gcc.gnu.org/onlinedocs/gcc/Warning-Options.html#index-Wformat=-Wformat=]8;;[m[K]
[2.059s]    54 |             printf("TebPlannerInterface::setObstacleInfo:[01;35m[K%d[m[K\n",[32m[Kobstacles_.size()[m[K);
[2.059s]       |                                                          [01;35m[K~^[m[K    [32m[K~~~~~~~~~~~~~~~~~[m[K
[2.059s]       |                                                           [01;35m[K|[m[K                   [32m[K|[m[K
[2.059s]       |                                                           [01;35m[Kint[m[K                 [32m[Kstd::vector<boost::shared_ptr<teb_local_planner::Obstacle> >::size_type {aka long unsigned int}[m[K
[2.059s]       |                                                          [32m[K%ld[m[K
[2.063s] [01m[K/home/juchunyu/dog_ws/src/Teb_planner_standard/Teb_planner/Teb/src/teb_local_Planner_interface.cpp:[m[K In member function â€˜[01m[Kbool irpc::planning::TebPlannerInterface::[01;32m[Kplan[m[K(irpc::planning::cmdInfo&, std::vector<Eigen::Matrix<float, 3, 1> >&)[m[Kâ€™:
[2.063s] [01m[K/home/juchunyu/dog_ws/src/Teb_planner_standard/Teb_planner/Teb/src/teb_local_Planner_interface.cpp:89:56:[m[K [01;31m[Kerror: [m[Kâ€˜[01m[Kvel_start[m[Kâ€™ was not declared in this scope; did you mean â€˜[01m[KvelStart[m[Kâ€™?
[2.063s]    89 |             plannerStatus = planner_->plan(start,goal,&[01;31m[Kvel_start[m[K,true);
[2.063s]       |                                                        [01;31m[K^~~~~~~~~[m[K
[2.063s]       |                                                        [32m[KvelStart[m[K
[2.064s] [01m[K/home/juchunyu/dog_ws/src/Teb_planner_standard/Teb_planner/Teb/src/teb_local_Planner_interface.cpp:98:46:[m[K [01;31m[Kerror: [m[Kâ€˜[01m[Kstruct teb_local_planner::TebConfig::Robot[m[Kâ€™ has no member named â€˜[01m[Kmax_vel[m[Kâ€™; did you mean â€˜[01m[Kmax_vel_x[m[Kâ€™?
[2.064s]    98 |                 float max_v = config_->robot.[01;31m[Kmax_vel[m[K;
[2.064s]       |                                              [01;31m[K^~~~~~~[m[K
[2.064s]       |                                              [32m[Kmax_vel_x[m[K
[2.064s] [01m[K/home/juchunyu/dog_ws/src/Teb_planner_standard/Teb_planner/Teb/src/teb_local_Planner_interface.cpp:118:9:[m[K [01;35m[Kwarning: [m[Kno return statement in function returning non-void [[01;35m[K]8;;https://gcc.gnu.org/onlinedocs/gcc/Warning-Options.html#index-Wreturn-type-Wreturn-type]8;;[m[K]
[2.064s]   118 |         [01;35m[K}[m[K
[2.064s]       |         [01;35m[K^[m[K
[2.134s] In file included from [01m[K/usr/include/boost/smart_ptr/make_shared.hpp:15[m[K,
[2.134s]                  from [01m[K/usr/include/boost/make_shared.hpp:14[m[K,
[2.134s]                  from [01m[K/usr/include/boost/smart_ptr.hpp:24[m[K,
[2.134s]                  from [01m[K/home/juchunyu/dog_ws/src/Teb_planner_standard/Teb_planner/./Teb/include/robot_footprint_model.h:5[m[K,
[2.134s]                  from [01m[K/home/juchunyu/dog_ws/src/Teb_planner_standard/Teb_planner/./Teb/include/teb_local_planner_interface.h:13[m[K:
[2.134s] /usr/include/boost/smart_ptr/make_shared_object.hpp: In instantiation of â€˜[01m[Ktypename boost::detail::sp_if_not_array<T>::type boost::[01;32m[Kmake_shared[m[K(Args&& ...) [35m[K[with T = teb_local_planner::TebOptimalPlanner; Args = {std::shared_ptr<teb_local_planner::TebConfig>&, std::vector<shared_ptr<teb_local_planner::Obstacle>, std::allocator<shared_ptr<teb_local_planner::Obstacle> > >*, shared_ptr<teb_local_planner::BaseRobotFootprintModel>&, std::vector<Eigen::Matrix<double, 2, 1, 0, 2, 1>, Eigen::aligned_allocator<Eigen::Matrix<double, 2, 1, 0, 2, 1> > >*}; typename detail::sp_if_not_array<T>::type = shared_ptr<teb_local_planner::TebOptimalPlanner>][m[K[m[Kâ€™:
[2.134s] [01m[K/home/juchunyu/dog_ws/src/Teb_planner_standard/Teb_planner/Teb/src/teb_local_Planner_interface.cpp:31:80:[m[K   required from here
[2.134s] [01m[K/usr/include/boost/smart_ptr/make_shared_object.hpp:257:5:[m[K [01;31m[Kerror: [m[Kno matching function for call to â€˜[01m[Kteb_local_planner::TebOptimalPlanner::TebOptimalPlanner(std::shared_ptr<teb_local_planner::TebConfig>&, std::vector<boost::shared_ptr<teb_local_planner::Obstacle> >*, boost::shared_ptr<teb_local_planner::BaseRobotFootprintModel>&, std::vector<Eigen::Matrix<double, 2, 1>, Eigen::aligned_allocator<Eigen::Matrix<double, 2, 1> > >*)[m[Kâ€™
[2.134s]   257 |     [01;31m[K::new( pv ) T( boost::detail::sp_forward<Args>( args )... )[m[K;
[2.134s]       |     [01;31m[K^~~~~~~~~~~~~~~~~~~~~~~~~~~~~~~~~~~~~~~~~~~~~~~~~~~~~~~~~~~[m[K
[2.134s] [01m[K/home/juchunyu/dog_ws/src/Teb_planner_standard/Teb_planner/./Teb/include/optimal_planner.h:84:9:[m[K [01;36m[Knote: [m[Kcandidate: â€˜[01m[Kteb_local_planner::TebOptimalPlanner::[01;32m[KTebOptimalPlanner[m[K(const teb_local_planner::TebConfig&, teb_local_planner::ObstContainer*, teb_local_planner::RobotFootprintModelPtr, teb_local_planner::TebVisualizationPtr, const teb_local_planner::ViaPointContainer*)[m[Kâ€™
[2.134s]    84 |         [01;36m[KTebOptimalPlanner[m[K(const TebConfig& cfg, ObstContainer* obstacles = NULL, RobotFootprintModelPtr robot_model = boost::make_shared<PointRobotFootprint>(),
[2.134s]       |         [01;36m[K^~~~~~~~~~~~~~~~~[m[K
[2.134s] [01m[K/home/juchunyu/dog_ws/src/Teb_planner_standard/Teb_planner/./Teb/include/optimal_planner.h:84:44:[m[K [01;36m[Knote: [m[K  no known conversion for argument 1 from â€˜[01m[Kstd::shared_ptr<teb_local_planner::TebConfig>[m[Kâ€™ to â€˜[01m[Kconst teb_local_planner::TebConfig&[m[Kâ€™
[2.134s]    84 |         TebOptimalPlanner([01;36m[Kconst TebConfig& cfg[m[K, ObstContainer* obstacles = NULL, RobotFootprintModelPtr robot_model = boost::make_shared<PointRobotFootprint>(),
[2.134s]       |                           [01;36m[K~~~~~~~~~~~~~~~~~^~~[m[K
[2.134s] [01m[K/home/juchunyu/dog_ws/src/Teb_planner_standard/Teb_planner/./Teb/include/optimal_planner.h:74:9:[m[K [01;36m[Knote: [m[Kcandidate: â€˜[01m[Kteb_local_planner::TebOptimalPlanner::[01;32m[KTebOptimalPlanner[m[K()[m[Kâ€™
[2.134s]    74 |         [01;36m[KTebOptimalPlanner[m[K();
[2.134s]       |         [01;36m[K^~~~~~~~~~~~~~~~~[m[K
[2.134s] [01m[K/home/juchunyu/dog_ws/src/Teb_planner_standard/Teb_planner/./Teb/include/optimal_planner.h:74:9:[m[K [01;36m[Knote: [m[K  candidate expects 0 arguments, 4 provided
[2.134s] [01m[K/home/juchunyu/dog_ws/src/Teb_planner_standard/Teb_planner/./Teb/include/optimal_planner.h:67:11:[m[K [01;36m[Knote: [m[Kcandidate: â€˜[01m[Kteb_local_planner::TebOptimalPlanner::[01;32m[KTebOptimalPlanner[m[K(const teb_local_planner::TebOptimalPlanner&)[m[Kâ€™
[2.134s]    67 |     class [01;36m[KTebOptimalPlanner[m[K : public PlannerInterface
[2.134s]       |           [01;36m[K^~~~~~~~~~~~~~~~~[m[K
[2.134s] [01m[K/home/juchunyu/dog_ws/src/Teb_planner_standard/Teb_planner/./Teb/include/optimal_planner.h:67:11:[m[K [01;36m[Knote: [m[K  candidate expects 1 argument, 4 provided
[5.816s] gmake[2]: *** [Teb/CMakeFiles/teb.dir/build.make:118ï¼šTeb/CMakeFiles/teb.dir/src/teb_local_Planner_interface.cpp.o] é”™è¯¯ 1
[5.816s] gmake[1]: *** [CMakeFiles/Makefile2:180ï¼šTeb/CMakeFiles/teb.dir/all] é”™è¯¯ 2
[5.816s] gmake: *** [Makefile:146ï¼šall] é”™è¯¯ 2
[5.818s] Invoked command in '/home/juchunyu/dog_ws/build/teb_planner' returned '2': CMAKE_PREFIX_PATH=${CMAKE_PREFIX_PATH}:/opt/ros/jazzy DEBUGINFOD_URLS=https://debuginfod.ubuntu.com /usr/bin/cmake --build /home/juchunyu/dog_ws/build/teb_planner -- -j16 -l16
