[0.011s] Invoking command in '/home/juchunyu/dog_ws/build/teb_planner': CMAKE_PREFIX_PATH=${CMAKE_PREFIX_PATH}:/opt/ros/jazzy DEBUGINFOD_URLS=https://debuginfod.ubuntu.com /usr/bin/cmake --build /home/juchunyu/dog_ws/build/teb_planner -- -j16 -l16
[0.100s] [ 75%] Built target teb
[0.132s] [ 87%] [32mBuilding CXX object CMakeFiles/teb_plan.dir/src/trajectory_publisher.cpp.o[0m
[2.914s] In file included from [01m[K/opt/ros/jazzy/include/rclcpp/rclcpp/logging.hpp:24[m[K,
[2.914s]                  from [01m[K/opt/ros/jazzy/include/rclcpp/rclcpp/copy_all_parameter_values.hpp:27[m[K,
[2.914s]                  from [01m[K/opt/ros/jazzy/include/rclcpp/rclcpp/rclcpp.hpp:171[m[K,
[2.914s]                  from [01m[K/home/juchunyu/dog_ws/src/Teb_planner_standard/Teb_planner/include/trajectory_obstacles_publisher.h:30[m[K,
[2.914s]                  from [01m[K/home/juchunyu/dog_ws/src/Teb_planner_standard/Teb_planner/src/trajectory_publisher.cpp:6[m[K:
[2.914s] [01m[K/home/juchunyu/dog_ws/src/Teb_planner_standard/Teb_planner/src/trajectory_publisher.cpp:[m[K In constructor â€˜[01m[KTrajectoryAndObstaclesPublisher::[01;32m[KTrajectoryAndObstaclesPublisher[m[K()[m[Kâ€™:
[2.914s] [01m[K/home/juchunyu/dog_ws/src/Teb_planner_standard/Teb_planner/src/trajectory_publisher.cpp:84:37:[m[K [01;35m[Kwarning: [m[Kzero-length gnu_printf format string [[01;35m[K]8;;https://gcc.gnu.org/onlinedocs/gcc/Warning-Options.html#index-Wformat-zero-length-Wformat-zero-length]8;;[m[K]
[2.915s]    84 |     RCLCPP_INFO(this->get_logger(), [01;35m[K""[m[K);
[2.915s]       |                                     [01;35m[K^~[m[K
[2.930s] [01m[K/home/juchunyu/dog_ws/src/Teb_planner_standard/Teb_planner/src/trajectory_publisher.cpp:[m[K In member function â€˜[01m[Kvoid TrajectoryAndObstaclesPublisher::[01;32m[Kpublish_and_plan[m[K()[m[Kâ€™:
[2.931s] [01m[K/home/juchunyu/dog_ws/src/Teb_planner_standard/Teb_planner/src/trajectory_publisher.cpp:369:23:[m[K [01;31m[Kerror: [m[Kâ€˜[01m[Kirpc::planning::computeVelocityCommands[m[Kâ€™ is not a class member
[2.931s]   369 |         teb_planner_->[01;31m[Kirpc[m[K::planning::computeVelocityCommands(cmd,traj);
[2.931s]       |                       [01;31m[K^~~~[m[K
[9.499s] gmake[2]: *** [CMakeFiles/teb_plan.dir/build.make:76ï¼šCMakeFiles/teb_plan.dir/src/trajectory_publisher.cpp.o] é”™è¯¯ 1
[9.499s] gmake[1]: *** [CMakeFiles/Makefile2:154ï¼šCMakeFiles/teb_plan.dir/all] é”™è¯¯ 2
[9.499s] gmake: *** [Makefile:146ï¼šall] é”™è¯¯ 2
[9.501s] Invoked command in '/home/juchunyu/dog_ws/build/teb_planner' returned '2': CMAKE_PREFIX_PATH=${CMAKE_PREFIX_PATH}:/opt/ros/jazzy DEBUGINFOD_URLS=https://debuginfod.ubuntu.com /usr/bin/cmake --build /home/juchunyu/dog_ws/build/teb_planner -- -j16 -l16
