[0.008s] Invoking command in '/home/juchunyu/dog_ws/build/dog_control': CMAKE_PREFIX_PATH=${CMAKE_PREFIX_PATH}:/opt/ros/jazzy DEBUGINFOD_URLS=https://debuginfod.ubuntu.com /usr/bin/cmake --build /home/juchunyu/dog_ws/build/dog_control -- -j16 -l16
[0.051s] [ 25%] [32mBuilding CXX object CMakeFiles/dog_driver_node.dir/src/dog_driver_node.cpp.o[0m
[0.052s] [ 75%] Built target dog_keyboard_node
[0.056s] [01m[K/home/juchunyu/dog_ws/src/dog_control/src/dog_driver_node.cpp:2:10:[m[K [01;31m[Kfatal error: [m[K../include/dog_driver.h: æ²¡æœ‰é‚£ä¸ªæ–‡ä»¶æˆ–ç›®å½•
[0.056s]     2 | #include [01;31m[K"../include/dog_driver.h"[m[K
[0.056s]       |          [01;31m[K^~~~~~~~~~~~~~~~~~~~~~~~~[m[K
[0.056s] compilation terminated.
[0.057s] gmake[2]: *** [CMakeFiles/dog_driver_node.dir/build.make:76ï¼šCMakeFiles/dog_driver_node.dir/src/dog_driver_node.cpp.o] é”™è¯¯ 1
[0.057s] gmake[1]: *** [CMakeFiles/Makefile2:139ï¼šCMakeFiles/dog_driver_node.dir/all] é”™è¯¯ 2
[0.057s] gmake: *** [Makefile:146ï¼šall] é”™è¯¯ 2
[0.059s] Invoked command in '/home/juchunyu/dog_ws/build/dog_control' returned '2': CMAKE_PREFIX_PATH=${CMAKE_PREFIX_PATH}:/opt/ros/jazzy DEBUGINFOD_URLS=https://debuginfod.ubuntu.com /usr/bin/cmake --build /home/juchunyu/dog_ws/build/dog_control -- -j16 -l16
