[  2%] Built target ego_planner__rosidl_generator_type_description
[  6%] Built target path_searching
[ 10%] Built target local_map
[ 10%] Built target ament_cmake_python_copy_ego_planner
[ 19%] Built target bspline_opt
[ 30%] Built target ego_planner__rosidl_generator_c
[ 32%] Built target ego_planner__cpp
[ 39%] Built target ego_planner__rosidl_typesupport_introspection_c
[ 41%] [32mBuilding CXX object planner/plan_manage/CMakeFiles/ego_planner_lib.dir/src/planner_interface.cpp.o[0m
[ 58%] Built target ego_planner__rosidl_typesupport_introspection_cpp
[ 58%] Built target ego_planner__rosidl_typesupport_c
[ 60%] Built target ego_planner__rosidl_typesupport_fastrtps_cpp
[ 67%] Built target ego_planner__rosidl_typesupport_cpp
[ 73%] Built target ego_planner__rosidl_typesupport_fastrtps_c
[ 73%] Built target ego_planner
[ 76%] Built target ego_planner__py
[ 80%] Built target ego_planner__rosidl_generator_py
[ 84%] Built target ego_planner_s__rosidl_typesupport_fastrtps_c
[ 89%] Built target ego_planner_s__rosidl_typesupport_introspection_c
[ 93%] Built target ego_planner_s__rosidl_typesupport_c
running egg_info
writing ego_planner.egg-info/PKG-INFO
writing dependency_links to ego_planner.egg-info/dependency_links.txt
writing top-level names to ego_planner.egg-info/top_level.txt
reading manifest file 'ego_planner.egg-info/SOURCES.txt'
writing manifest file 'ego_planner.egg-info/SOURCES.txt'
[ 93%] Built target ament_cmake_python_build_ego_planner_egg
In file included from [01m[K/home/juchunyu/dog_ws/src/EgoPlanner-ROS2/./planner/plan_manage/include/plan_manage/planner_interface.h:16[m[K,
                 from [01m[K/home/juchunyu/dog_ws/src/EgoPlanner-ROS2/planner/plan_manage/src/planner_interface.cpp:1[m[K:
[01m[K/home/juchunyu/dog_ws/src/EgoPlanner-ROS2/./planner/include/Bspline.h:[m[K In function â€˜[01m[Kstd::ostream& ego_planner::[01;32m[Koperator<<[m[K(std::ostream&, const Bspline_<ContainerAllocator>&)[m[Kâ€™:
[01m[K/home/juchunyu/dog_ws/src/EgoPlanner-ROS2/./planner/include/Bspline.h:88:1:[m[K [01;35m[Kwarning: [m[Kno return statement in function returning non-void [[01;35m[K]8;;https://gcc.gnu.org/onlinedocs/gcc/Warning-Options.html#index-Wreturn-type-Wreturn-type]8;;[m[K]
   88 | [01;35m[K}[m[K
      | [01;35m[K^[m[K
[01m[K/home/juchunyu/dog_ws/src/EgoPlanner-ROS2/planner/plan_manage/src/planner_interface.cpp:[m[K In member function â€˜[01m[Kvoid ego_planner::PlannerInterface::[01;32m[KmakePlan[m[K()[m[Kâ€™:
[01m[K/home/juchunyu/dog_ws/src/EgoPlanner-ROS2/planner/plan_manage/src/planner_interface.cpp:181:52:[m[K [01;35m[Kwarning: [m[Kformat â€˜[01m[K%d[m[Kâ€™ expects argument of type â€˜[01m[Kint[m[Kâ€™, but argument 2 has type â€˜[01m[Kstd::chrono::duration<long int, std::ratio<1, 1000> >::rep[m[Kâ€™ {aka â€˜[01m[Klong int[m[Kâ€™} [[01;35m[K]8;;https://gcc.gnu.org/onlinedocs/gcc/Warning-Options.html#index-Wformat=-Wformat=]8;;[m[K]
  181 |         printf("MotionPlanner Total Running Time: [01;35m[K%d[m[K  ms \n", [32m[Kelapsed.count()[m[K);
      |                                                   [01;35m[K~^[m[K          [32m[K~~~~~~~~~~~~~~~[m[K
      |                                                    [01;35m[K|[m[K                       [32m[K|[m[K
      |                                                    [01;35m[Kint[m[K                     [32m[Kstd::chrono::duration<long int, std::ratio<1, 1000> >::rep {aka long int}[m[K
      |                                                   [32m[K%ld[m[K
[ 95%] [32m[1mLinking CXX static library libego_planner_lib.a[0m
[ 95%] Built target ego_planner_lib
[ 97%] [32mBuilding CXX object CMakeFiles/motion_plan.dir/src/trajectory_publisher.cpp.o[0m
In file included from [01m[K/home/juchunyu/dog_ws/src/EgoPlanner-ROS2/./planner/plan_manage/include/plan_manage/planner_interface.h:16[m[K,
                 from [01m[K/home/juchunyu/dog_ws/src/EgoPlanner-ROS2/include/trajectory_obstacles_publisher.h:48[m[K,
                 from [01m[K/home/juchunyu/dog_ws/src/EgoPlanner-ROS2/src/trajectory_publisher.cpp:6[m[K:
[01m[K/home/juchunyu/dog_ws/src/EgoPlanner-ROS2/./planner/include/Bspline.h:[m[K In function â€˜[01m[Kstd::ostream& ego_planner::[01;32m[Koperator<<[m[K(std::ostream&, const Bspline_<ContainerAllocator>&)[m[Kâ€™:
[01m[K/home/juchunyu/dog_ws/src/EgoPlanner-ROS2/./planner/include/Bspline.h:88:1:[m[K [01;35m[Kwarning: [m[Kno return statement in function returning non-void [[01;35m[K]8;;https://gcc.gnu.org/onlinedocs/gcc/Warning-Options.html#index-Wreturn-type-Wreturn-type]8;;[m[K]
   88 | [01;35m[K}[m[K
      | [01;35m[K^[m[K
[01m[K/home/juchunyu/dog_ws/src/EgoPlanner-ROS2/src/trajectory_publisher.cpp:[m[K In member function â€˜[01m[Kvoid TrajectoryAndObstaclesPublisher::[01;32m[Kodom_callback[m[K(nav_msgs::msg::Odometry_<std::allocator<void> >::SharedPtr)[m[Kâ€™:
[01m[K/home/juchunyu/dog_ws/src/EgoPlanner-ROS2/src/trajectory_publisher.cpp:95:15:[m[K [01;31m[Kerror: [m[Kâ€˜[01m[Kstruct ego_planner::PathPoint[m[Kâ€™ has no member named â€˜[01m[Kv[m[Kâ€™
   95 |     cur_pose_.[01;31m[Kv[m[K
      |               [01;31m[K^[m[K
gmake[2]: *** [CMakeFiles/motion_plan.dir/build.make:76ï¼šCMakeFiles/motion_plan.dir/src/trajectory_publisher.cpp.o] é”™è¯¯ 1
gmake[1]: *** [CMakeFiles/Makefile2:701ï¼šCMakeFiles/motion_plan.dir/all] é”™è¯¯ 2
gmake: *** [Makefile:146ï¼šall] é”™è¯¯ 2
