[0.010s] Invoking command in '/home/juchunyu/dog_ws/build/teb_planner': CMAKE_PREFIX_PATH=${CMAKE_PREFIX_PATH}:/opt/ros/jazzy DEBUGINFOD_URLS=https://debuginfod.ubuntu.com /usr/bin/cmake /home/juchunyu/dog_ws/src/Teb_planner_standard/Teb_planner -DCMAKE_INSTALL_PREFIX=/home/juchunyu/dog_ws/install/teb_planner
[0.090s] -- The C compiler identification is GNU 13.3.0
[0.166s] -- The CXX compiler identification is GNU 13.3.0
[0.184s] -- Detecting C compiler ABI info
[0.272s] -- Detecting C compiler ABI info - done
[0.284s] -- Check for working C compiler: /usr/bin/cc - skipped
[0.285s] -- Detecting C compile features
[0.285s] -- Detecting C compile features - done
[0.295s] -- Detecting CXX compiler ABI info
[0.370s] -- Detecting CXX compiler ABI info - done
[0.377s] -- Check for working CXX compiler: /usr/bin/c++ - skipped
[0.377s] -- Detecting CXX compile features
[0.377s] -- Detecting CXX compile features - done
[0.385s] -- Found ament_cmake: 2.5.4 (/opt/ros/jazzy/share/ament_cmake/cmake)
[0.513s] -- Found Python3: /usr/bin/python3 (found version "3.12.3") found components: Interpreter 
[0.607s] -- Found rclcpp: 28.1.12 (/opt/ros/jazzy/share/rclcpp/cmake)
[0.650s] -- Found rosidl_generator_c: 4.6.6 (/opt/ros/jazzy/share/rosidl_generator_c/cmake)
[0.666s] -- Found rosidl_generator_cpp: 4.6.6 (/opt/ros/jazzy/share/rosidl_generator_cpp/cmake)
[0.691s] -- Using all available rosidl_typesupport_c: rosidl_typesupport_fastrtps_c;rosidl_typesupport_introspection_c
[0.712s] -- Using all available rosidl_typesupport_cpp: rosidl_typesupport_fastrtps_cpp;rosidl_typesupport_introspection_cpp
[0.790s] -- Found rmw_implementation_cmake: 7.3.2 (/opt/ros/jazzy/share/rmw_implementation_cmake/cmake)
[0.794s] -- Found rmw_fastrtps_cpp: 8.4.3 (/opt/ros/jazzy/share/rmw_fastrtps_cpp/cmake)
[0.885s] -- Found OpenSSL: /usr/lib/x86_64-linux-gnu/libcrypto.so (found version "3.0.13")  
[0.903s] -- Found FastRTPS: /opt/ros/jazzy/include (Required is at least version "2.13") 
[0.926s] -- Using RMW implementation 'rmw_fastrtps_cpp' as default
[1.000s] -- Found nav_msgs: 5.3.6 (/opt/ros/jazzy/share/nav_msgs/cmake)
[1.066s] -- Found tf2: 0.36.14 (/opt/ros/jazzy/share/tf2/cmake)
[1.075s] -- Found tf2_ros: 0.36.14 (/opt/ros/jazzy/share/tf2_ros/cmake)
[1.193s] -- Found sensor_msgs: 5.3.6 (/opt/ros/jazzy/share/sensor_msgs/cmake)
[1.320s] -- Found Boost: /usr/lib/x86_64-linux-gnu/cmake/Boost-1.83.0/BoostConfig.cmake (found version "1.83.0") found components: thread system chrono 
[1.411s] -- Configuring done (1.4s)
[1.433s] -- Generating done (0.0s)
[1.436s] -- Build files have been written to: /home/juchunyu/dog_ws/build/teb_planner
[1.445s] Invoked command in '/home/juchunyu/dog_ws/build/teb_planner' returned '0': CMAKE_PREFIX_PATH=${CMAKE_PREFIX_PATH}:/opt/ros/jazzy DEBUGINFOD_URLS=https://debuginfod.ubuntu.com /usr/bin/cmake /home/juchunyu/dog_ws/src/Teb_planner_standard/Teb_planner -DCMAKE_INSTALL_PREFIX=/home/juchunyu/dog_ws/install/teb_planner
[1.446s] Invoking command in '/home/juchunyu/dog_ws/build/teb_planner': CMAKE_PREFIX_PATH=${CMAKE_PREFIX_PATH}:/opt/ros/jazzy DEBUGINFOD_URLS=https://debuginfod.ubuntu.com /usr/bin/cmake --build /home/juchunyu/dog_ws/build/teb_planner -- -j16 -l16
[1.490s] [ 22%] [32mBuilding CXX object Teb/CMakeFiles/teb.dir/src/teb_config.cpp.o[0m
[1.490s] [ 22%] [32mBuilding CXX object Teb/CMakeFiles/teb.dir/src/obstacles.cpp.o[0m
[1.492s] [ 55%] [32mBuilding CXX object Teb/CMakeFiles/teb.dir/src/optimal_planner.cpp.o[0m
[1.493s] [ 55%] [32mBuilding CXX object Teb/CMakeFiles/teb.dir/src/visualization.cpp.o[0m
[1.493s] [ 55%] [32mBuilding CXX object Teb/CMakeFiles/teb.dir/src/teb_local_Planner_interface.cpp.o[0m
[1.493s] [ 66%] [32mBuilding CXX object Teb/CMakeFiles/teb.dir/src/timed_elastic_band.cpp.o[0m
[1.496s] [01m[K/home/juchunyu/dog_ws/src/Teb_planner_standard/Teb_planner/Teb/src/teb_config.cpp:1:10:[m[K [01;31m[Kfatal error: [m[K../inc/teb_config.h: æ²¡æœ‰é‚£ä¸ªæ–‡ä»¶æˆ–ç›®å½•
[1.496s]     1 | #include [01;31m[K"../inc/teb_config.h"[m[K
[1.496s]       |          [01;31m[K^~~~~~~~~~~~~~~~~~~~~[m[K
[1.496s] [01m[K/home/juchunyu/dog_ws/src/Teb_planner_standard/Teb_planner/Teb/src/obstacles.cpp:1:10:[m[K [01;31m[Kfatal error: [m[K../inc/obstacles.h: æ²¡æœ‰é‚£ä¸ªæ–‡ä»¶æˆ–ç›®å½•
[1.497s]     1 | #include [01;31m[K"../inc/obstacles.h"[m[K
[1.497s]       |          [01;31m[K^~~~~~~~~~~~~~~~~~~~[m[K
[1.497s] compilation terminated.
[1.497s] compilation terminated.
[1.497s] gmake[2]: *** [Teb/CMakeFiles/teb.dir/build.make:104ï¼šTeb/CMakeFiles/teb.dir/src/teb_config.cpp.o] é”™è¯¯ 1
[1.497s] gmake[2]: *** æ­£åœ¨ç­‰å¾…æœªå®Œæˆçš„ä»»åŠ¡....
[1.497s] gmake[2]: *** [Teb/CMakeFiles/teb.dir/build.make:76ï¼šTeb/CMakeFiles/teb.dir/src/obstacles.cpp.o] é”™è¯¯ 1
[1.499s] [01m[K/home/juchunyu/dog_ws/src/Teb_planner_standard/Teb_planner/Teb/src/timed_elastic_band.cpp:1:10:[m[K [01;31m[Kfatal error: [m[K../inc/timed_elastic_band.h: æ²¡æœ‰é‚£ä¸ªæ–‡ä»¶æˆ–ç›®å½•
[1.499s]     1 | #include [01;31m[K"../inc/timed_elastic_band.h"[m[K
[1.499s]       |          [01;31m[K^~~~~~~~~~~~~~~~~~~~~~~~~~~~~[m[K
[1.499s] compilation terminated.
[1.499s] gmake[2]: *** [Teb/CMakeFiles/teb.dir/build.make:132ï¼šTeb/CMakeFiles/teb.dir/src/timed_elastic_band.cpp.o] é”™è¯¯ 1
[1.501s] [01m[K/home/juchunyu/dog_ws/src/Teb_planner_standard/Teb_planner/Teb/src/optimal_planner.cpp:1:10:[m[K [01;31m[Kfatal error: [m[K../inc/optimal_planner.h: æ²¡æœ‰é‚£ä¸ªæ–‡ä»¶æˆ–ç›®å½•
[1.501s]     1 | #include [01;31m[K"../inc/optimal_planner.h"[m[K
[1.501s]       |          [01;31m[K^~~~~~~~~~~~~~~~~~~~~~~~~~[m[K
[1.501s] compilation terminated.
[1.501s] [01m[K/home/juchunyu/dog_ws/src/Teb_planner_standard/Teb_planner/Teb/src/visualization.cpp:1:10:[m[K [01;31m[Kfatal error: [m[K../inc/visualization.h: æ²¡æœ‰é‚£ä¸ªæ–‡ä»¶æˆ–ç›®å½•
[1.501s]     1 | #include [01;31m[K"../inc/visualization.h"[m[K
[1.501s]       |          [01;31m[K^~~~~~~~~~~~~~~~~~~~~~~~[m[K
[1.502s] compilation terminated.
[1.502s] gmake[2]: *** [Teb/CMakeFiles/teb.dir/build.make:90ï¼šTeb/CMakeFiles/teb.dir/src/optimal_planner.cpp.o] é”™è¯¯ 1
[1.502s] gmake[2]: *** [Teb/CMakeFiles/teb.dir/build.make:146ï¼šTeb/CMakeFiles/teb.dir/src/visualization.cpp.o] é”™è¯¯ 1
[1.654s] In file included from [01m[K/home/juchunyu/dog_ws/src/Teb_planner_standard/Teb_planner/./Teb/include/optimal_planner.h:11[m[K,
[1.654s]                  from [01m[K/home/juchunyu/dog_ws/src/Teb_planner_standard/Teb_planner/./Teb/include/teb_local_planner_interface.h:15[m[K,
[1.654s]                  from [01m[K/home/juchunyu/dog_ws/src/Teb_planner_standard/Teb_planner/Teb/src/teb_local_Planner_interface.cpp:1[m[K:
[1.654s] [01m[K/home/juchunyu/dog_ws/src/Teb_planner_standard/Teb_planner/./Teb/include/timed_elastic_band.h:8:10:[m[K [01;31m[Kfatal error: [m[K../inc/obstacles.h: æ²¡æœ‰é‚£ä¸ªæ–‡ä»¶æˆ–ç›®å½•
[1.654s]     8 | #include [01;31m[K"../inc/obstacles.h"[m[K
[1.655s]       |          [01;31m[K^~~~~~~~~~~~~~~~~~~~[m[K
[1.655s] compilation terminated.
[1.658s] gmake[2]: *** [Teb/CMakeFiles/teb.dir/build.make:118ï¼šTeb/CMakeFiles/teb.dir/src/teb_local_Planner_interface.cpp.o] é”™è¯¯ 1
[1.658s] gmake[1]: *** [CMakeFiles/Makefile2:180ï¼šTeb/CMakeFiles/teb.dir/all] é”™è¯¯ 2
[1.658s] gmake: *** [Makefile:146ï¼šall] é”™è¯¯ 2
[1.660s] Invoked command in '/home/juchunyu/dog_ws/build/teb_planner' returned '2': CMAKE_PREFIX_PATH=${CMAKE_PREFIX_PATH}:/opt/ros/jazzy DEBUGINFOD_URLS=https://debuginfod.ubuntu.com /usr/bin/cmake --build /home/juchunyu/dog_ws/build/teb_planner -- -j16 -l16
