-- Found ament_cmake: 2.5.4 (/opt/ros/jazzy/share/ament_cmake/cmake)
-- Found rclcpp: 28.1.12 (/opt/ros/jazzy/share/rclcpp/cmake)
-- Found rosidl_generator_c: 4.6.6 (/opt/ros/jazzy/share/rosidl_generator_c/cmake)
-- Found rosidl_generator_cpp: 4.6.6 (/opt/ros/jazzy/share/rosidl_generator_cpp/cmake)
-- Using all available rosidl_typesupport_c: rosidl_typesupport_fastrtps_c;rosidl_typesupport_introspection_c
-- Using all available rosidl_typesupport_cpp: rosidl_typesupport_fastrtps_cpp;rosidl_typesupport_introspection_cpp
-- Found rmw_implementation_cmake: 7.3.2 (/opt/ros/jazzy/share/rmw_implementation_cmake/cmake)
-- Found rmw_fastrtps_cpp: 8.4.3 (/opt/ros/jazzy/share/rmw_fastrtps_cpp/cmake)
-- Using RMW implementation 'rmw_fastrtps_cpp' as default
-- Found geometry_msgs: 5.3.6 (/opt/ros/jazzy/share/geometry_msgs/cmake)
-- æ£€æµ‹åˆ°ç³»ç»Ÿæ¶æ„: x86_64
-- å°†é“¾æ¥çš„åº“è·¯å¾„: /home/juchunyu/dog_ws/src/dog_control/lib/x86_64
-- Configuring done (0.4s)
-- Generating done (0.0s)
-- Build files have been written to: /home/juchunyu/dog_ws/build/dog_control
[ 25%] [32mBuilding CXX object CMakeFiles/dog_keyboard_node.dir/src/dog_keyboard_node.cpp.o[0m
[ 50%] [32mBuilding CXX object CMakeFiles/dog_driver_node.dir/src/dog_driver_node.cpp.o[0m
[01m[K/home/juchunyu/dog_ws/src/dog_control/src/dog_keyboard_node.cpp:[m[K In member function â€˜[01m[Kvoid DogKeyboardNode::[01;32m[KpublishAction[m[K(const std::string&)[m[Kâ€™:
[01m[K/home/juchunyu/dog_ws/src/dog_control/src/dog_keyboard_node.cpp:95:25:[m[K [01;31m[Kerror: [m[Kâ€˜[01m[Kstd::std_msgs[m[Kâ€™ has not been declared
   95 |         auto msg = std::[01;31m[Kstd_msgs[m[K::msg::String();
      |                         [01;31m[K^~~~~~~~[m[K
gmake[2]: *** [CMakeFiles/dog_keyboard_node.dir/build.make:76ï¼šCMakeFiles/dog_keyboard_node.dir/src/dog_keyboard_node.cpp.o] é”™è¯¯ 1
gmake[1]: *** [CMakeFiles/Makefile2:165ï¼šCMakeFiles/dog_keyboard_node.dir/all] é”™è¯¯ 2
gmake[1]: *** æ­£åœ¨ç­‰å¾…æœªå®Œæˆçš„ä»»åŠ¡....
[ 75%] [32m[1mLinking CXX executable dog_driver_node[0m
[ 75%] Built target dog_driver_node
gmake: *** [Makefile:146ï¼šall] é”™è¯¯ 2
