In file included from [01m[K/home/juchunyu/dog_ws/src/Teb_planner_standard/Teb_planner/src/trajectory_publisher.cpp:6[m[K:
[01m[K/home/juchunyu/dog_ws/src/Teb_planner_standard/Teb_planner/include/trajectory_obstacles_publisher.h:47:17:[m[K [01;31m[Kerror: [m[Kâ€˜[01m[Kteb_controller[m[Kâ€™ is not a namespace-name
   47 | using namespace [01;31m[Kteb_controller[m[K;
      |                 [01;31m[K^~~~~~~~~~~~~~[m[K
In file included from [01m[K/opt/ros/jazzy/include/rclcpp/rclcpp/logging.hpp:24[m[K,
                 from [01m[K/opt/ros/jazzy/include/rclcpp/rclcpp/copy_all_parameter_values.hpp:27[m[K,
                 from [01m[K/opt/ros/jazzy/include/rclcpp/rclcpp/rclcpp.hpp:171[m[K,
                 from [01m[K/home/juchunyu/dog_ws/src/Teb_planner_standard/Teb_planner/include/trajectory_obstacles_publisher.h:30[m[K:
[01m[K/home/juchunyu/dog_ws/src/Teb_planner_standard/Teb_planner/src/trajectory_publisher.cpp:[m[K In constructor â€˜[01m[KTrajectoryAndObstaclesPublisher::[01;32m[KTrajectoryAndObstaclesPublisher[m[K()[m[Kâ€™:
[01m[K/home/juchunyu/dog_ws/src/Teb_planner_standard/Teb_planner/src/trajectory_publisher.cpp:84:37:[m[K [01;35m[Kwarning: [m[Kzero-length gnu_printf format string [[01;35m[K]8;;https://gcc.gnu.org/onlinedocs/gcc/Warning-Options.html#index-Wformat-zero-length-Wformat-zero-length]8;;[m[K]
   84 |     RCLCPP_INFO(this->get_logger(), [01;35m[K""[m[K);
      |                                     [01;35m[K^~[m[K
[01m[K/home/juchunyu/dog_ws/src/Teb_planner_standard/Teb_planner/src/trajectory_publisher.cpp:[m[K In member function â€˜[01m[Kvoid TrajectoryAndObstaclesPublisher::[01;32m[Kpublish_and_plan[m[K()[m[Kâ€™:
[01m[K/home/juchunyu/dog_ws/src/Teb_planner_standard/Teb_planner/src/trajectory_publisher.cpp:348:55:[m[K [01;31m[Kerror: [m[Kexpected â€˜[01m[K;[m[Kâ€™ before â€˜[01m[K}[m[Kâ€™ token
  348 |             teb_planner_->setReferencePath(globalPlan)
      |                                                       [01;31m[K^[m[K
      |                                                       [32m[K;[m[K
  349 |         [32m[K}[m[K
      |         [32m[K~[m[K                                              
[01m[K/home/juchunyu/dog_ws/src/Teb_planner_standard/Teb_planner/src/trajectory_publisher.cpp:358:16:[m[K [01;31m[Kerror: [m[Kexpected initializer before â€˜[01m[K.[m[Kâ€™ token
  358 |             obs[01;31m[K.[m[Kx = obstacles_[i].x;
      |                [01;31m[K^[m[K
[01m[K/home/juchunyu/dog_ws/src/Teb_planner_standard/Teb_planner/src/trajectory_publisher.cpp:359:13:[m[K [01;31m[Kerror: [m[Kâ€˜[01m[Kobs[m[Kâ€™ was not declared in this scope; did you mean â€˜[01m[Kabs[m[Kâ€™?
  359 |             [01;31m[Kobs[m[K.y = obstacles_[i].y;
      |             [01;31m[K^~~[m[K
      |             [32m[Kabs[m[K
[01m[K/home/juchunyu/dog_ws/src/Teb_planner_standard/Teb_planner/src/trajectory_publisher.cpp:369:23:[m[K [01;31m[Kerror: [m[Kâ€˜[01m[Kstd::__shared_ptr_access<irpc::planning::TebPlannerInterface, __gnu_cxx::_S_atomic, false, false>::element_type {aka irpc::planning::TebPlannerInterface}::GetTebInstance[m[Kâ€™ has not been declared
  369 |         teb_planner_->[01;31m[KGetTebInstance[m[K::computeVelocityCommands(cmd,traj);
      |                       [01;31m[K^~~~~~~~~~~~~~[m[K
gmake[2]: *** [CMakeFiles/teb_plan.dir/build.make:76ï¼šCMakeFiles/teb_plan.dir/src/trajectory_publisher.cpp.o] é”™è¯¯ 1
gmake[1]: *** [CMakeFiles/Makefile2:154ï¼šCMakeFiles/teb_plan.dir/all] é”™è¯¯ 2
gmake: *** [Makefile:146ï¼šall] é”™è¯¯ 2
