[0.009s] Invoking command in '/home/juchunyu/dog_ws/build/teb_planner': CMAKE_PREFIX_PATH=${CMAKE_PREFIX_PATH}:/opt/ros/jazzy DEBUGINFOD_URLS=https://debuginfod.ubuntu.com /usr/bin/cmake --build /home/juchunyu/dog_ws/build/teb_planner -- -j16 -l16
[0.091s] [ 12%] [32mBuilding CXX object Teb/CMakeFiles/teb.dir/src/optimal_planner.cpp.o[0m
[14.085s] [ 25%] [32m[1mLinking CXX static library libteb.a[0m
[14.415s] [ 75%] Built target teb
[14.430s] [ 87%] [32mBuilding CXX object CMakeFiles/teb_plan.dir/src/trajectory_publisher.cpp.o[0m
[17.070s] In file included from [01m[K/home/juchunyu/dog_ws/src/Teb_planner_standard/Teb_planner/src/trajectory_publisher.cpp:6[m[K:
[17.070s] [01m[K/home/juchunyu/dog_ws/src/Teb_planner_standard/Teb_planner/include/trajectory_obstacles_publisher.h:47:17:[m[K [01;31m[Kerror: [m[Kâ€˜[01m[Kteb_controller[m[Kâ€™ is not a namespace-name
[17.070s]    47 | using namespace [01;31m[Kteb_controller[m[K;
[17.070s]       |                 [01;31m[K^~~~~~~~~~~~~~[m[K
[17.184s] In file included from [01m[K/opt/ros/jazzy/include/rclcpp/rclcpp/logging.hpp:24[m[K,
[17.184s]                  from [01m[K/opt/ros/jazzy/include/rclcpp/rclcpp/copy_all_parameter_values.hpp:27[m[K,
[17.184s]                  from [01m[K/opt/ros/jazzy/include/rclcpp/rclcpp/rclcpp.hpp:171[m[K,
[17.184s]                  from [01m[K/home/juchunyu/dog_ws/src/Teb_planner_standard/Teb_planner/include/trajectory_obstacles_publisher.h:30[m[K:
[17.184s] [01m[K/home/juchunyu/dog_ws/src/Teb_planner_standard/Teb_planner/src/trajectory_publisher.cpp:[m[K In constructor â€˜[01m[KTrajectoryAndObstaclesPublisher::[01;32m[KTrajectoryAndObstaclesPublisher[m[K()[m[Kâ€™:
[17.184s] [01m[K/home/juchunyu/dog_ws/src/Teb_planner_standard/Teb_planner/src/trajectory_publisher.cpp:84:37:[m[K [01;35m[Kwarning: [m[Kzero-length gnu_printf format string [[01;35m[K]8;;https://gcc.gnu.org/onlinedocs/gcc/Warning-Options.html#index-Wformat-zero-length-Wformat-zero-length]8;;[m[K]
[17.184s]    84 |     RCLCPP_INFO(this->get_logger(), [01;35m[K""[m[K);
[17.184s]       |                                     [01;35m[K^~[m[K
[17.195s] [01m[K/home/juchunyu/dog_ws/src/Teb_planner_standard/Teb_planner/src/trajectory_publisher.cpp:[m[K In member function â€˜[01m[Kvoid TrajectoryAndObstaclesPublisher::[01;32m[Kpublish_and_plan[m[K()[m[Kâ€™:
[17.195s] [01m[K/home/juchunyu/dog_ws/src/Teb_planner_standard/Teb_planner/src/trajectory_publisher.cpp:348:55:[m[K [01;31m[Kerror: [m[Kexpected â€˜[01m[K;[m[Kâ€™ before â€˜[01m[K}[m[Kâ€™ token
[17.195s]   348 |             teb_planner_->setReferencePath(globalPlan)
[17.195s]       |                                                       [01;31m[K^[m[K
[17.196s]       |                                                       [32m[K;[m[K
[17.196s]   349 |         [32m[K}[m[K
[17.196s]       |         [32m[K~[m[K                                              
[17.197s] [01m[K/home/juchunyu/dog_ws/src/Teb_planner_standard/Teb_planner/src/trajectory_publisher.cpp:358:16:[m[K [01;31m[Kerror: [m[Kexpected initializer before â€˜[01m[K.[m[Kâ€™ token
[17.197s]   358 |             obs[01;31m[K.[m[Kx = obstacles_[i].x;
[17.197s]       |                [01;31m[K^[m[K
[17.201s] [01m[K/home/juchunyu/dog_ws/src/Teb_planner_standard/Teb_planner/src/trajectory_publisher.cpp:359:13:[m[K [01;31m[Kerror: [m[Kâ€˜[01m[Kobs[m[Kâ€™ was not declared in this scope; did you mean â€˜[01m[Kabs[m[Kâ€™?
[17.201s]   359 |             [01;31m[Kobs[m[K.y = obstacles_[i].y;
[17.201s]       |             [01;31m[K^~~[m[K
[17.201s]       |             [32m[Kabs[m[K
[17.203s] [01m[K/home/juchunyu/dog_ws/src/Teb_planner_standard/Teb_planner/src/trajectory_publisher.cpp:369:23:[m[K [01;31m[Kerror: [m[Kâ€˜[01m[Kstd::__shared_ptr_access<irpc::planning::TebPlannerInterface, __gnu_cxx::_S_atomic, false, false>::element_type {aka irpc::planning::TebPlannerInterface}::GetTebInstance[m[Kâ€™ has not been declared
[17.203s]   369 |         teb_planner_->[01;31m[KGetTebInstance[m[K::computeVelocityCommands(cmd,traj);
[17.203s]       |                       [01;31m[K^~~~~~~~~~~~~~[m[K
[23.764s] gmake[2]: *** [CMakeFiles/teb_plan.dir/build.make:76ï¼šCMakeFiles/teb_plan.dir/src/trajectory_publisher.cpp.o] é”™è¯¯ 1
[23.764s] gmake[1]: *** [CMakeFiles/Makefile2:154ï¼šCMakeFiles/teb_plan.dir/all] é”™è¯¯ 2
[23.764s] gmake: *** [Makefile:146ï¼šall] é”™è¯¯ 2
[23.766s] Invoked command in '/home/juchunyu/dog_ws/build/teb_planner' returned '2': CMAKE_PREFIX_PATH=${CMAKE_PREFIX_PATH}:/opt/ros/jazzy DEBUGINFOD_URLS=https://debuginfod.ubuntu.com /usr/bin/cmake --build /home/juchunyu/dog_ws/build/teb_planner -- -j16 -l16
