[0.010s] Invoking command in '/home/juchunyu/dog_ws/build/teb_planner': CMAKE_PREFIX_PATH=${CMAKE_PREFIX_PATH}:/opt/ros/jazzy DEBUGINFOD_URLS=https://debuginfod.ubuntu.com /usr/bin/cmake /home/juchunyu/dog_ws/src/Teb_planner_standard/Teb_planner -DCMAKE_INSTALL_PREFIX=/home/juchunyu/dog_ws/install/teb_planner
[0.058s] -- The C compiler identification is GNU 13.3.0
[0.095s] -- The CXX compiler identification is GNU 13.3.0
[0.106s] -- Detecting C compiler ABI info
[0.172s] -- Detecting C compiler ABI info - done
[0.178s] -- Check for working C compiler: /usr/bin/cc - skipped
[0.178s] -- Detecting C compile features
[0.179s] -- Detecting C compile features - done
[0.187s] -- Detecting CXX compiler ABI info
[0.264s] -- Detecting CXX compiler ABI info - done
[0.276s] -- Check for working CXX compiler: /usr/bin/c++ - skipped
[0.276s] -- Detecting CXX compile features
[0.276s] -- Detecting CXX compile features - done
[0.281s] -- Found ament_cmake: 2.5.4 (/opt/ros/jazzy/share/ament_cmake/cmake)
[0.401s] -- Found Python3: /usr/bin/python3 (found version "3.12.3") found components: Interpreter 
[0.494s] -- Found rclcpp: 28.1.12 (/opt/ros/jazzy/share/rclcpp/cmake)
[0.535s] -- Found rosidl_generator_c: 4.6.6 (/opt/ros/jazzy/share/rosidl_generator_c/cmake)
[0.549s] -- Found rosidl_generator_cpp: 4.6.6 (/opt/ros/jazzy/share/rosidl_generator_cpp/cmake)
[0.569s] -- Using all available rosidl_typesupport_c: rosidl_typesupport_fastrtps_c;rosidl_typesupport_introspection_c
[0.591s] -- Using all available rosidl_typesupport_cpp: rosidl_typesupport_fastrtps_cpp;rosidl_typesupport_introspection_cpp
[0.660s] -- Found rmw_implementation_cmake: 7.3.2 (/opt/ros/jazzy/share/rmw_implementation_cmake/cmake)
[0.664s] -- Found rmw_fastrtps_cpp: 8.4.3 (/opt/ros/jazzy/share/rmw_fastrtps_cpp/cmake)
[0.739s] -- Found OpenSSL: /usr/lib/x86_64-linux-gnu/libcrypto.so (found version "3.0.13")  
[0.759s] -- Found FastRTPS: /opt/ros/jazzy/include (Required is at least version "2.13") 
[0.788s] -- Using RMW implementation 'rmw_fastrtps_cpp' as default
[0.863s] -- Found nav_msgs: 5.3.6 (/opt/ros/jazzy/share/nav_msgs/cmake)
[0.918s] -- Found tf2: 0.36.14 (/opt/ros/jazzy/share/tf2/cmake)
[0.924s] -- Found tf2_ros: 0.36.14 (/opt/ros/jazzy/share/tf2_ros/cmake)
[1.042s] -- Found sensor_msgs: 5.3.6 (/opt/ros/jazzy/share/sensor_msgs/cmake)
[1.157s] -- Found Boost: /usr/lib/x86_64-linux-gnu/cmake/Boost-1.83.0/BoostConfig.cmake (found version "1.83.0") found components: thread system chrono 
[1.244s] -- Configuring done (1.2s)
[1.262s] -- Generating done (0.0s)
[1.266s] -- Build files have been written to: /home/juchunyu/dog_ws/build/teb_planner
[1.278s] Invoked command in '/home/juchunyu/dog_ws/build/teb_planner' returned '0': CMAKE_PREFIX_PATH=${CMAKE_PREFIX_PATH}:/opt/ros/jazzy DEBUGINFOD_URLS=https://debuginfod.ubuntu.com /usr/bin/cmake /home/juchunyu/dog_ws/src/Teb_planner_standard/Teb_planner -DCMAKE_INSTALL_PREFIX=/home/juchunyu/dog_ws/install/teb_planner
[1.278s] Invoking command in '/home/juchunyu/dog_ws/build/teb_planner': CMAKE_PREFIX_PATH=${CMAKE_PREFIX_PATH}:/opt/ros/jazzy DEBUGINFOD_URLS=https://debuginfod.ubuntu.com /usr/bin/cmake --build /home/juchunyu/dog_ws/build/teb_planner -- -j16 -l16
[1.333s] [ 25%] [32mBuilding CXX object Teb/CMakeFiles/teb.dir/src/teb_config.cpp.o[0m
[1.333s] [ 25%] [32mBuilding CXX object Teb/CMakeFiles/teb.dir/src/optimal_planner.cpp.o[0m
[1.333s] [ 37%] [32mBuilding CXX object Teb/CMakeFiles/teb.dir/src/obstacles.cpp.o[0m
[1.333s] [ 50%] [32mBuilding CXX object Teb/CMakeFiles/teb.dir/src/teb_local_Planner_interface.cpp.o[0m
[1.334s] [ 62%] [32mBuilding CXX object Teb/CMakeFiles/teb.dir/src/timed_elastic_band.cpp.o[0m
[4.975s] [01m[K/home/juchunyu/dog_ws/src/Teb_planner_standard/Teb_planner/Teb/src/teb_local_Planner_interface.cpp:[m[K In member function ‚Äò[01m[Kvoid irpc::planning::TebPlannerInterface::[01;32m[KsetObstacleInfo[m[K(std::vector<irpc::planning::obstacleInfo>&)[m[K‚Äô:
[4.975s] [01m[K/home/juchunyu/dog_ws/src/Teb_planner_standard/Teb_planner/Teb/src/teb_local_Planner_interface.cpp:53:59:[m[K [01;35m[Kwarning: [m[Kformat ‚Äò[01m[K%d[m[K‚Äô expects argument of type ‚Äò[01m[Kint[m[K‚Äô, but argument 2 has type ‚Äò[01m[Kstd::vector<boost::shared_ptr<teb_local_planner::Obstacle> >::size_type[m[K‚Äô {aka ‚Äò[01m[Klong unsigned int[m[K‚Äô} [[01;35m[K]8;;https://gcc.gnu.org/onlinedocs/gcc/Warning-Options.html#index-Wformat=-Wformat=]8;;[m[K]
[4.975s]    53 |             printf("TebPlannerInterface::setObstacleInfo:[01;35m[K%d[m[K\n",[32m[Kobstacles_.size()[m[K);
[4.975s]       |                                                          [01;35m[K~^[m[K    [32m[K~~~~~~~~~~~~~~~~~[m[K
[4.975s]       |                                                           [01;35m[K|[m[K                   [32m[K|[m[K
[4.975s]       |                                                           [01;35m[Kint[m[K                 [32m[Kstd::vector<boost::shared_ptr<teb_local_planner::Obstacle> >::size_type {aka long unsigned int}[m[K
[4.975s]       |                                                          [32m[K%ld[m[K
[4.980s] [01m[K/home/juchunyu/dog_ws/src/Teb_planner_standard/Teb_planner/Teb/src/teb_local_Planner_interface.cpp:[m[K In member function ‚Äò[01m[Kbool irpc::planning::TebPlannerInterface::[01;32m[Kplan[m[K(irpc::planning::cmdInfo&, std::vector<Eigen::Matrix<float, 3, 1> >&)[m[K‚Äô:
[4.980s] [01m[K/home/juchunyu/dog_ws/src/Teb_planner_standard/Teb_planner/Teb/src/teb_local_Planner_interface.cpp:117:9:[m[K [01;35m[Kwarning: [m[Kno return statement in function returning non-void [[01;35m[K]8;;https://gcc.gnu.org/onlinedocs/gcc/Warning-Options.html#index-Wreturn-type-Wreturn-type]8;;[m[K]
[4.980s]   117 |         [01;35m[K}[m[K
[4.980s]       |         [01;35m[K^[m[K
[5.220s] In file included from [01m[K/usr/include/boost/smart_ptr/make_shared.hpp:15[m[K,
[5.220s]                  from [01m[K/usr/include/boost/make_shared.hpp:14[m[K,
[5.220s]                  from [01m[K/usr/include/boost/smart_ptr.hpp:24[m[K,
[5.220s]                  from [01m[K/home/juchunyu/dog_ws/src/Teb_planner_standard/Teb_planner/./Teb/include/robot_footprint_model.h:5[m[K,
[5.221s]                  from [01m[K/home/juchunyu/dog_ws/src/Teb_planner_standard/Teb_planner/./Teb/include/teb_local_planner_interface.h:13[m[K,
[5.221s]                  from [01m[K/home/juchunyu/dog_ws/src/Teb_planner_standard/Teb_planner/Teb/src/teb_local_Planner_interface.cpp:1[m[K:
[5.221s] /usr/include/boost/smart_ptr/make_shared_object.hpp: In instantiation of ‚Äò[01m[Ktypename boost::detail::sp_if_not_array<T>::type boost::[01;32m[Kmake_shared[m[K(Args&& ...) [35m[K[with T = teb_local_planner::TebOptimalPlanner; Args = {teb_local_planner::TebConfig*&, std::vector<shared_ptr<teb_local_planner::Obstacle>, std::allocator<shared_ptr<teb_local_planner::Obstacle> > >*, shared_ptr<teb_local_planner::BaseRobotFootprintModel>&, std::vector<Eigen::Matrix<double, 2, 1, 0, 2, 1>, Eigen::aligned_allocator<Eigen::Matrix<double, 2, 1, 0, 2, 1> > >*}; typename detail::sp_if_not_array<T>::type = shared_ptr<teb_local_planner::TebOptimalPlanner>][m[K[m[K‚Äô:
[5.221s] [01m[K/home/juchunyu/dog_ws/src/Teb_planner_standard/Teb_planner/Teb/src/teb_local_Planner_interface.cpp:30:80:[m[K   required from here
[5.221s] [01m[K/usr/include/boost/smart_ptr/make_shared_object.hpp:257:5:[m[K [01;31m[Kerror: [m[Kno matching function for call to ‚Äò[01m[Kteb_local_planner::TebOptimalPlanner::TebOptimalPlanner(teb_local_planner::TebConfig*&, std::vector<boost::shared_ptr<teb_local_planner::Obstacle> >*, boost::shared_ptr<teb_local_planner::BaseRobotFootprintModel>&, std::vector<Eigen::Matrix<double, 2, 1>, Eigen::aligned_allocator<Eigen::Matrix<double, 2, 1> > >*)[m[K‚Äô
[5.221s]   257 |     [01;31m[K::new( pv ) T( boost::detail::sp_forward<Args>( args )... )[m[K;
[5.221s]       |     [01;31m[K^~~~~~~~~~~~~~~~~~~~~~~~~~~~~~~~~~~~~~~~~~~~~~~~~~~~~~~~~~~[m[K
[5.221s] In file included from [01m[K/home/juchunyu/dog_ws/src/Teb_planner_standard/Teb_planner/./Teb/include/teb_local_planner_interface.h:15[m[K:
[5.221s] [01m[K/home/juchunyu/dog_ws/src/Teb_planner_standard/Teb_planner/./Teb/include/optimal_planner.h:84:9:[m[K [01;36m[Knote: [m[Kcandidate: ‚Äò[01m[Kteb_local_planner::TebOptimalPlanner::[01;32m[KTebOptimalPlanner[m[K(const teb_local_planner::TebConfig&, teb_local_planner::ObstContainer*, teb_local_planner::RobotFootprintModelPtr, const teb_local_planner::ViaPointContainer*)[m[K‚Äô
[5.224s]    84 |         [01;36m[KTebOptimalPlanner[m[K(const TebConfig& cfg, ObstContainer* obstacles = NULL, RobotFootprintModelPtr robot_model = boost::make_shared<PointRobotFootprint>(),
[5.225s]       |         [01;36m[K^~~~~~~~~~~~~~~~~[m[K
[5.226s] [01m[K/home/juchunyu/dog_ws/src/Teb_planner_standard/Teb_planner/./Teb/include/optimal_planner.h:84:44:[m[K [01;36m[Knote: [m[K  no known conversion for argument 1 from ‚Äò[01m[Kteb_local_planner::TebConfig*[m[K‚Äô to ‚Äò[01m[Kconst teb_local_planner::TebConfig&[m[K‚Äô
[5.227s]    84 |         TebOptimalPlanner([01;36m[Kconst TebConfig& cfg[m[K, ObstContainer* obstacles = NULL, RobotFootprintModelPtr robot_model = boost::make_shared<PointRobotFootprint>(),
[5.228s]       |                           [01;36m[K~~~~~~~~~~~~~~~~~^~~[m[K
[5.228s] [01m[K/home/juchunyu/dog_ws/src/Teb_planner_standard/Teb_planner/./Teb/include/optimal_planner.h:74:9:[m[K [01;36m[Knote: [m[Kcandidate: ‚Äò[01m[Kteb_local_planner::TebOptimalPlanner::[01;32m[KTebOptimalPlanner[m[K()[m[K‚Äô
[5.229s]    74 |         [01;36m[KTebOptimalPlanner[m[K();
[5.229s]       |         [01;36m[K^~~~~~~~~~~~~~~~~[m[K
[5.230s] [01m[K/home/juchunyu/dog_ws/src/Teb_planner_standard/Teb_planner/./Teb/include/optimal_planner.h:74:9:[m[K [01;36m[Knote: [m[K  candidate expects 0 arguments, 4 provided
[5.232s] [01m[K/home/juchunyu/dog_ws/src/Teb_planner_standard/Teb_planner/./Teb/include/optimal_planner.h:67:11:[m[K [01;36m[Knote: [m[Kcandidate: ‚Äò[01m[Kteb_local_planner::TebOptimalPlanner::[01;32m[KTebOptimalPlanner[m[K(const teb_local_planner::TebOptimalPlanner&)[m[K‚Äô
[5.234s]    67 |     class [01;36m[KTebOptimalPlanner[m[K : public PlannerInterface
[5.234s]       |           [01;36m[K^~~~~~~~~~~~~~~~~[m[K
[5.235s] [01m[K/home/juchunyu/dog_ws/src/Teb_planner_standard/Teb_planner/./Teb/include/optimal_planner.h:67:11:[m[K [01;36m[Knote: [m[K  candidate expects 1 argument, 4 provided
[12.541s] gmake[2]: *** [Teb/CMakeFiles/teb.dir/build.make:118ÔºöTeb/CMakeFiles/teb.dir/src/teb_local_Planner_interface.cpp.o] ÈîôËØØ 1
[12.541s] gmake[2]: *** Ê≠£Âú®Á≠âÂæÖÊú™ÂÆåÊàêÁöÑ‰ªªÂä°....
[24.320s] gmake[1]: *** [CMakeFiles/Makefile2:180ÔºöTeb/CMakeFiles/teb.dir/all] ÈîôËØØ 2
[24.320s] gmake: *** [Makefile:146Ôºöall] ÈîôËØØ 2
[24.321s] Invoked command in '/home/juchunyu/dog_ws/build/teb_planner' returned '2': CMAKE_PREFIX_PATH=${CMAKE_PREFIX_PATH}:/opt/ros/jazzy DEBUGINFOD_URLS=https://debuginfod.ubuntu.com /usr/bin/cmake --build /home/juchunyu/dog_ws/build/teb_planner -- -j16 -l16
