In file included from [01m[K/opt/ros/jazzy/include/rclcpp/rclcpp/logging.hpp:24[m[K,
                 from [01m[K/opt/ros/jazzy/include/rclcpp/rclcpp/copy_all_parameter_values.hpp:27[m[K,
                 from [01m[K/opt/ros/jazzy/include/rclcpp/rclcpp/rclcpp.hpp:171[m[K,
                 from [01m[K/home/juchunyu/dog_ws/src/PNC/Teb_planner/include/trajectory_obstacles_publisher.h:30[m[K,
                 from [01m[K/home/juchunyu/dog_ws/src/PNC/Teb_planner/src/trajectory_publisher.cpp:6[m[K:
[01m[K/home/juchunyu/dog_ws/src/PNC/Teb_planner/src/trajectory_publisher.cpp:[m[K In constructor â€˜[01m[KTrajectoryAndObstaclesPublisher::[01;32m[KTrajectoryAndObstaclesPublisher[m[K()[m[Kâ€™:
[01m[K/home/juchunyu/dog_ws/src/PNC/Teb_planner/src/trajectory_publisher.cpp:71:37:[m[K [01;35m[Kwarning: [m[Kzero-length gnu_printf format string [[01;35m[K]8;;https://gcc.gnu.org/onlinedocs/gcc/Warning-Options.html#index-Wformat-zero-length-Wformat-zero-length]8;;[m[K]
   71 |     RCLCPP_INFO(this->get_logger(), [01;35m[K""[m[K);
      |                                     [01;35m[K^~[m[K
/usr/bin/ld: CMakeFiles/teb_plan.dir/src/trajectory_publisher.cpp.o: in function `TrajectoryAndObstaclesPublisher::publishCmd()':
/home/juchunyu/dog_ws/src/PNC/Teb_planner/src/trajectory_publisher.cpp:354:(.text+0x600d): undefined reference to `TrajectoryAndObstaclesPublisher::limit_slope(double, double, double)'
/usr/bin/ld: /home/juchunyu/dog_ws/src/PNC/Teb_planner/src/trajectory_publisher.cpp:355:(.text+0x606a): undefined reference to `TrajectoryAndObstaclesPublisher::limit_slope(double, double, double)'
collect2: error: ld returned 1 exit status
gmake[2]: *** [CMakeFiles/teb_plan.dir/build.make:234ï¼šteb_plan] é”™è¯¯ 1
gmake[1]: *** [CMakeFiles/Makefile2:154ï¼šCMakeFiles/teb_plan.dir/all] é”™è¯¯ 2
gmake: *** [Makefile:146ï¼šall] é”™è¯¯ 2
