[0.009s] Invoking command in '/home/juchunyu/dog_ws/build/dog_control': CMAKE_PREFIX_PATH=${CMAKE_PREFIX_PATH}:/opt/ros/jazzy DEBUGINFOD_URLS=https://debuginfod.ubuntu.com /usr/bin/cmake --build /home/juchunyu/dog_ws/build/dog_control -- -j16 -l16
[0.106s] [ 50%] Built target dog_keyboard_node
[0.139s] [ 75%] [32mBuilding CXX object CMakeFiles/dog_driver_node.dir/src/dog_driver_node.cpp.o[0m
[1.771s] [01m[K/home/juchunyu/dog_ws/src/dog_control/src/dog_driver_node.cpp:[m[K In constructor â€˜[01m[KDogDriverNode::[01;32m[KDogDriverNode[m[K()[m[Kâ€™:
[1.771s] [01m[K/home/juchunyu/dog_ws/src/dog_control/src/dog_driver_node.cpp:41:5:[m[K [01;31m[Kerror: [m[Kâ€˜[01m[Ktimer_robot_state_[m[Kâ€™ was not declared in this scope; did you mean â€˜[01m[Ktimer_read_robot_state_[m[Kâ€™?
[1.771s]    41 |     [01;31m[Ktimer_robot_state_[m[K = this->create_wall_timer(
[1.771s]       |     [01;31m[K^~~~~~~~~~~~~~~~~~[m[K
[1.771s]       |     [32m[Ktimer_read_robot_state_[m[K
[1.771s] [01m[K/home/juchunyu/dog_ws/src/dog_control/src/dog_driver_node.cpp:42:38:[m[K [01;31m[Kerror: [m[Kexpected primary-expression before â€˜[01m[K,[m[Kâ€™ token
[1.771s]    42 |         std::chrono::milliseconds(2),[01;31m[K,[m[K std::bind(&DogDriverNode::robotStateCallback, this));
[1.771s]       |                                      [01;31m[K^[m[K
[1.779s] [01m[K/home/juchunyu/dog_ws/src/dog_control/src/dog_driver_node.cpp:[m[K In member function â€˜[01m[Kvoid DogDriverNode::[01;32m[KrobotStateCallback[m[K()[m[Kâ€™:
[1.779s] [01m[K/home/juchunyu/dog_ws/src/dog_control/src/dog_driver_node.cpp:88:14:[m[K [01;35m[Kwarning: [m[Kunused variable â€˜[01m[Kret[m[Kâ€™ [[01;35m[K]8;;https://gcc.gnu.org/onlinedocs/gcc/Warning-Options.html#index-Wunused-variable-Wunused-variable]8;;[m[K]
[1.779s]    88 |     uint32_t [01;35m[Kret[m[K = highlevel_.getBatteryPower();
[1.779s]       |              [01;35m[K^~~[m[K
[3.896s] gmake[2]: *** [CMakeFiles/dog_driver_node.dir/build.make:76ï¼šCMakeFiles/dog_driver_node.dir/src/dog_driver_node.cpp.o] é”™è¯¯ 1
[3.896s] gmake[1]: *** [CMakeFiles/Makefile2:139ï¼šCMakeFiles/dog_driver_node.dir/all] é”™è¯¯ 2
[3.896s] gmake: *** [Makefile:146ï¼šall] é”™è¯¯ 2
[3.899s] Invoked command in '/home/juchunyu/dog_ws/build/dog_control' returned '2': CMAKE_PREFIX_PATH=${CMAKE_PREFIX_PATH}:/opt/ros/jazzy DEBUGINFOD_URLS=https://debuginfod.ubuntu.com /usr/bin/cmake --build /home/juchunyu/dog_ws/build/dog_control -- -j16 -l16
