In file included from [01m[K/home/juchunyu/dog_ws/src/dog_control/src/dog_driver_node.cpp:1[m[K:
[01m[K/home/juchunyu/dog_ws/src/dog_control/include/dog_driver.h:95:10:[m[K [01;31m[Kerror: [m[Kextra qualification â€˜[01m[KDogDriverNode::[m[Kâ€™ on member â€˜[01m[Kpublish_robot_marker[m[Kâ€™ [[01;31m[K]8;;https://gcc.gnu.org/onlinedocs/gcc/Warning-Options.html#index-fpermissive-fpermissive]8;;[m[K]
   95 |     void [01;31m[KDogDriverNode[m[K::publish_robot_marker(const rclcpp::Time & stamp);
      |          [01;31m[K^~~~~~~~~~~~~[m[K
[01m[K/home/juchunyu/dog_ws/src/dog_control/src/dog_driver_node.cpp:[m[K In member function â€˜[01m[Kvoid DogDriverNode::[01;32m[KgetRobotStateCallback[m[K()[m[Kâ€™:
[01m[K/home/juchunyu/dog_ws/src/dog_control/src/dog_driver_node.cpp:188:18:[m[K [01;35m[Kwarning: [m[Kunused variable â€˜[01m[Kret[m[Kâ€™ [[01;35m[K]8;;https://gcc.gnu.org/onlinedocs/gcc/Warning-Options.html#index-Wunused-variable-Wunused-variable]8;;[m[K]
  188 |         uint32_t [01;35m[Kret[m[K = highlevel_->getBatteryPower();
      |                  [01;35m[K^~~[m[K
gmake[2]: *** [CMakeFiles/dog_driver_node.dir/build.make:76ï¼šCMakeFiles/dog_driver_node.dir/src/dog_driver_node.cpp.o] é”™è¯¯ 1
gmake[1]: *** [CMakeFiles/Makefile2:139ï¼šCMakeFiles/dog_driver_node.dir/all] é”™è¯¯ 2
gmake: *** [Makefile:146ï¼šall] é”™è¯¯ 2
