[0.007s] Invoking command in '/home/juchunyu/dog_ws/build/teb_planner': CMAKE_PREFIX_PATH=${CMAKE_PREFIX_PATH}:/opt/ros/jazzy DEBUGINFOD_URLS=https://debuginfod.ubuntu.com /usr/bin/cmake --build /home/juchunyu/dog_ws/build/teb_planner -- -j16 -l16
[0.048s] [ 75%] Built target teb
[0.084s] [ 87%] [32mBuilding CXX object CMakeFiles/teb_plan.dir/src/trajectory_publisher.cpp.o[0m
[2.752s] In file included from [01m[K/opt/ros/jazzy/include/rclcpp/rclcpp/logging.hpp:24[m[K,
[2.752s]                  from [01m[K/opt/ros/jazzy/include/rclcpp/rclcpp/copy_all_parameter_values.hpp:27[m[K,
[2.752s]                  from [01m[K/opt/ros/jazzy/include/rclcpp/rclcpp/rclcpp.hpp:171[m[K,
[2.752s]                  from [01m[K/home/juchunyu/dog_ws/src/PNC/Teb_planner/include/trajectory_obstacles_publisher.h:30[m[K,
[2.752s]                  from [01m[K/home/juchunyu/dog_ws/src/PNC/Teb_planner/src/trajectory_publisher.cpp:6[m[K:
[2.752s] [01m[K/home/juchunyu/dog_ws/src/PNC/Teb_planner/src/trajectory_publisher.cpp:[m[K In constructor â€˜[01m[KTrajectoryAndObstaclesPublisher::[01;32m[KTrajectoryAndObstaclesPublisher[m[K()[m[Kâ€™:
[2.752s] [01m[K/home/juchunyu/dog_ws/src/PNC/Teb_planner/src/trajectory_publisher.cpp:70:37:[m[K [01;35m[Kwarning: [m[Kzero-length gnu_printf format string [[01;35m[K]8;;https://gcc.gnu.org/onlinedocs/gcc/Warning-Options.html#index-Wformat-zero-length-Wformat-zero-length]8;;[m[K]
[2.752s]    70 |     RCLCPP_INFO(this->get_logger(), [01;35m[K""[m[K);
[2.752s]       |                                     [01;35m[K^~[m[K
[2.755s] [01m[K/home/juchunyu/dog_ws/src/PNC/Teb_planner/src/trajectory_publisher.cpp:[m[K In member function â€˜[01m[Kvoid TrajectoryAndObstaclesPublisher::[01;32m[Kpose_callback[m[K(nav_msgs::msg::Odometry_<std::allocator<void> >::SharedPtr)[m[Kâ€™:
[2.755s] [01m[K/home/juchunyu/dog_ws/src/PNC/Teb_planner/src/trajectory_publisher.cpp:96:122:[m[K [01;31m[Kerror: [m[Kâ€˜[01m[Kstruct PathPoint[m[Kâ€™ has no member named â€˜[01m[Ktheta[m[Kâ€™
[2.755s]    96 | < " cur_pose_.y =" << cur_pose_.y << " cur_pose_.theta =" << cur_pose_.[01;31m[Ktheta[m[K << std::endl;
[2.755s]       |                                                                        [01;31m[K^~~~~[m[K
[2.755s] 
[8.990s] gmake[2]: *** [CMakeFiles/teb_plan.dir/build.make:76ï¼šCMakeFiles/teb_plan.dir/src/trajectory_publisher.cpp.o] é”™è¯¯ 1
[8.990s] gmake[1]: *** [CMakeFiles/Makefile2:154ï¼šCMakeFiles/teb_plan.dir/all] é”™è¯¯ 2
[8.991s] gmake: *** [Makefile:146ï¼šall] é”™è¯¯ 2
[8.992s] Invoked command in '/home/juchunyu/dog_ws/build/teb_planner' returned '2': CMAKE_PREFIX_PATH=${CMAKE_PREFIX_PATH}:/opt/ros/jazzy DEBUGINFOD_URLS=https://debuginfod.ubuntu.com /usr/bin/cmake --build /home/juchunyu/dog_ws/build/teb_planner -- -j16 -l16
