[0.009s] Invoking command in '/home/juchunyu/dog_ws/build/dog_control': CMAKE_PREFIX_PATH=${CMAKE_PREFIX_PATH}:/opt/ros/jazzy DEBUGINFOD_URLS=https://debuginfod.ubuntu.com /usr/bin/cmake --build /home/juchunyu/dog_ws/build/dog_control -- -j16 -l16
[0.102s] [ 50%] Built target dog_keyboard_node
[0.120s] [ 75%] [32mBuilding CXX object CMakeFiles/dog_driver_node.dir/src/dog_driver_node.cpp.o[0m
[1.764s] [01m[K/home/juchunyu/dog_ws/src/dog_control/src/dog_driver_node.cpp:[m[K In member function â€˜[01m[Kvoid DogDriverNode::[01;32m[KrobotStateCallback[m[K()[m[Kâ€™:
[1.764s] [01m[K/home/juchunyu/dog_ws/src/dog_control/src/dog_driver_node.cpp:88:20:[m[K [01;31m[Kerror: [m[Kâ€˜[01m[Khighlevel[m[Kâ€™ was not declared in this scope; did you mean â€˜[01m[Khighlevel_[m[Kâ€™?
[1.764s]    88 |     uint32_t ret = [01;31m[Khighlevel[m[K.getBatteryPower();
[1.764s]       |                    [01;31m[K^~~~~~~~~[m[K
[1.764s]       |                    [32m[Khighlevel_[m[K
[1.766s] [01m[K/home/juchunyu/dog_ws/src/dog_control/src/dog_driver_node.cpp:88:14:[m[K [01;35m[Kwarning: [m[Kunused variable â€˜[01m[Kret[m[Kâ€™ [[01;35m[K]8;;https://gcc.gnu.org/onlinedocs/gcc/Warning-Options.html#index-Wunused-variable-Wunused-variable]8;;[m[K]
[1.766s]    88 |     uint32_t [01;35m[Kret[m[K = highlevel.getBatteryPower();
[1.766s]       |              [01;35m[K^~~[m[K
[3.896s] gmake[2]: *** [CMakeFiles/dog_driver_node.dir/build.make:76ï¼šCMakeFiles/dog_driver_node.dir/src/dog_driver_node.cpp.o] é”™è¯¯ 1
[3.896s] gmake[1]: *** [CMakeFiles/Makefile2:139ï¼šCMakeFiles/dog_driver_node.dir/all] é”™è¯¯ 2
[3.896s] gmake: *** [Makefile:146ï¼šall] é”™è¯¯ 2
[3.898s] Invoked command in '/home/juchunyu/dog_ws/build/dog_control' returned '2': CMAKE_PREFIX_PATH=${CMAKE_PREFIX_PATH}:/opt/ros/jazzy DEBUGINFOD_URLS=https://debuginfod.ubuntu.com /usr/bin/cmake --build /home/juchunyu/dog_ws/build/dog_control -- -j16 -l16
