[ 50%] Built target dog_keyboard_node
[ 75%] [32mBuilding CXX object CMakeFiles/dog_driver_node.dir/src/dog_driver_node.cpp.o[0m
In file included from [01m[K/home/juchunyu/dog_ws/src/dog_control/src/dog_driver_node.cpp:1[m[K:
[01m[K/home/juchunyu/dog_ws/src/dog_control/include/dog_driver.h:[m[K In member function â€˜[01m[Kvoid DogDriverNode::[01;32m[Kset_conio_terminal_mode[m[K()[m[Kâ€™:
[01m[K/home/juchunyu/dog_ws/src/dog_control/include/dog_driver.h:69:24:[m[K [01;31m[Kerror: [m[Kaggregate â€˜[01m[KDogDriverNode::set_conio_terminal_mode()::termios new_termios[m[Kâ€™ has incomplete type and cannot be defined
   69 |         struct termios [01;31m[Knew_termios[m[K;
      |                        [01;31m[K^~~~~~~~~~~[m[K
[01m[K/home/juchunyu/dog_ws/src/dog_control/include/dog_driver.h:70:9:[m[K [01;31m[Kerror: [m[Kâ€˜[01m[Ktcgetattr[m[Kâ€™ was not declared in this scope
   70 |         [01;31m[Ktcgetattr[m[K(STDIN_FILENO, &new_termios);
      |         [01;31m[K^~~~~~~~~[m[K
[01m[K/home/juchunyu/dog_ws/src/dog_control/include/dog_driver.h:71:34:[m[K [01;31m[Kerror: [m[Kâ€˜[01m[KICANON[m[Kâ€™ was not declared in this scope
   71 |         new_termios.c_lflag &= ~([01;31m[KICANON[m[K | ECHO); // å…³é—­è§„èŒƒæ¨¡å¼å’Œå›žæ˜¾
      |                                  [01;31m[K^~~~~~[m[K
[01m[K/home/juchunyu/dog_ws/src/dog_control/include/dog_driver.h:71:43:[m[K [01;31m[Kerror: [m[Kâ€˜[01m[KECHO[m[Kâ€™ was not declared in this scope
   71 |         new_termios.c_lflag &= ~(ICANON | [01;31m[KECHO[m[K); // å…³é—­è§„èŒƒæ¨¡å¼å’Œå›žæ˜¾
      |                                           [01;31m[K^~~~[m[K
[01m[K/home/juchunyu/dog_ws/src/dog_control/include/dog_driver.h:72:33:[m[K [01;31m[Kerror: [m[Kâ€˜[01m[KTCSANOW[m[Kâ€™ was not declared in this scope
   72 |         tcsetattr(STDIN_FILENO, [01;31m[KTCSANOW[m[K, &new_termios);
      |                                 [01;31m[K^~~~~~~[m[K
[01m[K/home/juchunyu/dog_ws/src/dog_control/include/dog_driver.h:72:9:[m[K [01;31m[Kerror: [m[Kâ€˜[01m[Ktcsetattr[m[Kâ€™ was not declared in this scope
   72 |         [01;31m[Ktcsetattr[m[K(STDIN_FILENO, TCSANOW, &new_termios);
      |         [01;31m[K^~~~~~~~~[m[K
[01m[K/home/juchunyu/dog_ws/src/dog_control/src/dog_driver_node.cpp:[m[K In member function â€˜[01m[Kvoid DogDriverNode::[01;32m[KgetRobotStateCallback[m[K()[m[Kâ€™:
[01m[K/home/juchunyu/dog_ws/src/dog_control/src/dog_driver_node.cpp:91:14:[m[K [01;35m[Kwarning: [m[Kunused variable â€˜[01m[Kret[m[Kâ€™ [[01;35m[K]8;;https://gcc.gnu.org/onlinedocs/gcc/Warning-Options.html#index-Wunused-variable-Wunused-variable]8;;[m[K]
   91 |     uint32_t [01;35m[Kret[m[K = highlevel_->getBatteryPower();
      |              [01;35m[K^~~[m[K
gmake[2]: *** [CMakeFiles/dog_driver_node.dir/build.make:76ï¼šCMakeFiles/dog_driver_node.dir/src/dog_driver_node.cpp.o] é”™è¯¯ 1
gmake[1]: *** [CMakeFiles/Makefile2:139ï¼šCMakeFiles/dog_driver_node.dir/all] é”™è¯¯ 2
gmake: *** [Makefile:146ï¼šall] é”™è¯¯ 2
