[0.007s] Invoking command in '/home/juchunyu/dog_ws/build/teb_planner': CMAKE_PREFIX_PATH=${CMAKE_PREFIX_PATH}:/opt/ros/jazzy DEBUGINFOD_URLS=https://debuginfod.ubuntu.com /usr/bin/cmake --build /home/juchunyu/dog_ws/build/teb_planner -- -j16 -l16
[0.074s] [ 75%] Built target teb
[0.103s] [ 87%] [32mBuilding CXX object CMakeFiles/teb_plan.dir/src/trajectory_publisher.cpp.o[0m
[2.823s] In file included from [01m[K/home/juchunyu/dog_ws/src/PNC/Teb_planner/src/trajectory_publisher.cpp:6[m[K:
[2.823s] [01m[K/home/juchunyu/dog_ws/src/PNC/Teb_planner/include/trajectory_obstacles_publisher.h:80:45:[m[K [01;31m[Kerror: [m[Kâ€˜[01m[KOdometry[m[Kâ€™ in namespace â€˜[01m[Knav_msgs::msg[m[Kâ€™ does not name a type
[2.823s]    80 |     void pose_callback(const nav_msgs::msg::[01;31m[KOdometry[m[K::SharedPtr msg);
[2.823s]       |                                             [01;31m[K^~~~~~~~[m[K
[2.823s] [01m[K/home/juchunyu/dog_ws/src/PNC/Teb_planner/include/trajectory_obstacles_publisher.h:80:65:[m[K [01;31m[Kerror: [m[Kexpected unqualified-id before â€˜[01m[Kmsg[m[Kâ€™
[2.824s]    80 |     void pose_callback(const nav_msgs::msg::Odometry::SharedPtr [01;31m[Kmsg[m[K);
[2.824s]       |                                                                 [01;31m[K^~~[m[K
[2.824s] [01m[K/home/juchunyu/dog_ws/src/PNC/Teb_planner/include/trajectory_obstacles_publisher.h:80:64:[m[K [01;31m[Kerror: [m[Kexpected â€˜[01m[K)[m[Kâ€™ before â€˜[01m[Kmsg[m[Kâ€™
[2.824s]    80 |     void pose_callback[34m[K([m[Kconst nav_msgs::msg::Odometry::SharedPtr[01;31m[K [m[K[32m[Kmsg[m[K);
[2.824s]       |                       [34m[K~[m[K                                        [01;31m[K^[m[K[32m[K~~~[m[K
[2.824s]       |                                                                [32m[K)[m[K
[2.824s] [01m[K/home/juchunyu/dog_ws/src/PNC/Teb_planner/include/trajectory_obstacles_publisher.h:80:55:[m[K [01;31m[Kerror: [m[Kexpected â€˜[01m[K;[m[Kâ€™ at end of member declaration
[2.824s]    80 |     void pose_callback(const nav_msgs::msg::Odometry::[01;31m[KSharedPtr[m[K msg);
[2.824s]       |                                                       [01;31m[K^~~~~~~~~[m[K
[2.824s]       |                                                                [32m[K;[m[K
[2.825s] [01m[K/home/juchunyu/dog_ws/src/PNC/Teb_planner/include/trajectory_obstacles_publisher.h:80:65:[m[K [01;31m[Kerror: [m[Kâ€˜[01m[Kmsg[m[Kâ€™ does not name a type
[2.825s]    80 |     void pose_callback(const nav_msgs::msg::Odometry::SharedPtr [01;31m[Kmsg[m[K);
[2.825s]       |                                                                 [01;31m[K^~~[m[K
[2.901s] [01m[K/home/juchunyu/dog_ws/src/PNC/Teb_planner/include/trajectory_obstacles_publisher.h:110:41:[m[K [01;31m[Kerror: [m[Kâ€˜[01m[KOdometry[m[Kâ€™ is not a member of â€˜[01m[Knav_msgs::msg[m[Kâ€™
[2.901s]   110 |     rclcpp::Subscription<nav_msgs::msg::[01;31m[KOdometry[m[K>::SharedPtr currPose_subscriber_;
[2.901s]       |                                         [01;31m[K^~~~~~~~[m[K
[2.901s] [01m[K/home/juchunyu/dog_ws/src/PNC/Teb_planner/include/trajectory_obstacles_publisher.h:110:49:[m[K [01;31m[Kerror: [m[Ktemplate argument 1 is invalid
[2.902s]   110 |     rclcpp::Subscription<nav_msgs::msg::Odometry[01;31m[K>[m[K::SharedPtr currPose_subscriber_;
[2.902s]       |                                                 [01;31m[K^[m[K
[2.902s] [01m[K/home/juchunyu/dog_ws/src/PNC/Teb_planner/include/trajectory_obstacles_publisher.h:110:49:[m[K [01;31m[Kerror: [m[Ktemplate argument 3 is invalid
[2.902s] [01m[K/home/juchunyu/dog_ws/src/PNC/Teb_planner/include/trajectory_obstacles_publisher.h:110:49:[m[K [01;31m[Kerror: [m[Ktemplate argument 4 is invalid
[2.902s] [01m[K/home/juchunyu/dog_ws/src/PNC/Teb_planner/include/trajectory_obstacles_publisher.h:110:49:[m[K [01;31m[Kerror: [m[Ktemplate argument 5 is invalid
[2.902s] [01m[K/home/juchunyu/dog_ws/src/PNC/Teb_planner/include/trajectory_obstacles_publisher.h:110:52:[m[K [01;31m[Kerror: [m[Kexpected â€˜[01m[K;[m[Kâ€™ at end of member declaration
[2.902s]   110 |     rclcpp::Subscription<nav_msgs::msg::Odometry>::[01;31m[KSharedPtr[m[K currPose_subscriber_;
[2.902s]       |                                                    [01;31m[K^~~~~~~~~[m[K
[2.902s]       |                                                             [32m[K;[m[K
[2.910s] [01m[K/home/juchunyu/dog_ws/src/PNC/Teb_planner/include/trajectory_obstacles_publisher.h:110:62:[m[K [01;31m[Kerror: [m[Kâ€˜[01m[KcurrPose_subscriber_[m[Kâ€™ does not name a type
[2.910s]   110 |     rclcpp::Subscription<nav_msgs::msg::Odometry>::SharedPtr [01;31m[KcurrPose_subscriber_[m[K;
[2.910s]       |                                                              [01;31m[K^~~~~~~~~~~~~~~~~~~~[m[K
[2.952s] [01m[K/home/juchunyu/dog_ws/src/PNC/Teb_planner/src/trajectory_publisher.cpp:[m[K In constructor â€˜[01m[KTrajectoryAndObstaclesPublisher::[01;32m[KTrajectoryAndObstaclesPublisher[m[K()[m[Kâ€™:
[2.953s] [01m[K/home/juchunyu/dog_ws/src/PNC/Teb_planner/src/trajectory_publisher.cpp:44:5:[m[K [01;31m[Kerror: [m[Kâ€˜[01m[KcurrPose_subscriber_[m[Kâ€™ was not declared in this scope
[2.953s]    44 |     [01;31m[KcurrPose_subscriber_[m[K = this->create_subscription<nav_msgs::msg::Odometry>(
[2.953s]       |     [01;31m[K^~~~~~~~~~~~~~~~~~~~[m[K
[2.953s] [01m[K/home/juchunyu/dog_ws/src/PNC/Teb_planner/src/trajectory_publisher.cpp:44:69:[m[K [01;31m[Kerror: [m[Kâ€˜[01m[KOdometry[m[Kâ€™ is not a member of â€˜[01m[Knav_msgs::msg[m[Kâ€™
[2.953s]    44 |     currPose_subscriber_ = this->create_subscription<nav_msgs::msg::[01;31m[KOdometry[m[K>(
[2.953s]       |                                                                     [01;31m[K^~~~~~~~[m[K
[2.954s] [01m[K/home/juchunyu/dog_ws/src/PNC/Teb_planner/src/trajectory_publisher.cpp:44:78:[m[K [01;31m[Kerror: [m[Kno matching function for call to â€˜[01m[KTrajectoryAndObstaclesPublisher::create_subscription<<expression error> >(const char [5], int, std::_Bind_helper<false, void (TrajectoryAndObstaclesPublisher::*)(...), TrajectoryAndObstaclesPublisher*, const std::_Placeholder<1>&>::type)[m[Kâ€™
[2.954s]    44 |     currPose_subscriber_ = [01;31m[Kthis->create_subscription<nav_msgs::msg::Odometry>([m[K
[2.954s]       |                            [01;31m[K~~~~~~~~~~~~~~~~~~~~~~~~~~~~~~~~~~~~~~~~~~~~~~~~~~^[m[K
[2.955s]    45 | [01;31m[K            "odom",[m[K
[2.955s]       |             [01;31m[K~~~~~~~[m[K                                                           
[2.955s]    46 | [01;31m[K            10,[m[K
[2.955s]       |             [01;31m[K~~~[m[K                                                               
[2.955s]    47 | [01;31m[K            std::bind(&TrajectoryAndObstaclesPublisher::pose_callback, this, std::placeholders::_1)[m[K
[2.955s]       |             [01;31m[K~~~~~~~~~~~~~~~~~~~~~~~~~~~~~~~~~~~~~~~~~~~~~~~~~~~~~~~~~~~~~~~~~~~~~~~~~~~~~~~~~~~~~~~[m[K
[2.955s]    48 | [01;31m[K    )[m[K;
[2.955s]       |     [01;31m[K~[m[K                                                                         
[2.955s] In file included from [01m[K/opt/ros/jazzy/include/rclcpp/rclcpp/node.hpp:1663[m[K,
[2.955s]                  from [01m[K/opt/ros/jazzy/include/rclcpp/rclcpp/executors/single_threaded_executor.hpp:28[m[K,
[2.955s]                  from [01m[K/opt/ros/jazzy/include/rclcpp/rclcpp/executors.hpp:22[m[K,
[2.956s]                  from [01m[K/opt/ros/jazzy/include/rclcpp/rclcpp/rclcpp.hpp:172[m[K,
[2.956s]                  from [01m[K/home/juchunyu/dog_ws/src/PNC/Teb_planner/include/trajectory_obstacles_publisher.h:30[m[K:
[2.956s] [01m[K/opt/ros/jazzy/include/rclcpp/rclcpp/node_impl.hpp:92:1:[m[K [01;36m[Knote: [m[Kcandidate: â€˜[01m[Ktemplate<class MessageT, class CallbackT, class AllocatorT, class SubscriptionT, class MessageMemoryStrategyT> std::shared_ptr<ROSMessageT> rclcpp::Node::[01;32m[Kcreate_subscription[m[K(const std::string&, const rclcpp::QoS&, CallbackT&&, const rclcpp::SubscriptionOptionsWithAllocator<AllocatorT>&, typename MessageMemoryStrategyT::SharedPtr)[m[Kâ€™
[2.956s]    92 | [01;36m[KNode[m[K::create_subscription(
[2.956s]       | [01;36m[K^~~~[m[K
[2.956s] [01m[K/opt/ros/jazzy/include/rclcpp/rclcpp/node_impl.hpp:92:1:[m[K [01;36m[Knote: [m[K  template argument deduction/substitution failed:
[2.956s] [01m[K/home/juchunyu/dog_ws/src/PNC/Teb_planner/src/trajectory_publisher.cpp:44:78:[m[K [01;31m[Kerror: [m[Ktemplate argument 1 is invalid
[2.956s]    44 |     currPose_subscriber_ = [01;31m[Kthis->create_subscription<nav_msgs::msg::Odometry>([m[K
[2.956s]       |                            [01;31m[K~~~~~~~~~~~~~~~~~~~~~~~~~~~~~~~~~~~~~~~~~~~~~~~~~~^[m[K
[2.956s]    45 | [01;31m[K            "odom",[m[K
[2.956s]       |             [01;31m[K~~~~~~~[m[K                                                           
[2.956s]    46 | [01;31m[K            10,[m[K
[2.957s]       |             [01;31m[K~~~[m[K                                                               
[2.957s]    47 | [01;31m[K            std::bind(&TrajectoryAndObstaclesPublisher::pose_callback, this, std::placeholders::_1)[m[K
[2.957s]       |             [01;31m[K~~~~~~~~~~~~~~~~~~~~~~~~~~~~~~~~~~~~~~~~~~~~~~~~~~~~~~~~~~~~~~~~~~~~~~~~~~~~~~~~~~~~~~~[m[K
[2.957s]    48 | [01;31m[K    )[m[K;
[2.957s]       |     [01;31m[K~[m[K                                                                         
[2.960s] In file included from [01m[K/opt/ros/jazzy/include/rclcpp/rclcpp/logging.hpp:24[m[K,
[2.960s]                  from [01m[K/opt/ros/jazzy/include/rclcpp/rclcpp/copy_all_parameter_values.hpp:27[m[K,
[2.960s]                  from [01m[K/opt/ros/jazzy/include/rclcpp/rclcpp/rclcpp.hpp:171[m[K:
[2.960s] [01m[K/home/juchunyu/dog_ws/src/PNC/Teb_planner/src/trajectory_publisher.cpp:70:37:[m[K [01;35m[Kwarning: [m[Kzero-length gnu_printf format string [[01;35m[K]8;;https://gcc.gnu.org/onlinedocs/gcc/Warning-Options.html#index-Wformat-zero-length-Wformat-zero-length]8;;[m[K]
[2.960s]    70 |     RCLCPP_INFO(this->get_logger(), [01;35m[K""[m[K);
[2.960s]       |                                     [01;35m[K^~[m[K
[2.962s] [01m[K/home/juchunyu/dog_ws/src/PNC/Teb_planner/src/trajectory_publisher.cpp:[m[K At global scope:
[2.962s] [01m[K/home/juchunyu/dog_ws/src/PNC/Teb_planner/src/trajectory_publisher.cpp:80:74:[m[K [01;31m[Kerror: [m[Kâ€˜[01m[KOdometry[m[Kâ€™ in namespace â€˜[01m[Knav_msgs::msg[m[Kâ€™ does not name a type
[2.962s]    80 | id TrajectoryAndObstaclesPublisher::pose_callback(const nav_msgs::msg::[01;31m[KOdometry[m[K::SharedPtr msg)
[2.962s]       |                                                                        [01;31m[K^~~~~~~~[m[K
[2.962s] 
[2.962s] [01m[K/home/juchunyu/dog_ws/src/PNC/Teb_planner/src/trajectory_publisher.cpp:80:94:[m[K [01;31m[Kerror: [m[Kexpected unqualified-id before â€˜[01m[Kmsg[m[Kâ€™
[2.962s]    80 | AndObstaclesPublisher::pose_callback(const nav_msgs::msg::Odometry::SharedPtr [01;31m[Kmsg[m[K)
[2.963s]       |                                                                               [01;31m[K^~~[m[K
[2.963s] 
[2.963s] [01m[K/home/juchunyu/dog_ws/src/PNC/Teb_planner/src/trajectory_publisher.cpp:80:93:[m[K [01;31m[Kerror: [m[Kexpected â€˜[01m[K)[m[Kâ€™ before â€˜[01m[Kmsg[m[Kâ€™
[2.963s]    80 | AndObstaclesPublisher::pose_callback[34m[K([m[Kconst nav_msgs::msg::Odometry::SharedPtr[01;31m[K [m[K[32m[Kmsg[m[K)
[2.963s]       |                                     [34m[K~[m[K                                        [01;31m[K^[m[K[32m[K~~~[m[K
[2.963s]       |                                                                              [32m[K)[m[K
[2.963s] [01m[K/home/juchunyu/dog_ws/src/PNC/Teb_planner/src/trajectory_publisher.cpp:80:94:[m[K [01;31m[Kerror: [m[Kexpected initializer before â€˜[01m[Kmsg[m[Kâ€™
[2.963s]    80 | AndObstaclesPublisher::pose_callback(const nav_msgs::msg::Odometry::SharedPtr [01;31m[Kmsg[m[K)
[2.963s]       |                                                                               [01;31m[K^~~[m[K
[2.963s] 
[9.176s] gmake[2]: *** [CMakeFiles/teb_plan.dir/build.make:76ï¼šCMakeFiles/teb_plan.dir/src/trajectory_publisher.cpp.o] é”™è¯¯ 1
[9.176s] gmake[1]: *** [CMakeFiles/Makefile2:154ï¼šCMakeFiles/teb_plan.dir/all] é”™è¯¯ 2
[9.176s] gmake: *** [Makefile:146ï¼šall] é”™è¯¯ 2
[9.178s] Invoked command in '/home/juchunyu/dog_ws/build/teb_planner' returned '2': CMAKE_PREFIX_PATH=${CMAKE_PREFIX_PATH}:/opt/ros/jazzy DEBUGINFOD_URLS=https://debuginfod.ubuntu.com /usr/bin/cmake --build /home/juchunyu/dog_ws/build/teb_planner -- -j16 -l16
