[0.007s] Invoking command in '/home/juchunyu/dog_ws/build/ego_planner': CMAKE_PREFIX_PATH=${CMAKE_PREFIX_PATH}:/opt/ros/jazzy DEBUGINFOD_URLS=https://debuginfod.ubuntu.com /usr/bin/cmake --build /home/juchunyu/dog_ws/build/ego_planner -- -j16 -l16
[0.028s] -- Found ament_cmake: 2.5.4 (/opt/ros/jazzy/share/ament_cmake/cmake)
[0.045s] -- Found Python3: /usr/bin/python3 (found version "3.12.3") found components: Interpreter 
[0.099s] -- Found rclcpp: 28.1.12 (/opt/ros/jazzy/share/rclcpp/cmake)
[0.116s] -- Found rosidl_generator_c: 4.6.6 (/opt/ros/jazzy/share/rosidl_generator_c/cmake)
[0.121s] -- Found rosidl_generator_cpp: 4.6.6 (/opt/ros/jazzy/share/rosidl_generator_cpp/cmake)
[0.128s] -- Using all available rosidl_typesupport_c: rosidl_typesupport_fastrtps_c;rosidl_typesupport_introspection_c
[0.137s] -- Using all available rosidl_typesupport_cpp: rosidl_typesupport_fastrtps_cpp;rosidl_typesupport_introspection_cpp
[0.175s] -- Found rmw_implementation_cmake: 7.3.2 (/opt/ros/jazzy/share/rmw_implementation_cmake/cmake)
[0.176s] -- Found rmw_fastrtps_cpp: 8.4.3 (/opt/ros/jazzy/share/rmw_fastrtps_cpp/cmake)
[0.225s] -- Using RMW implementation 'rmw_fastrtps_cpp' as default
[0.263s] -- Found nav_msgs: 5.3.6 (/opt/ros/jazzy/share/nav_msgs/cmake)
[0.302s] -- Found tf2: 0.36.14 (/opt/ros/jazzy/share/tf2/cmake)
[0.304s] -- Found tf2_ros: 0.36.14 (/opt/ros/jazzy/share/tf2_ros/cmake)
[0.372s] -- Found sensor_msgs: 5.3.6 (/opt/ros/jazzy/share/sensor_msgs/cmake)
[0.389s] -- Found visualization_msgs: 5.3.6 (/opt/ros/jazzy/share/visualization_msgs/cmake)
[0.418s] -- Found tf2_geometry_msgs: 0.36.14 (/opt/ros/jazzy/share/tf2_geometry_msgs/cmake)
[0.427s] -- Found eigen3_cmake_module: 0.3.0 (/opt/ros/jazzy/share/eigen3_cmake_module/cmake)
[0.428s] -- Found Eigen3: TRUE (found version "3.4.0") 
[0.428s] -- Ensuring Eigen3 include directory is part of orocos-kdl CMake target
[0.432s] -- Found rosidl_default_generators: 1.6.0 (/opt/ros/jazzy/share/rosidl_default_generators/cmake)
[0.437s] -- Found rosidl_adapter: 4.6.6 (/opt/ros/jazzy/share/rosidl_adapter/cmake)
[0.438s] -- ÂåÖÊ†πÁõÆÂΩïÔºö/home/juchunyu/dog_ws/src/EgoPlanner-ROS2
[0.438s] -- Ê£ÄÊü•msgÊñá‰ª∂Ôºö/home/juchunyu/dog_ws/src/EgoPlanner-ROS2/msg/CurrentPose.msg
[0.438s] -- ‚úÖ msgÊñá‰ª∂Â≠òÂú®ÔºÅ
[0.438s] [0mstatusego_planner[0m
[0.613s] -- Found ament_cmake_ros: 0.12.0 (/opt/ros/jazzy/share/ament_cmake_ros/cmake)
[0.760s] -- Using all available rosidl_typesupport_c: rosidl_typesupport_fastrtps_c;rosidl_typesupport_introspection_c
[0.812s] -- Using all available rosidl_typesupport_cpp: rosidl_typesupport_fastrtps_cpp;rosidl_typesupport_introspection_cpp
[0.812s] -- Found python_cmake_module: 0.11.1 (/opt/ros/jazzy/share/python_cmake_module/cmake)
[0.988s] -- Found Python3: /usr/bin/python3 (found version "3.12.3") found components: Interpreter Development NumPy Development.Module Development.Embed 
[1.005s] -- Configuring done (1.0s)
[1.038s] -- Generating done (0.0s)
[1.048s] -- Build files have been written to: /home/juchunyu/dog_ws/build/ego_planner
[1.081s] [  2%] Built target ego_planner__rosidl_generator_type_description
[1.082s] [  6%] Built target path_searching
[1.086s] [ 15%] Built target bspline_opt
[1.087s] [ 15%] Built target ament_cmake_python_copy_ego_planner
[1.088s] [ 19%] Built target local_map
[1.095s] [ 21%] Built target ego_planner__cpp
[1.098s] [ 32%] Built target ego_planner__rosidl_generator_c
[1.109s] [ 34%] [32mBuilding CXX object planner/plan_manage/CMakeFiles/ego_planner_lib.dir/src/planner_interface.cpp.o[0m
[1.115s] [ 36%] [32mBuilding CXX object CMakeFiles/ego_planner__rosidl_typesupport_c.dir/rosidl_typesupport_c/ego_planner/msg/current_pose__type_support.cpp.o[0m
[1.117s] [ 39%] [32mBuilding CXX object CMakeFiles/ego_planner__rosidl_typesupport_fastrtps_cpp.dir/rosidl_typesupport_fastrtps_cpp/ego_planner/msg/detail/dds_fastrtps/current_pose__type_support.cpp.o[0m
[1.117s] [ 41%] [32mBuilding CXX object CMakeFiles/ego_planner__rosidl_typesupport_fastrtps_c.dir/rosidl_typesupport_fastrtps_c/ego_planner/msg/detail/current_pose__type_support_c.cpp.o[0m
[1.120s] [ 43%] [32mBuilding CXX object CMakeFiles/ego_planner__rosidl_typesupport_cpp.dir/rosidl_typesupport_cpp/ego_planner/msg/current_pose__type_support.cpp.o[0m
[1.122s] [ 50%] Built target ego_planner__rosidl_typesupport_introspection_c
[1.125s] [ 52%] [32mBuilding CXX object CMakeFiles/ego_planner__rosidl_typesupport_introspection_cpp.dir/rosidl_typesupport_introspection_cpp/ego_planner/msg/detail/current_pose__type_support.cpp.o[0m
[1.169s] [ 54%] [32m[1mLinking CXX shared library libego_planner__rosidl_typesupport_c.so[0m
[1.214s] [ 56%] Built target ego_planner__rosidl_typesupport_c
[1.328s] [ 58%] [32m[1mLinking CXX shared library libego_planner__rosidl_typesupport_cpp.so[0m
[1.328s] running egg_info
[1.351s] writing ego_planner.egg-info/PKG-INFO
[1.351s] writing dependency_links to ego_planner.egg-info/dependency_links.txt
[1.352s] writing top-level names to ego_planner.egg-info/top_level.txt
[1.360s] [ 60%] [32m[1mLinking CXX shared library libego_planner__rosidl_typesupport_introspection_cpp.so[0m
[1.363s] [ 63%] Built target ego_planner__rosidl_typesupport_cpp
[1.392s] [ 65%] Built target ego_planner__rosidl_typesupport_introspection_cpp
[1.417s] reading manifest file 'ego_planner.egg-info/SOURCES.txt'
[1.418s] writing manifest file 'ego_planner.egg-info/SOURCES.txt'
[1.448s] [ 65%] Built target ament_cmake_python_build_ego_planner_egg
[1.465s] [ 67%] [32m[1mLinking CXX shared library libego_planner__rosidl_typesupport_fastrtps_cpp.so[0m
[1.505s] [ 69%] Built target ego_planner__rosidl_typesupport_fastrtps_cpp
[1.581s] [ 71%] [32m[1mLinking CXX shared library libego_planner__rosidl_typesupport_fastrtps_c.so[0m
[1.617s] [ 73%] Built target ego_planner__rosidl_typesupport_fastrtps_c
[1.632s] [ 73%] Built target ego_planner
[1.651s] [ 76%] Built target ego_planner__py
[1.671s] [ 78%] [32m[1mLinking C shared library libego_planner__rosidl_generator_py.so[0m
[1.708s] [ 80%] Built target ego_planner__rosidl_generator_py
[1.728s] [ 82%] [32m[1mLinking C shared module rosidl_generator_py/ego_planner/ego_planner_s__rosidl_typesupport_c.so[0m
[1.730s] [ 84%] [32m[1mLinking C shared module rosidl_generator_py/ego_planner/ego_planner_s__rosidl_typesupport_introspection_c.so[0m
[1.732s] [ 86%] [32m[1mLinking C shared module rosidl_generator_py/ego_planner/ego_planner_s__rosidl_typesupport_fastrtps_c.so[0m
[1.757s] [ 91%] Built target ego_planner_s__rosidl_typesupport_c
[1.757s] [ 91%] Built target ego_planner_s__rosidl_typesupport_fastrtps_c
[1.758s] [ 93%] Built target ego_planner_s__rosidl_typesupport_introspection_c
[1.914s] In file included from [01m[K/home/juchunyu/dog_ws/src/EgoPlanner-ROS2/./planner/plan_manage/include/plan_manage/planner_interface.h:16[m[K,
[1.914s]                  from [01m[K/home/juchunyu/dog_ws/src/EgoPlanner-ROS2/planner/plan_manage/src/planner_interface.cpp:1[m[K:
[1.915s] [01m[K/home/juchunyu/dog_ws/src/EgoPlanner-ROS2/./planner/include/Bspline.h:[m[K In function ‚Äò[01m[Kstd::ostream& ego_planner::[01;32m[Koperator<<[m[K(std::ostream&, const Bspline_<ContainerAllocator>&)[m[K‚Äô:
[1.915s] [01m[K/home/juchunyu/dog_ws/src/EgoPlanner-ROS2/./planner/include/Bspline.h:88:1:[m[K [01;35m[Kwarning: [m[Kno return statement in function returning non-void [[01;35m[K]8;;https://gcc.gnu.org/onlinedocs/gcc/Warning-Options.html#index-Wreturn-type-Wreturn-type]8;;[m[K]
[1.915s]    88 | [01;35m[K}[m[K
[1.915s]       | [01;35m[K^[m[K
[1.944s] [01m[K/home/juchunyu/dog_ws/src/EgoPlanner-ROS2/planner/plan_manage/src/planner_interface.cpp:[m[K In member function ‚Äò[01m[Kvoid ego_planner::PlannerInterface::[01;32m[KmakePlan[m[K()[m[K‚Äô:
[1.944s] [01m[K/home/juchunyu/dog_ws/src/EgoPlanner-ROS2/planner/plan_manage/src/planner_interface.cpp:181:52:[m[K [01;35m[Kwarning: [m[Kformat ‚Äò[01m[K%d[m[K‚Äô expects argument of type ‚Äò[01m[Kint[m[K‚Äô, but argument 2 has type ‚Äò[01m[Kstd::chrono::duration<long int, std::ratio<1, 1000> >::rep[m[K‚Äô {aka ‚Äò[01m[Klong int[m[K‚Äô} [[01;35m[K]8;;https://gcc.gnu.org/onlinedocs/gcc/Warning-Options.html#index-Wformat=-Wformat=]8;;[m[K]
[1.944s]   181 |         printf("MotionPlanner Total Running Time: [01;35m[K%d[m[K  ms \n", [32m[Kelapsed.count()[m[K);
[1.944s]       |                                                   [01;35m[K~^[m[K          [32m[K~~~~~~~~~~~~~~~[m[K
[1.944s]       |                                                    [01;35m[K|[m[K                       [32m[K|[m[K
[1.944s]       |                                                    [01;35m[Kint[m[K                     [32m[Kstd::chrono::duration<long int, std::ratio<1, 1000> >::rep {aka long int}[m[K
[1.944s]       |                                                   [32m[K%ld[m[K
[3.372s] [ 95%] [32m[1mLinking CXX static library libego_planner_lib.a[0m
[3.412s] [ 95%] Built target ego_planner_lib
[3.440s] [ 97%] [32mBuilding CXX object CMakeFiles/motion_plan.dir/src/trajectory_publisher.cpp.o[0m
[5.585s] In file included from [01m[K/home/juchunyu/dog_ws/src/EgoPlanner-ROS2/./planner/plan_manage/include/plan_manage/planner_interface.h:16[m[K,
[5.585s]                  from [01m[K/home/juchunyu/dog_ws/src/EgoPlanner-ROS2/include/trajectory_obstacles_publisher.h:48[m[K,
[5.585s]                  from [01m[K/home/juchunyu/dog_ws/src/EgoPlanner-ROS2/src/trajectory_publisher.cpp:6[m[K:
[5.585s] [01m[K/home/juchunyu/dog_ws/src/EgoPlanner-ROS2/./planner/include/Bspline.h:[m[K In function ‚Äò[01m[Kstd::ostream& ego_planner::[01;32m[Koperator<<[m[K(std::ostream&, const Bspline_<ContainerAllocator>&)[m[K‚Äô:
[5.585s] [01m[K/home/juchunyu/dog_ws/src/EgoPlanner-ROS2/./planner/include/Bspline.h:88:1:[m[K [01;35m[Kwarning: [m[Kno return statement in function returning non-void [[01;35m[K]8;;https://gcc.gnu.org/onlinedocs/gcc/Warning-Options.html#index-Wreturn-type-Wreturn-type]8;;[m[K]
[5.585s]    88 | [01;35m[K}[m[K
[5.585s]       | [01;35m[K^[m[K
[5.592s] [01m[K/home/juchunyu/dog_ws/src/EgoPlanner-ROS2/include/trajectory_obstacles_publisher.h:[m[K At global scope:
[5.592s] [01m[K/home/juchunyu/dog_ws/src/EgoPlanner-ROS2/include/trajectory_obstacles_publisher.h:90:68:[m[K [01;31m[Kerror: [m[Kexpected ‚Äò[01m[K;[m[K‚Äô at end of member declaration
[5.592s]    90 |     void odom_callback(const nav_msgs::msg::Odometry::SharedPtr msg[01;31m[K)[m[K
[5.592s]       |                                                                    [01;31m[K^[m[K
[5.592s]       |                                                                     [32m[K;[m[K
[5.674s] [01m[K/home/juchunyu/dog_ws/src/EgoPlanner-ROS2/src/trajectory_publisher.cpp:[m[K In constructor ‚Äò[01m[KTrajectoryAndObstaclesPublisher::[01;32m[KTrajectoryAndObstaclesPublisher[m[K()[m[K‚Äô:
[5.674s] [01m[K/home/juchunyu/dog_ws/src/EgoPlanner-ROS2/src/trajectory_publisher.cpp:28:36:[m[K [01;31m[Kerror: [m[K‚Äò[01m[KOdomListener[m[K‚Äô has not been declared
[5.674s]    28 |             "odom", 10, std::bind(&[01;31m[KOdomListener[m[K::odom_callback, this, _1));
[5.674s]       |                                    [01;31m[K^~~~~~~~~~~~[m[K
[5.675s] [01m[K/home/juchunyu/dog_ws/src/EgoPlanner-ROS2/src/trajectory_publisher.cpp:28:71:[m[K [01;31m[Kerror: [m[K‚Äò[01m[K_1[m[K‚Äô was not declared in this scope; did you mean ‚Äò[01m[Kstd::placeholders::_1[m[K‚Äô?
[5.675s]    28 |             "odom", 10, std::bind(&OdomListener::odom_callback, this, [01;31m[K_1[m[K));
[5.675s]       |                                                                       [01;31m[K^~[m[K
[5.675s]       |                                                                       [32m[Kstd::placeholders::_1[m[K
[5.675s] In file included from [01m[K/opt/ros/jazzy/include/rclcpp/rclcpp/utilities.hpp:19[m[K,
[5.675s]                  from [01m[K/opt/ros/jazzy/include/rclcpp/rclcpp/logging.hpp:25[m[K,
[5.675s]                  from [01m[K/opt/ros/jazzy/include/rclcpp/rclcpp/copy_all_parameter_values.hpp:27[m[K,
[5.675s]                  from [01m[K/opt/ros/jazzy/include/rclcpp/rclcpp/rclcpp.hpp:171[m[K,
[5.675s]                  from [01m[K/home/juchunyu/dog_ws/src/EgoPlanner-ROS2/include/trajectory_obstacles_publisher.h:30[m[K:
[5.675s] [01m[K/usr/include/c++/13/functional:294:48:[m[K [01;36m[Knote: [m[K‚Äò[01m[Kstd::placeholders::_1[m[K‚Äô declared here
[5.675s]   294 |     _GLIBCXX_PLACEHOLDER const _Placeholder<1> [01;36m[K_1[m[K;
[5.675s]       |                                                [01;36m[K^~[m[K
[5.687s] [01m[K/home/juchunyu/dog_ws/src/EgoPlanner-ROS2/src/trajectory_publisher.cpp:[m[K In member function ‚Äò[01m[Kvoid TrajectoryAndObstaclesPublisher::[01;32m[Kodom_callback[m[K(nav_msgs::msg::Odometry_<std::allocator<void> >::SharedPtr)[m[K‚Äô:
[5.687s] [01m[K/home/juchunyu/dog_ws/src/EgoPlanner-ROS2/src/trajectory_publisher.cpp:75:29:[m[K [01;31m[Kerror: [m[K‚Äò[01m[Kusing nav_msgs::msg::Odometry_<std::allocator<void> >::_pose_type = struct geometry_msgs::msg::PoseWithCovariance_<std::allocator<void> >[m[K‚Äô {aka ‚Äò[01m[Kstruct geometry_msgs::msg::PoseWithCovariance_<std::allocator<void> >[m[K‚Äô} has no member named ‚Äò[01m[Kposition[m[K‚Äô
[5.687s]    75 |     cur_pose_.x = msg->pose.[01;31m[Kposition[m[K.x;
[5.687s]       |                             [01;31m[K^~~~~~~~[m[K
[5.688s] [01m[K/home/juchunyu/dog_ws/src/EgoPlanner-ROS2/src/trajectory_publisher.cpp:76:29:[m[K [01;31m[Kerror: [m[K‚Äò[01m[Kusing nav_msgs::msg::Odometry_<std::allocator<void> >::_pose_type = struct geometry_msgs::msg::PoseWithCovariance_<std::allocator<void> >[m[K‚Äô {aka ‚Äò[01m[Kstruct geometry_msgs::msg::PoseWithCovariance_<std::allocator<void> >[m[K‚Äô} has no member named ‚Äò[01m[Kposition[m[K‚Äô
[5.688s]    76 |     cur_pose_.y = msg->pose.[01;31m[Kposition[m[K.y;
[5.688s]       |                             [01;31m[K^~~~~~~~[m[K
[5.688s] [01m[K/home/juchunyu/dog_ws/src/EgoPlanner-ROS2/src/trajectory_publisher.cpp:80:19:[m[K [01;31m[Kerror: [m[K‚Äò[01m[Kusing nav_msgs::msg::Odometry_<std::allocator<void> >::_pose_type = struct geometry_msgs::msg::PoseWithCovariance_<std::allocator<void> >[m[K‚Äô {aka ‚Äò[01m[Kstruct geometry_msgs::msg::PoseWithCovariance_<std::allocator<void> >[m[K‚Äô} has no member named ‚Äò[01m[Korientation[m[K‚Äô
[5.688s]    80 |         msg->pose.[01;31m[Korientation[m[K.x,
[5.688s]       |                   [01;31m[K^~~~~~~~~~~[m[K
[5.688s] [01m[K/home/juchunyu/dog_ws/src/EgoPlanner-ROS2/src/trajectory_publisher.cpp:81:19:[m[K [01;31m[Kerror: [m[K‚Äò[01m[Kusing nav_msgs::msg::Odometry_<std::allocator<void> >::_pose_type = struct geometry_msgs::msg::PoseWithCovariance_<std::allocator<void> >[m[K‚Äô {aka ‚Äò[01m[Kstruct geometry_msgs::msg::PoseWithCovariance_<std::allocator<void> >[m[K‚Äô} has no member named ‚Äò[01m[Korientation[m[K‚Äô
[5.688s]    81 |         msg->pose.[01;31m[Korientation[m[K.y,
[5.688s]       |                   [01;31m[K^~~~~~~~~~~[m[K
[5.688s] [01m[K/home/juchunyu/dog_ws/src/EgoPlanner-ROS2/src/trajectory_publisher.cpp:82:19:[m[K [01;31m[Kerror: [m[K‚Äò[01m[Kusing nav_msgs::msg::Odometry_<std::allocator<void> >::_pose_type = struct geometry_msgs::msg::PoseWithCovariance_<std::allocator<void> >[m[K‚Äô {aka ‚Äò[01m[Kstruct geometry_msgs::msg::PoseWithCovariance_<std::allocator<void> >[m[K‚Äô} has no member named ‚Äò[01m[Korientation[m[K‚Äô
[5.688s]    82 |         msg->pose.[01;31m[Korientation[m[K.z,
[5.688s]       |                   [01;31m[K^~~~~~~~~~~[m[K
[5.689s] [01m[K/home/juchunyu/dog_ws/src/EgoPlanner-ROS2/src/trajectory_publisher.cpp:83:19:[m[K [01;31m[Kerror: [m[K‚Äò[01m[Kusing nav_msgs::msg::Odometry_<std::allocator<void> >::_pose_type = struct geometry_msgs::msg::PoseWithCovariance_<std::allocator<void> >[m[K‚Äô {aka ‚Äò[01m[Kstruct geometry_msgs::msg::PoseWithCovariance_<std::allocator<void> >[m[K‚Äô} has no member named ‚Äò[01m[Korientation[m[K‚Äô
[5.689s]    83 |         msg->pose.[01;31m[Korientation[m[K.w);
[5.689s]       |                   [01;31m[K^~~~~~~~~~~[m[K
[5.689s] [01m[K/home/juchunyu/dog_ws/src/EgoPlanner-ROS2/src/trajectory_publisher.cpp:92:21:[m[K [01;31m[Kerror: [m[Kredeclaration of ‚Äò[01m[Ktf2::Quaternion q[m[K‚Äô
[5.689s]    92 |     tf2::Quaternion [01;31m[Kq[m[K(
[5.689s]       |                     [01;31m[K^[m[K
[5.689s] [01m[K/home/juchunyu/dog_ws/src/EgoPlanner-ROS2/src/trajectory_publisher.cpp:79:21:[m[K [01;36m[Knote: [m[K‚Äò[01m[Ktf2::Quaternion q[m[K‚Äô previously declared here
[5.689s]    79 |     tf2::Quaternion [01;36m[Kq[m[K(
[5.689s]       |                     [01;36m[K^[m[K
[8.525s] gmake[2]: *** [CMakeFiles/motion_plan.dir/build.make:76ÔºöCMakeFiles/motion_plan.dir/src/trajectory_publisher.cpp.o] ÈîôËØØ 1
[8.525s] gmake[1]: *** [CMakeFiles/Makefile2:701ÔºöCMakeFiles/motion_plan.dir/all] ÈîôËØØ 2
[8.525s] gmake: *** [Makefile:146Ôºöall] ÈîôËØØ 2
[8.527s] Invoked command in '/home/juchunyu/dog_ws/build/ego_planner' returned '2': CMAKE_PREFIX_PATH=${CMAKE_PREFIX_PATH}:/opt/ros/jazzy DEBUGINFOD_URLS=https://debuginfod.ubuntu.com /usr/bin/cmake --build /home/juchunyu/dog_ws/build/ego_planner -- -j16 -l16
